

================================================================
== Vitis HLS Report for 'dynamic_placement_routing_Pipeline_VITIS_LOOP_415_5'
================================================================
* Date:           Wed Jan  3 23:38:59 2024

* Version:        2021.2 (Build 3367213 on Tue Oct 19 02:48:09 MDT 2021)
* Project:        DynMap
* Solution:       solution1 (Vivado IP Flow Target)
* Product family: zynq
* Target device:  xc7z035-ffg676-2


================================================================
== Performance Estimates
================================================================
+ Timing: 
    * Summary: 
    +--------+----------+----------+------------+
    |  Clock |  Target  | Estimated| Uncertainty|
    +--------+----------+----------+------------+
    |ap_clk  |  10.00 ns|  4.526 ns|     2.70 ns|
    +--------+----------+----------+------------+

+ Latency: 
    * Summary: 
    +---------+---------+-----------+----------+-----+-----+---------+
    |  Latency (cycles) |  Latency (absolute)  |  Interval | Pipeline|
    |   min   |   max   |    min    |    max   | min | max |   Type  |
    +---------+---------+-----------+----------+-----+-----+---------+
    |        2|       12|  20.000 ns|  0.120 us|    2|   12|       no|
    +---------+---------+-----------+----------+-----+-----+---------+

    + Detail: 
        * Instance: 
        N/A

        * Loop: 
        +--------------------+---------+---------+----------+-----------+-----------+--------+----------+
        |                    |  Latency (cycles) | Iteration|  Initiation Interval  |  Trip  |          |
        |      Loop Name     |   min   |   max   |  Latency |  achieved |   target  |  Count | Pipelined|
        +--------------------+---------+---------+----------+-----------+-----------+--------+----------+
        |- VITIS_LOOP_415_5  |        0|       10|         2|          1|          1|  0 ~ 10|       yes|
        +--------------------+---------+---------+----------+-----------+-----------+--------+----------+



================================================================
== Utilization Estimates
================================================================
* Summary: 
+-----------------+---------+-----+--------+--------+-----+
|       Name      | BRAM_18K| DSP |   FF   |   LUT  | URAM|
+-----------------+---------+-----+--------+--------+-----+
|DSP              |        -|    -|       -|       -|    -|
|Expression       |        -|    -|       0|      20|    -|
|FIFO             |        -|    -|       -|       -|    -|
|Instance         |        -|    -|       -|       -|    -|
|Memory           |        -|    -|       -|       -|    -|
|Multiplexer      |        -|    -|       -|      54|    -|
|Register         |        -|    -|      23|       -|    -|
+-----------------+---------+-----+--------+--------+-----+
|Total            |        0|    0|      23|      74|    0|
+-----------------+---------+-----+--------+--------+-----+
|Available        |     1000|  900|  343800|  171900|    0|
+-----------------+---------+-----+--------+--------+-----+
|Utilization (%)  |        0|    0|      ~0|      ~0|    0|
+-----------------+---------+-----+--------+--------+-----+

+ Detail: 
    * Instance: 
    N/A

    * DSP: 
    N/A

    * Memory: 
    N/A

    * FIFO: 
    N/A

    * Expression: 
    +----------------------+----------+----+---+----+------------+------------+
    |     Variable Name    | Operation| DSP| FF| LUT| Bitwidth P0| Bitwidth P1|
    +----------------------+----------+----+---+----+------------+------------+
    |add_ln418_fu_131_p2   |         +|   0|  0|   8|           8|           1|
    |i_4_fu_116_p2         |         +|   0|  0|   6|           4|           1|
    |icmp_ln415_fu_110_p2  |      icmp|   0|  0|   4|           8|           8|
    |ap_enable_pp0         |       xor|   0|  0|   2|           1|           2|
    +----------------------+----------+----+---+----+------------+------------+
    |Total                 |          |   0|  0|  20|          21|          12|
    +----------------------+----------+----+---+----+------------+------------+

    * Multiplexer: 
    +---------------------------------+----+-----------+-----+-----------+
    |               Name              | LUT| Input Size| Bits| Total Bits|
    +---------------------------------+----+-----------+-----+-----------+
    |ap_done_int                      |   9|          2|    1|          2|
    |ap_enable_reg_pp0_iter1          |   9|          2|    1|          2|
    |ap_sig_allocacmp_i_3             |   9|          2|    4|          8|
    |ap_sig_allocacmp_inc8028_i_load  |   9|          2|    8|         16|
    |i_fu_42                          |   9|          2|    4|          8|
    |inc8028_i_fu_46                  |   9|          2|    8|         16|
    +---------------------------------+----+-----------+-----+-----------+
    |Total                            |  54|         12|   26|         52|
    +---------------------------------+----+-----------+-----+-----------+

    * Register: 
    +-------------------------+---+----+-----+-----------+
    |           Name          | FF| LUT| Bits| Const Bits|
    +-------------------------+---+----+-----+-----------+
    |ap_CS_fsm                |  1|   0|    1|          0|
    |ap_done_reg              |  1|   0|    1|          0|
    |ap_enable_reg_pp0_iter1  |  1|   0|    1|          0|
    |i_fu_42                  |  4|   0|    4|          0|
    |inc8028_i_fu_46          |  8|   0|    8|          0|
    |inc8028_i_load_reg_170   |  8|   0|    8|          0|
    +-------------------------+---+----+-----+-----------+
    |Total                    | 23|   0|   23|          0|
    +-------------------------+---+----+-----+-----------+



================================================================
== Interface
================================================================
* Summary: 
+-------------------------------------------------------+-----+-----+------------+-----------------------------------------------------+--------------+
|                       RTL Ports                       | Dir | Bits|  Protocol  |                    Source Object                    |    C Type    |
+-------------------------------------------------------+-----+-----+------------+-----------------------------------------------------+--------------+
|ap_clk                                                 |   in|    1|  ap_ctrl_hs|  dynamic_placement_routing_Pipeline_VITIS_LOOP_415_5|  return value|
|ap_rst                                                 |   in|    1|  ap_ctrl_hs|  dynamic_placement_routing_Pipeline_VITIS_LOOP_415_5|  return value|
|ap_start                                               |   in|    1|  ap_ctrl_hs|  dynamic_placement_routing_Pipeline_VITIS_LOOP_415_5|  return value|
|ap_done                                                |  out|    1|  ap_ctrl_hs|  dynamic_placement_routing_Pipeline_VITIS_LOOP_415_5|  return value|
|ap_idle                                                |  out|    1|  ap_ctrl_hs|  dynamic_placement_routing_Pipeline_VITIS_LOOP_415_5|  return value|
|ap_ready                                               |  out|    1|  ap_ctrl_hs|  dynamic_placement_routing_Pipeline_VITIS_LOOP_415_5|  return value|
|curOptPotentialPlacement_wrAddr_load_1                 |   in|    8|     ap_none|               curOptPotentialPlacement_wrAddr_load_1|        scalar|
|add_ln415                                              |   in|    8|     ap_none|                                            add_ln415|        scalar|
|tmp_19                                                 |   in|   60|     ap_none|                                               tmp_19|        scalar|
|allocated_tiles_levels_dynamic_shapes_values_address0  |  out|   11|   ap_memory|         allocated_tiles_levels_dynamic_shapes_values|         array|
|allocated_tiles_levels_dynamic_shapes_values_ce0       |  out|    1|   ap_memory|         allocated_tiles_levels_dynamic_shapes_values|         array|
|allocated_tiles_levels_dynamic_shapes_values_q0        |   in|    4|   ap_memory|         allocated_tiles_levels_dynamic_shapes_values|         array|
|curOptPotentialPlacement_address0                      |  out|    4|   ap_memory|                             curOptPotentialPlacement|         array|
|curOptPotentialPlacement_ce0                           |  out|    1|   ap_memory|                             curOptPotentialPlacement|         array|
|curOptPotentialPlacement_we0                           |  out|    1|   ap_memory|                             curOptPotentialPlacement|         array|
|curOptPotentialPlacement_d0                            |  out|    5|   ap_memory|                             curOptPotentialPlacement|         array|
+-------------------------------------------------------+-----+-----+------------+-----------------------------------------------------+--------------+

============================================================
+ Verbose Summary: Synthesis Manager
============================================================
InlineROM: 1
ExposeGlobal: 0
============================================================
+ Verbose Summary: CDFG Model
============================================================
IsTopModel: 0
ResetActiveHigh: 1
IsCombinational: 2
IsDatapathOnly: 2
HasWiredReturn: 1
HasMFsm: 2
HasVarLatency: 1
IsPipeline: 0
IsRtlPipelined: 0
IsInstanceOverlapped: 0
IsDontTouch: 0
HasImplIP: 0
IsGatedGlobalClock: 0

+ Individual pipeline summary: 
  * Pipeline-0: initiation interval (II) = 1, depth = 2


============================================================
+ Verbose Summary: Schedule
============================================================
* Number of FSM states : 2
* Pipeline : 1
  Pipeline-0 : II = 1, D = 2, States = { 1 2 }
* Dataflow Pipeline: 0

* FSM state transitions: 
1 --> 2 
2 --> 

* FSM state operations: 

State 1 <SV = 0> <Delay = 2.77>
ST_1 : Operation 5 [1/1] (0.00ns)   --->   "%i = alloca i32 1"   --->   Operation 5 'alloca' 'i' <Predicate = true> <Delay = 0.00>
ST_1 : Operation 6 [1/1] (0.00ns)   --->   "%inc8028_i = alloca i32 1"   --->   Operation 6 'alloca' 'inc8028_i' <Predicate = true> <Delay = 0.00>
ST_1 : Operation 7 [1/1] (0.00ns)   --->   "%tmp_19_read = read i60 @_ssdm_op_Read.ap_auto.i60, i60 %tmp_19"   --->   Operation 7 'read' 'tmp_19_read' <Predicate = true> <Delay = 0.00>
ST_1 : Operation 8 [1/1] (0.00ns)   --->   "%add_ln415_read = read i8 @_ssdm_op_Read.ap_auto.i8, i8 %add_ln415"   --->   Operation 8 'read' 'add_ln415_read' <Predicate = true> <Delay = 0.00>
ST_1 : Operation 9 [1/1] (0.00ns)   --->   "%curOptPotentialPlacement_wrAddr_load_1_read = read i8 @_ssdm_op_Read.ap_auto.i8, i8 %curOptPotentialPlacement_wrAddr_load_1"   --->   Operation 9 'read' 'curOptPotentialPlacement_wrAddr_load_1_read' <Predicate = true> <Delay = 0.00>
ST_1 : Operation 10 [1/1] (1.29ns)   --->   "%store_ln0 = store i8 %curOptPotentialPlacement_wrAddr_load_1_read, i8 %inc8028_i"   --->   Operation 10 'store' 'store_ln0' <Predicate = true> <Delay = 1.29>
ST_1 : Operation 11 [1/1] (1.29ns)   --->   "%store_ln0 = store i4 0, i4 %i"   --->   Operation 11 'store' 'store_ln0' <Predicate = true> <Delay = 1.29>
ST_1 : Operation 12 [1/1] (0.00ns)   --->   "%br_ln0 = br void"   --->   Operation 12 'br' 'br_ln0' <Predicate = true> <Delay = 0.00>
ST_1 : Operation 13 [1/1] (0.00ns)   --->   "%i_3 = load i4 %i" [DynMap/DynMap_4HLS.cpp:415]   --->   Operation 13 'load' 'i_3' <Predicate = true> <Delay = 0.00>
ST_1 : Operation 14 [1/1] (0.00ns)   --->   "%inc8028_i_load = load i8 %inc8028_i" [DynMap/DynMap_4HLS.cpp:418]   --->   Operation 14 'load' 'inc8028_i_load' <Predicate = true> <Delay = 0.00>
ST_1 : Operation 15 [1/1] (0.00ns)   --->   "%specpipeline_ln0 = specpipeline void @_ssdm_op_SpecPipeline, i32 4294967295, i32 0, i32 1, i32 0, void @p_str"   --->   Operation 15 'specpipeline' 'specpipeline_ln0' <Predicate = true> <Delay = 0.00>
ST_1 : Operation 16 [1/1] (1.31ns)   --->   "%icmp_ln415 = icmp_eq  i8 %inc8028_i_load, i8 %add_ln415_read" [DynMap/DynMap_4HLS.cpp:415]   --->   Operation 16 'icmp' 'icmp_ln415' <Predicate = true> <Delay = 1.31> <CoreInst = "Cmp">   --->   Core 9 'Cmp' <Latency = 0> <II = 1> <Delay = 1.31> <FuncUnit> <Opcode : 'icmp'> <InPorts = 2> <OutPorts = 1>
ST_1 : Operation 17 [1/1] (0.00ns)   --->   "%empty = speclooptripcount i32 @_ssdm_op_SpecLoopTripCount, i64 0, i64 10, i64 0"   --->   Operation 17 'speclooptripcount' 'empty' <Predicate = true> <Delay = 0.00>
ST_1 : Operation 18 [1/1] (0.99ns)   --->   "%i_4 = add i4 %i_3, i4 1" [DynMap/DynMap_4HLS.cpp:415]   --->   Operation 18 'add' 'i_4' <Predicate = true> <Delay = 0.99> <CoreInst = "Adder">   --->   Core 1 'Adder' <Latency = 0> <II = 1> <Delay = 0.99> <FuncUnit> <Opcode : 'add' 'sub'> <InPorts = 2> <OutPorts = 1>
ST_1 : Operation 19 [1/1] (0.00ns)   --->   "%br_ln415 = br i1 %icmp_ln415, void %.split24, void %._crit_edge.loopexit.i.exitStub" [DynMap/DynMap_4HLS.cpp:415]   --->   Operation 19 'br' 'br_ln415' <Predicate = true> <Delay = 0.00>
ST_1 : Operation 20 [1/1] (0.00ns)   --->   "%tmp_s = bitconcatenate i64 @_ssdm_op_BitConcatenate.i64.i60.i4, i60 %tmp_19_read, i4 %i_3" [DynMap/DynMap_4HLS.cpp:416]   --->   Operation 20 'bitconcatenate' 'tmp_s' <Predicate = (!icmp_ln415)> <Delay = 0.00>
ST_1 : Operation 21 [1/1] (0.00ns)   --->   "%allocated_tiles_levels_dynamic_shapes_values_addr = getelementptr i4 %allocated_tiles_levels_dynamic_shapes_values, i64 0, i64 %tmp_s" [DynMap/DynMap_4HLS.cpp:416]   --->   Operation 21 'getelementptr' 'allocated_tiles_levels_dynamic_shapes_values_addr' <Predicate = (!icmp_ln415)> <Delay = 0.00>
ST_1 : Operation 22 [2/2] (2.77ns)   --->   "%retrievedTile = load i11 %allocated_tiles_levels_dynamic_shapes_values_addr" [DynMap/DynMap_4HLS.cpp:416]   --->   Operation 22 'load' 'retrievedTile' <Predicate = (!icmp_ln415)> <Delay = 2.77> <CoreInst = "ROM">   --->   Core 95 'ROM' <Latency = 1> <II = 1> <Delay = 2.77> <Storage> <Opcode : 'load'> <Ports = 0> <Width = 4> <Depth = 1280> <ROM>
ST_1 : Operation 23 [1/1] (1.30ns)   --->   "%add_ln418 = add i8 %inc8028_i_load, i8 1" [DynMap/DynMap_4HLS.cpp:418]   --->   Operation 23 'add' 'add_ln418' <Predicate = (!icmp_ln415)> <Delay = 1.30> <CoreInst = "Adder">   --->   Core 1 'Adder' <Latency = 0> <II = 1> <Delay = 0.99> <FuncUnit> <Opcode : 'add' 'sub'> <InPorts = 2> <OutPorts = 1>
ST_1 : Operation 24 [1/1] (1.29ns)   --->   "%store_ln418 = store i8 %add_ln418, i8 %inc8028_i" [DynMap/DynMap_4HLS.cpp:418]   --->   Operation 24 'store' 'store_ln418' <Predicate = (!icmp_ln415)> <Delay = 1.29>
ST_1 : Operation 25 [1/1] (1.29ns)   --->   "%store_ln415 = store i4 %i_4, i4 %i" [DynMap/DynMap_4HLS.cpp:415]   --->   Operation 25 'store' 'store_ln415' <Predicate = (!icmp_ln415)> <Delay = 1.29>
ST_1 : Operation 33 [1/1] (0.00ns)   --->   "%ret_ln0 = ret"   --->   Operation 33 'ret' 'ret_ln0' <Predicate = (icmp_ln415)> <Delay = 0.00>

State 2 <SV = 1> <Delay = 4.52>
ST_2 : Operation 26 [1/1] (0.00ns)   --->   "%specloopname_ln415 = specloopname void @_ssdm_op_SpecLoopName, void @empty_44" [DynMap/DynMap_4HLS.cpp:415]   --->   Operation 26 'specloopname' 'specloopname_ln415' <Predicate = true> <Delay = 0.00>
ST_2 : Operation 27 [1/2] (2.77ns)   --->   "%retrievedTile = load i11 %allocated_tiles_levels_dynamic_shapes_values_addr" [DynMap/DynMap_4HLS.cpp:416]   --->   Operation 27 'load' 'retrievedTile' <Predicate = true> <Delay = 2.77> <CoreInst = "ROM">   --->   Core 95 'ROM' <Latency = 1> <II = 1> <Delay = 2.77> <Storage> <Opcode : 'load'> <Ports = 0> <Width = 4> <Depth = 1280> <ROM>
ST_2 : Operation 28 [1/1] (0.00ns)   --->   "%zext_ln375 = zext i4 %retrievedTile" [DynMap/DynMap_4HLS.cpp:375]   --->   Operation 28 'zext' 'zext_ln375' <Predicate = true> <Delay = 0.00>
ST_2 : Operation 29 [1/1] (0.00ns)   --->   "%zext_ln417 = zext i8 %inc8028_i_load" [DynMap/DynMap_4HLS.cpp:417]   --->   Operation 29 'zext' 'zext_ln417' <Predicate = true> <Delay = 0.00>
ST_2 : Operation 30 [1/1] (0.00ns)   --->   "%curOptPotentialPlacement_addr = getelementptr i5 %curOptPotentialPlacement, i64 0, i64 %zext_ln417" [DynMap/DynMap_4HLS.cpp:417]   --->   Operation 30 'getelementptr' 'curOptPotentialPlacement_addr' <Predicate = true> <Delay = 0.00>
ST_2 : Operation 31 [1/1] (1.75ns)   --->   "%store_ln417 = store i5 %zext_ln375, i4 %curOptPotentialPlacement_addr" [DynMap/DynMap_4HLS.cpp:417]   --->   Operation 31 'store' 'store_ln417' <Predicate = true> <Delay = 1.75> <CoreInst = "RAM">   --->   Core 82 'RAM' <Latency = 1> <II = 1> <Delay = 1.75> <Storage> <Opcode : 'load' 'store'> <Ports = 2> <Width = 5> <Depth = 16> <RAM>
ST_2 : Operation 32 [1/1] (0.00ns)   --->   "%br_ln0 = br void"   --->   Operation 32 'br' 'br_ln0' <Predicate = true> <Delay = 0.00>


============================================================
+ Verbose Summary: Binding
============================================================
STG Binding: 
---------------- STG Properties BEGIN ----------------
- Is combinational: 0
- Is one-state seq: 0
- Is datapath-only: 0
- Is pipelined: 0
- Is top level: 0
Port [ Return ] is wired: 1; IO mode=ap_ctrl_hs:ce=0
Port [ curOptPotentialPlacement_wrAddr_load_1]:  wired=1; compound=0; hidden=0; nouse=0; global=0; static=0; extern=0; dir=0; type=0; pingpong=0; private_global=0; IO mode=ap_none:ce=0
Port [ add_ln415]:  wired=1; compound=0; hidden=0; nouse=0; global=0; static=0; extern=0; dir=0; type=0; pingpong=0; private_global=0; IO mode=ap_none:ce=0
Port [ tmp_19]:  wired=1; compound=0; hidden=0; nouse=0; global=0; static=0; extern=0; dir=0; type=0; pingpong=0; private_global=0; IO mode=ap_none:ce=0
Port [ allocated_tiles_levels_dynamic_shapes_values]:  wired=1; compound=1; hidden=0; nouse=0; global=1; static=1; extern=0; dir=0; type=1; pingpong=0; private_global=0; MemPort=[1]; IO mode=ap_memory:ce=0
Port [ curOptPotentialPlacement]:  wired=1; compound=1; hidden=0; nouse=0; global=1; static=1; extern=0; dir=1; type=1; pingpong=0; private_global=0; MemPort=[03]; IO mode=ap_memory:ce=0
---------------- STG Properties END ------------------

---------------- Datapath Model BEGIN ----------------

<LifeTime>
<method=bitvector/>
i                                                 (alloca           ) [ 010]
inc8028_i                                         (alloca           ) [ 010]
tmp_19_read                                       (read             ) [ 000]
add_ln415_read                                    (read             ) [ 000]
curOptPotentialPlacement_wrAddr_load_1_read       (read             ) [ 000]
store_ln0                                         (store            ) [ 000]
store_ln0                                         (store            ) [ 000]
br_ln0                                            (br               ) [ 000]
i_3                                               (load             ) [ 000]
inc8028_i_load                                    (load             ) [ 011]
specpipeline_ln0                                  (specpipeline     ) [ 000]
icmp_ln415                                        (icmp             ) [ 010]
empty                                             (speclooptripcount) [ 000]
i_4                                               (add              ) [ 000]
br_ln415                                          (br               ) [ 000]
tmp_s                                             (bitconcatenate   ) [ 000]
allocated_tiles_levels_dynamic_shapes_values_addr (getelementptr    ) [ 011]
add_ln418                                         (add              ) [ 000]
store_ln418                                       (store            ) [ 000]
store_ln415                                       (store            ) [ 000]
specloopname_ln415                                (specloopname     ) [ 000]
retrievedTile                                     (load             ) [ 000]
zext_ln375                                        (zext             ) [ 000]
zext_ln417                                        (zext             ) [ 000]
curOptPotentialPlacement_addr                     (getelementptr    ) [ 000]
store_ln417                                       (store            ) [ 000]
br_ln0                                            (br               ) [ 000]
ret_ln0                                           (ret              ) [ 000]
</LifeTime>

<model>

<comp_list>
<comp id="0" class="1000" name="curOptPotentialPlacement_wrAddr_load_1">
<pin_list>
<pin id="1" dir="1" index="0" bw="1" slack="0"/>
</pin_list>
<bind>
<StgValue><ssdm name="curOptPotentialPlacement_wrAddr_load_1"/></StgValue>
</bind>
</comp>

<comp id="2" class="1000" name="add_ln415">
<pin_list>
<pin id="3" dir="1" index="0" bw="1" slack="0"/>
</pin_list>
<bind>
<StgValue><ssdm name="add_ln415"/></StgValue>
</bind>
</comp>

<comp id="4" class="1000" name="tmp_19">
<pin_list>
<pin id="5" dir="1" index="0" bw="1" slack="0"/>
</pin_list>
<bind>
<StgValue><ssdm name="tmp_19"/></StgValue>
</bind>
</comp>

<comp id="6" class="1000" name="allocated_tiles_levels_dynamic_shapes_values">
<pin_list>
<pin id="7" dir="1" index="0" bw="1" slack="0"/>
</pin_list>
<bind>
<StgValue><ssdm name="allocated_tiles_levels_dynamic_shapes_values"/><MemPortTyVec>1 </MemPortTyVec>
</StgValue>
</bind>
</comp>

<comp id="8" class="1000" name="curOptPotentialPlacement">
<pin_list>
<pin id="9" dir="1" index="0" bw="1" slack="0"/>
</pin_list>
<bind>
<StgValue><ssdm name="curOptPotentialPlacement"/><MemPortTyVec>0 3 </MemPortTyVec>
</StgValue>
</bind>
</comp>

<comp id="10" class="1001" name="const_10">
<pin_list>
<pin id="11" dir="1" index="0" bw="1" slack="0"/>
</pin_list>
<bind>
<StgValue><ssdm name=""/></StgValue>
</bind>
</comp>

<comp id="12" class="1001" name="const_12">
<pin_list>
<pin id="13" dir="1" index="0" bw="1" slack="0"/>
</pin_list>
<bind>
<StgValue><ssdm name="_ssdm_op_Read.ap_auto.i60"/></StgValue>
</bind>
</comp>

<comp id="14" class="1001" name="const_14">
<pin_list>
<pin id="15" dir="1" index="0" bw="1" slack="0"/>
</pin_list>
<bind>
<StgValue><ssdm name="_ssdm_op_Read.ap_auto.i8"/></StgValue>
</bind>
</comp>

<comp id="16" class="1001" name="const_16">
<pin_list>
<pin id="17" dir="1" index="0" bw="1" slack="0"/>
</pin_list>
<bind>
<StgValue><ssdm name=""/></StgValue>
</bind>
</comp>

<comp id="18" class="1001" name="const_18">
<pin_list>
<pin id="19" dir="1" index="0" bw="1" slack="2147483647"/>
</pin_list>
<bind>
<StgValue><ssdm name="_ssdm_op_SpecPipeline"/></StgValue>
</bind>
</comp>

<comp id="20" class="1001" name="const_20">
<pin_list>
<pin id="21" dir="1" index="0" bw="1" slack="2147483647"/>
</pin_list>
<bind>
<StgValue><ssdm name=""/></StgValue>
</bind>
</comp>

<comp id="22" class="1001" name="const_22">
<pin_list>
<pin id="23" dir="1" index="0" bw="1" slack="2147483647"/>
</pin_list>
<bind>
<StgValue><ssdm name=""/></StgValue>
</bind>
</comp>

<comp id="24" class="1001" name="const_24">
<pin_list>
<pin id="25" dir="1" index="0" bw="1" slack="2147483647"/>
</pin_list>
<bind>
<StgValue><ssdm name="p_str"/></StgValue>
</bind>
</comp>

<comp id="26" class="1001" name="const_26">
<pin_list>
<pin id="27" dir="1" index="0" bw="1" slack="2147483647"/>
</pin_list>
<bind>
<StgValue><ssdm name="_ssdm_op_SpecLoopTripCount"/></StgValue>
</bind>
</comp>

<comp id="28" class="1001" name="const_28">
<pin_list>
<pin id="29" dir="1" index="0" bw="1" slack="0"/>
</pin_list>
<bind>
<StgValue><ssdm name=""/></StgValue>
</bind>
</comp>

<comp id="30" class="1001" name="const_30">
<pin_list>
<pin id="31" dir="1" index="0" bw="1" slack="2147483647"/>
</pin_list>
<bind>
<StgValue><ssdm name=""/></StgValue>
</bind>
</comp>

<comp id="32" class="1001" name="const_32">
<pin_list>
<pin id="33" dir="1" index="0" bw="1" slack="0"/>
</pin_list>
<bind>
<StgValue><ssdm name=""/></StgValue>
</bind>
</comp>

<comp id="34" class="1001" name="const_34">
<pin_list>
<pin id="35" dir="1" index="0" bw="1" slack="0"/>
</pin_list>
<bind>
<StgValue><ssdm name="_ssdm_op_BitConcatenate.i64.i60.i4"/></StgValue>
</bind>
</comp>

<comp id="36" class="1001" name="const_36">
<pin_list>
<pin id="37" dir="1" index="0" bw="1" slack="0"/>
</pin_list>
<bind>
<StgValue><ssdm name=""/></StgValue>
</bind>
</comp>

<comp id="38" class="1001" name="const_38">
<pin_list>
<pin id="39" dir="1" index="0" bw="1" slack="2147483647"/>
</pin_list>
<bind>
<StgValue><ssdm name="_ssdm_op_SpecLoopName"/></StgValue>
</bind>
</comp>

<comp id="40" class="1001" name="const_40">
<pin_list>
<pin id="41" dir="1" index="0" bw="1" slack="2147483647"/>
</pin_list>
<bind>
<StgValue><ssdm name="empty_44"/></StgValue>
</bind>
</comp>

<comp id="42" class="1004" name="i_fu_42">
<pin_list>
<pin id="43" dir="0" index="0" bw="1" slack="0"/>
<pin id="44" dir="1" index="1" bw="4" slack="0"/>
</pin_list>
<bind>
<opcode="alloca(26) " fcode="alloca"/>
<opset="i/1 "/>
</bind>
</comp>

<comp id="46" class="1004" name="inc8028_i_fu_46">
<pin_list>
<pin id="47" dir="0" index="0" bw="1" slack="0"/>
<pin id="48" dir="1" index="1" bw="8" slack="0"/>
</pin_list>
<bind>
<opcode="alloca(26) " fcode="alloca"/>
<opset="inc8028_i/1 "/>
</bind>
</comp>

<comp id="50" class="1004" name="tmp_19_read_read_fu_50">
<pin_list>
<pin id="51" dir="0" index="0" bw="60" slack="0"/>
<pin id="52" dir="0" index="1" bw="60" slack="0"/>
<pin id="53" dir="1" index="2" bw="60" slack="0"/>
</pin_list>
<bind>
<opcode="read(1150) " fcode="read"/>
<opset="tmp_19_read/1 "/>
</bind>
</comp>

<comp id="56" class="1004" name="add_ln415_read_read_fu_56">
<pin_list>
<pin id="57" dir="0" index="0" bw="8" slack="0"/>
<pin id="58" dir="0" index="1" bw="8" slack="0"/>
<pin id="59" dir="1" index="2" bw="8" slack="0"/>
</pin_list>
<bind>
<opcode="read(1150) " fcode="read"/>
<opset="add_ln415_read/1 "/>
</bind>
</comp>

<comp id="62" class="1004" name="curOptPotentialPlacement_wrAddr_load_1_read_read_fu_62">
<pin_list>
<pin id="63" dir="0" index="0" bw="8" slack="0"/>
<pin id="64" dir="0" index="1" bw="8" slack="0"/>
<pin id="65" dir="1" index="2" bw="8" slack="0"/>
</pin_list>
<bind>
<opcode="read(1150) " fcode="read"/>
<opset="curOptPotentialPlacement_wrAddr_load_1_read/1 "/>
</bind>
</comp>

<comp id="68" class="1004" name="allocated_tiles_levels_dynamic_shapes_values_addr_gep_fu_68">
<pin_list>
<pin id="69" dir="0" index="0" bw="4" slack="0"/>
<pin id="70" dir="0" index="1" bw="1" slack="0"/>
<pin id="71" dir="0" index="2" bw="64" slack="0"/>
<pin id="72" dir="1" index="3" bw="11" slack="0"/>
</pin_list>
<bind>
<opcode="getelementptr(29) " fcode="getelementptr"/>
<opset="allocated_tiles_levels_dynamic_shapes_values_addr/1 "/>
</bind>
</comp>

<comp id="75" class="1004" name="grp_access_fu_75">
<pin_list>
<pin id="76" dir="0" index="0" bw="11" slack="0"/>
<pin id="77" dir="0" index="1" bw="4" slack="2147483647"/>
<pin id="78" dir="0" index="2" bw="0" slack="2147483647"/>
<pin id="79" dir="1" index="3" bw="4" slack="0"/>
</pin_list>
<bind>
<opcode="load(27) " fcode="load"/>
<opset="retrievedTile/1 "/>
</bind>
</comp>

<comp id="81" class="1004" name="curOptPotentialPlacement_addr_gep_fu_81">
<pin_list>
<pin id="82" dir="0" index="0" bw="5" slack="0"/>
<pin id="83" dir="0" index="1" bw="1" slack="0"/>
<pin id="84" dir="0" index="2" bw="8" slack="0"/>
<pin id="85" dir="1" index="3" bw="4" slack="0"/>
</pin_list>
<bind>
<opcode="getelementptr(29) " fcode="getelementptr"/>
<opset="curOptPotentialPlacement_addr/2 "/>
</bind>
</comp>

<comp id="88" class="1004" name="store_ln417_access_fu_88">
<pin_list>
<pin id="89" dir="0" index="0" bw="4" slack="0"/>
<pin id="90" dir="0" index="1" bw="5" slack="0"/>
<pin id="91" dir="0" index="2" bw="0" slack="2147483647"/>
<pin id="92" dir="1" index="3" bw="5" slack="2147483647"/>
</pin_list>
<bind>
<opcode="store(28) " fcode="store"/>
<opset="store_ln417/2 "/>
</bind>
</comp>

<comp id="94" class="1004" name="store_ln0_store_fu_94">
<pin_list>
<pin id="95" dir="0" index="0" bw="8" slack="0"/>
<pin id="96" dir="0" index="1" bw="8" slack="0"/>
<pin id="97" dir="1" index="2" bw="0" slack="2147483647"/>
</pin_list>
<bind>
<opcode="store(28) " fcode="store"/>
<opset="store_ln0/1 "/>
</bind>
</comp>

<comp id="99" class="1004" name="store_ln0_store_fu_99">
<pin_list>
<pin id="100" dir="0" index="0" bw="1" slack="0"/>
<pin id="101" dir="0" index="1" bw="4" slack="0"/>
<pin id="102" dir="1" index="2" bw="0" slack="2147483647"/>
</pin_list>
<bind>
<opcode="store(28) " fcode="store"/>
<opset="store_ln0/1 "/>
</bind>
</comp>

<comp id="104" class="1004" name="i_3_load_fu_104">
<pin_list>
<pin id="105" dir="0" index="0" bw="4" slack="0"/>
<pin id="106" dir="1" index="1" bw="4" slack="0"/>
</pin_list>
<bind>
<opcode="load(27) " fcode="load"/>
<opset="i_3/1 "/>
</bind>
</comp>

<comp id="107" class="1004" name="inc8028_i_load_load_fu_107">
<pin_list>
<pin id="108" dir="0" index="0" bw="8" slack="0"/>
<pin id="109" dir="1" index="1" bw="8" slack="0"/>
</pin_list>
<bind>
<opcode="load(27) " fcode="load"/>
<opset="inc8028_i_load/1 "/>
</bind>
</comp>

<comp id="110" class="1004" name="icmp_ln415_fu_110">
<pin_list>
<pin id="111" dir="0" index="0" bw="8" slack="0"/>
<pin id="112" dir="0" index="1" bw="8" slack="0"/>
<pin id="113" dir="1" index="2" bw="1" slack="2147483647"/>
</pin_list>
<bind>
<opcode="icmp(45) " fcode="icmp"/>
<opset="icmp_ln415/1 "/>
</bind>
</comp>

<comp id="116" class="1004" name="i_4_fu_116">
<pin_list>
<pin id="117" dir="0" index="0" bw="4" slack="0"/>
<pin id="118" dir="0" index="1" bw="1" slack="0"/>
<pin id="119" dir="1" index="2" bw="4" slack="0"/>
</pin_list>
<bind>
<opcode="add(8) " fcode="add"/>
<opset="i_4/1 "/>
</bind>
</comp>

<comp id="122" class="1004" name="tmp_s_fu_122">
<pin_list>
<pin id="123" dir="0" index="0" bw="64" slack="0"/>
<pin id="124" dir="0" index="1" bw="60" slack="0"/>
<pin id="125" dir="0" index="2" bw="4" slack="0"/>
<pin id="126" dir="1" index="3" bw="64" slack="0"/>
</pin_list>
<bind>
<opcode="bitconcatenate(1004) " fcode="bitconcatenate"/>
<opset="tmp_s/1 "/>
</bind>
</comp>

<comp id="131" class="1004" name="add_ln418_fu_131">
<pin_list>
<pin id="132" dir="0" index="0" bw="8" slack="0"/>
<pin id="133" dir="0" index="1" bw="1" slack="0"/>
<pin id="134" dir="1" index="2" bw="8" slack="0"/>
</pin_list>
<bind>
<opcode="add(8) " fcode="add"/>
<opset="add_ln418/1 "/>
</bind>
</comp>

<comp id="137" class="1004" name="store_ln418_store_fu_137">
<pin_list>
<pin id="138" dir="0" index="0" bw="8" slack="0"/>
<pin id="139" dir="0" index="1" bw="8" slack="0"/>
<pin id="140" dir="1" index="2" bw="0" slack="2147483647"/>
</pin_list>
<bind>
<opcode="store(28) " fcode="store"/>
<opset="store_ln418/1 "/>
</bind>
</comp>

<comp id="142" class="1004" name="store_ln415_store_fu_142">
<pin_list>
<pin id="143" dir="0" index="0" bw="4" slack="0"/>
<pin id="144" dir="0" index="1" bw="4" slack="0"/>
<pin id="145" dir="1" index="2" bw="0" slack="2147483647"/>
</pin_list>
<bind>
<opcode="store(28) " fcode="store"/>
<opset="store_ln415/1 "/>
</bind>
</comp>

<comp id="147" class="1004" name="zext_ln375_fu_147">
<pin_list>
<pin id="148" dir="0" index="0" bw="4" slack="0"/>
<pin id="149" dir="1" index="1" bw="5" slack="0"/>
</pin_list>
<bind>
<opcode="zext(34) " fcode="zext"/>
<opset="zext_ln375/2 "/>
</bind>
</comp>

<comp id="152" class="1004" name="zext_ln417_fu_152">
<pin_list>
<pin id="153" dir="0" index="0" bw="8" slack="1"/>
<pin id="154" dir="1" index="1" bw="64" slack="0"/>
</pin_list>
<bind>
<opcode="zext(34) " fcode="zext"/>
<opset="zext_ln417/2 "/>
</bind>
</comp>

<comp id="156" class="1005" name="i_reg_156">
<pin_list>
<pin id="157" dir="0" index="0" bw="4" slack="0"/>
<pin id="158" dir="1" index="1" bw="4" slack="0"/>
</pin_list>
<bind>
<opset="i "/>
</bind>
</comp>

<comp id="163" class="1005" name="inc8028_i_reg_163">
<pin_list>
<pin id="164" dir="0" index="0" bw="8" slack="0"/>
<pin id="165" dir="1" index="1" bw="8" slack="0"/>
</pin_list>
<bind>
<opset="inc8028_i "/>
</bind>
</comp>

<comp id="170" class="1005" name="inc8028_i_load_reg_170">
<pin_list>
<pin id="171" dir="0" index="0" bw="8" slack="1"/>
<pin id="172" dir="1" index="1" bw="8" slack="1"/>
</pin_list>
<bind>
<opset="inc8028_i_load "/>
</bind>
</comp>

<comp id="178" class="1005" name="allocated_tiles_levels_dynamic_shapes_values_addr_reg_178">
<pin_list>
<pin id="179" dir="0" index="0" bw="11" slack="1"/>
<pin id="180" dir="1" index="1" bw="11" slack="1"/>
</pin_list>
<bind>
<opset="allocated_tiles_levels_dynamic_shapes_values_addr "/>
</bind>
</comp>

</comp_list>

<net_list>
<net id="45"><net_src comp="10" pin="0"/><net_sink comp="42" pin=0"/></net>

<net id="49"><net_src comp="10" pin="0"/><net_sink comp="46" pin=0"/></net>

<net id="54"><net_src comp="12" pin="0"/><net_sink comp="50" pin=0"/></net>

<net id="55"><net_src comp="4" pin="0"/><net_sink comp="50" pin=1"/></net>

<net id="60"><net_src comp="14" pin="0"/><net_sink comp="56" pin=0"/></net>

<net id="61"><net_src comp="2" pin="0"/><net_sink comp="56" pin=1"/></net>

<net id="66"><net_src comp="14" pin="0"/><net_sink comp="62" pin=0"/></net>

<net id="67"><net_src comp="0" pin="0"/><net_sink comp="62" pin=1"/></net>

<net id="73"><net_src comp="6" pin="0"/><net_sink comp="68" pin=0"/></net>

<net id="74"><net_src comp="28" pin="0"/><net_sink comp="68" pin=1"/></net>

<net id="80"><net_src comp="68" pin="3"/><net_sink comp="75" pin=0"/></net>

<net id="86"><net_src comp="8" pin="0"/><net_sink comp="81" pin=0"/></net>

<net id="87"><net_src comp="28" pin="0"/><net_sink comp="81" pin=1"/></net>

<net id="93"><net_src comp="81" pin="3"/><net_sink comp="88" pin=0"/></net>

<net id="98"><net_src comp="62" pin="2"/><net_sink comp="94" pin=0"/></net>

<net id="103"><net_src comp="16" pin="0"/><net_sink comp="99" pin=0"/></net>

<net id="114"><net_src comp="107" pin="1"/><net_sink comp="110" pin=0"/></net>

<net id="115"><net_src comp="56" pin="2"/><net_sink comp="110" pin=1"/></net>

<net id="120"><net_src comp="104" pin="1"/><net_sink comp="116" pin=0"/></net>

<net id="121"><net_src comp="32" pin="0"/><net_sink comp="116" pin=1"/></net>

<net id="127"><net_src comp="34" pin="0"/><net_sink comp="122" pin=0"/></net>

<net id="128"><net_src comp="50" pin="2"/><net_sink comp="122" pin=1"/></net>

<net id="129"><net_src comp="104" pin="1"/><net_sink comp="122" pin=2"/></net>

<net id="130"><net_src comp="122" pin="3"/><net_sink comp="68" pin=2"/></net>

<net id="135"><net_src comp="107" pin="1"/><net_sink comp="131" pin=0"/></net>

<net id="136"><net_src comp="36" pin="0"/><net_sink comp="131" pin=1"/></net>

<net id="141"><net_src comp="131" pin="2"/><net_sink comp="137" pin=0"/></net>

<net id="146"><net_src comp="116" pin="2"/><net_sink comp="142" pin=0"/></net>

<net id="150"><net_src comp="75" pin="3"/><net_sink comp="147" pin=0"/></net>

<net id="151"><net_src comp="147" pin="1"/><net_sink comp="88" pin=1"/></net>

<net id="155"><net_src comp="152" pin="1"/><net_sink comp="81" pin=2"/></net>

<net id="159"><net_src comp="42" pin="1"/><net_sink comp="156" pin=0"/></net>

<net id="160"><net_src comp="156" pin="1"/><net_sink comp="99" pin=1"/></net>

<net id="161"><net_src comp="156" pin="1"/><net_sink comp="104" pin=0"/></net>

<net id="162"><net_src comp="156" pin="1"/><net_sink comp="142" pin=1"/></net>

<net id="166"><net_src comp="46" pin="1"/><net_sink comp="163" pin=0"/></net>

<net id="167"><net_src comp="163" pin="1"/><net_sink comp="94" pin=1"/></net>

<net id="168"><net_src comp="163" pin="1"/><net_sink comp="107" pin=0"/></net>

<net id="169"><net_src comp="163" pin="1"/><net_sink comp="137" pin=1"/></net>

<net id="173"><net_src comp="107" pin="1"/><net_sink comp="170" pin=0"/></net>

<net id="174"><net_src comp="170" pin="1"/><net_sink comp="152" pin=0"/></net>

<net id="181"><net_src comp="68" pin="3"/><net_sink comp="178" pin=0"/></net>

<net id="182"><net_src comp="178" pin="1"/><net_sink comp="75" pin=0"/></net>

</net_list>

</model> 
---------------- Datapath Model END ------------------

* FSMD analyzer results:
  - Output states:
	Port: allocated_tiles_levels_dynamic_shapes_values | {}
	Port: curOptPotentialPlacement | {2 }
 - Input state : 
	Port: dynamic_placement_routing_Pipeline_VITIS_LOOP_415_5 : curOptPotentialPlacement_wrAddr_load_1 | {1 }
	Port: dynamic_placement_routing_Pipeline_VITIS_LOOP_415_5 : add_ln415 | {1 }
	Port: dynamic_placement_routing_Pipeline_VITIS_LOOP_415_5 : tmp_19 | {1 }
	Port: dynamic_placement_routing_Pipeline_VITIS_LOOP_415_5 : allocated_tiles_levels_dynamic_shapes_values | {1 2 }
	Port: dynamic_placement_routing_Pipeline_VITIS_LOOP_415_5 : curOptPotentialPlacement | {}
  - Chain level:
	State 1
		store_ln0 : 1
		i_3 : 1
		inc8028_i_load : 1
		icmp_ln415 : 2
		i_4 : 2
		br_ln415 : 3
		tmp_s : 2
		allocated_tiles_levels_dynamic_shapes_values_addr : 3
		retrievedTile : 4
		add_ln418 : 2
		store_ln418 : 3
		store_ln415 : 3
	State 2
		zext_ln375 : 1
		curOptPotentialPlacement_addr : 1
		store_ln417 : 2


============================================================
+ Verbose Summary: Datapath Resource usage 
============================================================

* Functional unit list:
|----------|--------------------------------------------------------|---------|---------|
| Operation|                     Functional Unit                    |    FF   |   LUT   |
|----------|--------------------------------------------------------|---------|---------|
|    add   |                       i_4_fu_116                       |    0    |    6    |
|          |                    add_ln418_fu_131                    |    0    |    8    |
|----------|--------------------------------------------------------|---------|---------|
|   icmp   |                    icmp_ln415_fu_110                   |    0    |    4    |
|----------|--------------------------------------------------------|---------|---------|
|          |                 tmp_19_read_read_fu_50                 |    0    |    0    |
|   read   |                add_ln415_read_read_fu_56               |    0    |    0    |
|          | curOptPotentialPlacement_wrAddr_load_1_read_read_fu_62 |    0    |    0    |
|----------|--------------------------------------------------------|---------|---------|
|bitconcatenate|                      tmp_s_fu_122                      |    0    |    0    |
|----------|--------------------------------------------------------|---------|---------|
|   zext   |                    zext_ln375_fu_147                   |    0    |    0    |
|          |                    zext_ln417_fu_152                   |    0    |    0    |
|----------|--------------------------------------------------------|---------|---------|
|   Total  |                                                        |    0    |    18   |
|----------|--------------------------------------------------------|---------|---------|

Memories:
N/A

* Register list:
+---------------------------------------------------------+--------+
|                                                         |   FF   |
+---------------------------------------------------------+--------+
|allocated_tiles_levels_dynamic_shapes_values_addr_reg_178|   11   |
|                        i_reg_156                        |    4   |
|                  inc8028_i_load_reg_170                 |    8   |
|                    inc8028_i_reg_163                    |    8   |
+---------------------------------------------------------+--------+
|                          Total                          |   31   |
+---------------------------------------------------------+--------+

* Multiplexer (MUX) list: 
|------------------|------|------|------|--------||---------||---------|
|       Comp       |  Pin | Size |  BW  | S x BW ||  Delay  ||   LUT   |
|------------------|------|------|------|--------||---------||---------|
| grp_access_fu_75 |  p0  |   2  |  11  |   22   ||    9    |
|------------------|------|------|------|--------||---------||---------|
|       Total      |      |      |      |   22   ||  1.298  ||    9    |
|------------------|------|------|------|--------||---------||---------|



* Summary:
+-----------+--------+--------+--------+
|           |  Delay |   FF   |   LUT  |
+-----------+--------+--------+--------+
|  Function |    -   |    0   |   18   |
|   Memory  |    -   |    -   |    -   |
|Multiplexer|    1   |    -   |    9   |
|  Register |    -   |   31   |    -   |
+-----------+--------+--------+--------+
|   Total   |    1   |   31   |   27   |
+-----------+--------+--------+--------+
