

================================================================
== Vitis HLS Report for 'dynamic_placement_routing_Pipeline_VITIS_LOOP_618_5'
================================================================
* Date:           Wed Jan 17 08:24:14 2024

* Version:        2021.2 (Build 3367213 on Tue Oct 19 02:48:09 MDT 2021)
* Project:        DynMap
* Solution:       solution1 (Vivado IP Flow Target)
* Product family: zynq
* Target device:  xc7z035-ffg676-2


================================================================
== Performance Estimates
================================================================
+ Timing: 
    * Summary: 
    +--------+----------+----------+------------+
    |  Clock |  Target  | Estimated| Uncertainty|
    +--------+----------+----------+------------+
    |ap_clk  |  10.00 ns|  5.383 ns|     2.70 ns|
    +--------+----------+----------+------------+

+ Latency: 
    * Summary: 
    +---------+---------+-----------+----------+-----+-----+---------+
    |  Latency (cycles) |  Latency (absolute)  |  Interval | Pipeline|
    |   min   |   max   |    min    |    max   | min | max |   Type  |
    +---------+---------+-----------+----------+-----+-----+---------+
    |        5|       24|  50.000 ns|  0.240 us|    5|   24|       no|
    +---------+---------+-----------+----------+-----+-----+---------+

    + Detail: 
        * Instance: 
        N/A

        * Loop: 
        +--------------------+---------+---------+----------+-----------+-----------+--------+----------+
        |                    |  Latency (cycles) | Iteration|  Initiation Interval  |  Trip  |          |
        |      Loop Name     |   min   |   max   |  Latency |  achieved |   target  |  Count | Pipelined|
        +--------------------+---------+---------+----------+-----------+-----------+--------+----------+
        |- VITIS_LOOP_618_5  |        3|       21|         2|          2|          1|  1 ~ 10|       yes|
        +--------------------+---------+---------+----------+-----------+-----------+--------+----------+

============================================================
+ Verbose Summary: Synthesis Manager
============================================================
InlineROM: 1
ExposeGlobal: 0
============================================================
+ Verbose Summary: CDFG Model
============================================================
IsTopModel: 0
ResetActiveHigh: 1
IsCombinational: 0
IsDatapathOnly: 0
HasWiredReturn: 1
HasMFsm: 2
HasVarLatency: 1
IsPipeline: 0
IsRtlPipelined: 0
IsInstanceOverlapped: 0
IsDontTouch: 0
HasImplIP: 0
IsGatedGlobalClock: 0

+ Individual pipeline summary: 
  * Pipeline-0: initiation interval (II) = 2, depth = 2


============================================================
+ Verbose Summary: Schedule
============================================================
* Number of FSM states : 5
* Pipeline : 1
  Pipeline-0 : II = 2, D = 2, States = { 2 3 }
* Dataflow Pipeline: 0

* FSM state transitions: 
1 --> 2 
2 --> 3 
3 --> 4 5 2 
4 --> 
5 --> 4 

* FSM state operations: 

State 1 <SV = 0> <Delay = 1.29>
ST_1 : Operation 6 [1/1] (0.00ns)   --->   "%predPredsNum_1 = alloca i32 1"   --->   Operation 6 'alloca' 'predPredsNum_1' <Predicate = true> <Delay = 0.00>
ST_1 : Operation 7 [1/1] (0.00ns)   --->   "%add_ln619_read = read i10 @_ssdm_op_Read.ap_auto.i10, i10 %add_ln619"   --->   Operation 7 'read' 'add_ln619_read' <Predicate = true> <Delay = 0.00>
ST_1 : Operation 8 [1/1] (1.29ns)   --->   "%store_ln0 = store i4 0, i4 %predPredsNum_1"   --->   Operation 8 'store' 'store_ln0' <Predicate = true> <Delay = 1.29>
ST_1 : Operation 9 [1/1] (0.00ns)   --->   "%br_ln0 = br void %.preheader"   --->   Operation 9 'br' 'br_ln0' <Predicate = true> <Delay = 0.00>

State 2 <SV = 1> <Delay = 4.18>
ST_2 : Operation 10 [1/1] (0.00ns)   --->   "%j = load i4 %predPredsNum_1" [DynMap/DynMap_4HLS.cpp:618]   --->   Operation 10 'load' 'j' <Predicate = true> <Delay = 0.00>
ST_2 : Operation 11 [1/1] (0.00ns)   --->   "%specpipeline_ln0 = specpipeline void @_ssdm_op_SpecPipeline, i32 4294967295, i32 0, i32 1, i32 0, void @p_str"   --->   Operation 11 'specpipeline' 'specpipeline_ln0' <Predicate = true> <Delay = 0.00>
ST_2 : Operation 12 [1/1] (0.96ns)   --->   "%icmp_ln618 = icmp_ult  i4 %j, i4 10" [DynMap/DynMap_4HLS.cpp:618]   --->   Operation 12 'icmp' 'icmp_ln618' <Predicate = true> <Delay = 0.96> <CoreInst = "Cmp">   --->   Core 9 'Cmp' <Latency = 0> <II = 1> <Delay = 1.31> <FuncUnit> <Opcode : 'icmp'> <InPorts = 2> <OutPorts = 1>
ST_2 : Operation 13 [1/1] (0.00ns)   --->   "%empty = speclooptripcount i32 @_ssdm_op_SpecLoopTripCount, i64 1, i64 10, i64 5"   --->   Operation 13 'speclooptripcount' 'empty' <Predicate = true> <Delay = 0.00>
ST_2 : Operation 14 [1/1] (0.99ns)   --->   "%predPredsNum_3 = add i4 %j, i4 1" [DynMap/DynMap_4HLS.cpp:618]   --->   Operation 14 'add' 'predPredsNum_3' <Predicate = true> <Delay = 0.99> <CoreInst = "Adder">   --->   Core 1 'Adder' <Latency = 0> <II = 1> <Delay = 1.41> <FuncUnit> <Opcode : 'add' 'sub'> <InPorts = 2> <OutPorts = 1>
ST_2 : Operation 15 [1/1] (0.00ns)   --->   "%br_ln618 = br i1 %icmp_ln618, void %.preheader..loopexit9_crit_edge.exitStub, void %.split8" [DynMap/DynMap_4HLS.cpp:618]   --->   Operation 15 'br' 'br_ln618' <Predicate = true> <Delay = 0.00>
ST_2 : Operation 16 [1/1] (0.00ns)   --->   "%zext_ln619 = zext i4 %j" [DynMap/DynMap_4HLS.cpp:619]   --->   Operation 16 'zext' 'zext_ln619' <Predicate = (icmp_ln618)> <Delay = 0.00>
ST_2 : Operation 17 [1/1] (1.41ns)   --->   "%add_ln619_1 = add i10 %add_ln619_read, i10 %zext_ln619" [DynMap/DynMap_4HLS.cpp:619]   --->   Operation 17 'add' 'add_ln619_1' <Predicate = (icmp_ln618)> <Delay = 1.41> <CoreInst = "Adder">   --->   Core 1 'Adder' <Latency = 0> <II = 1> <Delay = 1.41> <FuncUnit> <Opcode : 'add' 'sub'> <InPorts = 2> <OutPorts = 1>
ST_2 : Operation 18 [1/1] (0.00ns)   --->   "%zext_ln619_1 = zext i10 %add_ln619_1" [DynMap/DynMap_4HLS.cpp:619]   --->   Operation 18 'zext' 'zext_ln619_1' <Predicate = (icmp_ln618)> <Delay = 0.00>
ST_2 : Operation 19 [1/1] (0.00ns)   --->   "%dependency_predecessor_values_addr = getelementptr i8 %dependency_predecessor_values, i64 0, i64 %zext_ln619_1" [DynMap/DynMap_4HLS.cpp:619]   --->   Operation 19 'getelementptr' 'dependency_predecessor_values_addr' <Predicate = (icmp_ln618)> <Delay = 0.00>
ST_2 : Operation 20 [2/2] (2.77ns)   --->   "%dependency_predecessor_values_load = load i10 %dependency_predecessor_values_addr" [DynMap/DynMap_4HLS.cpp:619]   --->   Operation 20 'load' 'dependency_predecessor_values_load' <Predicate = (icmp_ln618)> <Delay = 2.77> <CoreInst = "RAM">   --->   Core 82 'RAM' <Latency = 1> <II = 1> <Delay = 2.77> <Storage> <Opcode : 'load' 'store'> <Ports = 2> <Width = 8> <Depth = 1000> <RAM>

State 3 <SV = 2> <Delay = 5.38>
ST_3 : Operation 21 [1/1] (0.00ns)   --->   "%specloopname_ln618 = specloopname void @_ssdm_op_SpecLoopName, void @empty_40" [DynMap/DynMap_4HLS.cpp:618]   --->   Operation 21 'specloopname' 'specloopname_ln618' <Predicate = (icmp_ln618)> <Delay = 0.00>
ST_3 : Operation 22 [1/2] (2.77ns)   --->   "%dependency_predecessor_values_load = load i10 %dependency_predecessor_values_addr" [DynMap/DynMap_4HLS.cpp:619]   --->   Operation 22 'load' 'dependency_predecessor_values_load' <Predicate = (icmp_ln618)> <Delay = 2.77> <CoreInst = "RAM">   --->   Core 82 'RAM' <Latency = 1> <II = 1> <Delay = 2.77> <Storage> <Opcode : 'load' 'store'> <Ports = 2> <Width = 8> <Depth = 1000> <RAM>
ST_3 : Operation 23 [1/1] (1.31ns)   --->   "%icmp_ln619 = icmp_eq  i8 %dependency_predecessor_values_load, i8 255" [DynMap/DynMap_4HLS.cpp:619]   --->   Operation 23 'icmp' 'icmp_ln619' <Predicate = (icmp_ln618)> <Delay = 1.31> <CoreInst = "Cmp">   --->   Core 9 'Cmp' <Latency = 0> <II = 1> <Delay = 1.31> <FuncUnit> <Opcode : 'icmp'> <InPorts = 2> <OutPorts = 1>
ST_3 : Operation 24 [1/1] (0.00ns)   --->   "%br_ln619 = br i1 %icmp_ln619, void, void %.split8..loopexit9_crit_edge.exitStub" [DynMap/DynMap_4HLS.cpp:619]   --->   Operation 24 'br' 'br_ln619' <Predicate = (icmp_ln618)> <Delay = 0.00>
ST_3 : Operation 25 [1/1] (1.29ns)   --->   "%store_ln618 = store i4 %predPredsNum_3, i4 %predPredsNum_1" [DynMap/DynMap_4HLS.cpp:618]   --->   Operation 25 'store' 'store_ln618' <Predicate = (icmp_ln618 & !icmp_ln619)> <Delay = 1.29>
ST_3 : Operation 26 [1/1] (0.00ns)   --->   "%br_ln0 = br void %.preheader"   --->   Operation 26 'br' 'br_ln0' <Predicate = (icmp_ln618 & !icmp_ln619)> <Delay = 0.00>

State 4 <SV = 3> <Delay = 0.00>
ST_4 : Operation 27 [1/1] (0.00ns)   --->   "%write_ln618 = write void @_ssdm_op_Write.ap_auto.i4P0A, i4 %j_3_out, i4 %j" [DynMap/DynMap_4HLS.cpp:618]   --->   Operation 27 'write' 'write_ln618' <Predicate = (icmp_ln618)> <Delay = 0.00>
ST_4 : Operation 28 [1/1] (0.00ns)   --->   "%br_ln0 = br void %UnifiedReturnBlock"   --->   Operation 28 'br' 'br_ln0' <Predicate = (icmp_ln618)> <Delay = 0.00>
ST_4 : Operation 29 [1/1] (0.00ns)   --->   "%ret_ln0 = ret"   --->   Operation 29 'ret' 'ret_ln0' <Predicate = true> <Delay = 0.00>

State 5 <SV = 2> <Delay = 0.00>
ST_5 : Operation 30 [1/1] (0.00ns)   --->   "%write_ln0 = write void @_ssdm_op_Write.ap_auto.i4P0A, i4 %j_3_out, i4 10"   --->   Operation 30 'write' 'write_ln0' <Predicate = true> <Delay = 0.00>
ST_5 : Operation 31 [1/1] (0.00ns)   --->   "%br_ln0 = br void %UnifiedReturnBlock"   --->   Operation 31 'br' 'br_ln0' <Predicate = true> <Delay = 0.00>


============================================================
+ Verbose Summary: Timing violations
============================================================
Target clock period: 10ns, clock uncertainty: 2.7ns.

 <State 1>: 1.3ns
The critical path consists of the following:
	'alloca' operation ('predPredsNum') [4]  (0 ns)
	'store' operation ('store_ln0') of constant 0 on local variable 'predPredsNum' [6]  (1.3 ns)

 <State 2>: 4.19ns
The critical path consists of the following:
	'load' operation ('j', DynMap/DynMap_4HLS.cpp:618) on local variable 'predPredsNum' [9]  (0 ns)
	'add' operation ('add_ln619_1', DynMap/DynMap_4HLS.cpp:619) [17]  (1.42 ns)
	'getelementptr' operation ('dependency_predecessor_values_addr', DynMap/DynMap_4HLS.cpp:619) [19]  (0 ns)
	'load' operation ('dependency_predecessor_values_load', DynMap/DynMap_4HLS.cpp:619) on array 'dependency_predecessor_values' [21]  (2.77 ns)

 <State 3>: 5.38ns
The critical path consists of the following:
	'load' operation ('dependency_predecessor_values_load', DynMap/DynMap_4HLS.cpp:619) on array 'dependency_predecessor_values' [21]  (2.77 ns)
	'icmp' operation ('icmp_ln619', DynMap/DynMap_4HLS.cpp:619) [22]  (1.31 ns)
	blocking operation 1.3 ns on control path)

 <State 4>: 0ns
The critical path consists of the following:

 <State 5>: 0ns
The critical path consists of the following:


============================================================
+ Verbose Summary: Binding
============================================================
N/A
* FSMD analyzer results:
  - Output states:
 - Input state : 
  - Chain level:
	State 1
	State 2
	State 3
	State 4
	State 5


============================================================
+ Verbose Summary: Datapath Resource usage 
============================================================
N/A
