

================================================================
== Vitis HLS Report for 'dynamic_placement_routing_Pipeline_VITIS_LOOP_415_5'
================================================================
* Date:           Wed Jan 17 08:24:16 2024

* Version:        2021.2 (Build 3367213 on Tue Oct 19 02:48:09 MDT 2021)
* Project:        DynMap
* Solution:       solution1 (Vivado IP Flow Target)
* Product family: zynq
* Target device:  xc7z035-ffg676-2


================================================================
== Performance Estimates
================================================================
+ Timing: 
    * Summary: 
    +--------+----------+----------+------------+
    |  Clock |  Target  | Estimated| Uncertainty|
    +--------+----------+----------+------------+
    |ap_clk  |  10.00 ns|  4.526 ns|     2.70 ns|
    +--------+----------+----------+------------+

+ Latency: 
    * Summary: 
    +---------+---------+-----------+----------+-----+-----+---------+
    |  Latency (cycles) |  Latency (absolute)  |  Interval | Pipeline|
    |   min   |   max   |    min    |    max   | min | max |   Type  |
    +---------+---------+-----------+----------+-----+-----+---------+
    |        2|       12|  20.000 ns|  0.120 us|    2|   12|       no|
    +---------+---------+-----------+----------+-----+-----+---------+

    + Detail: 
        * Instance: 
        N/A

        * Loop: 
        +--------------------+---------+---------+----------+-----------+-----------+--------+----------+
        |                    |  Latency (cycles) | Iteration|  Initiation Interval  |  Trip  |          |
        |      Loop Name     |   min   |   max   |  Latency |  achieved |   target  |  Count | Pipelined|
        +--------------------+---------+---------+----------+-----------+-----------+--------+----------+
        |- VITIS_LOOP_415_5  |        0|       10|         2|          1|          1|  0 ~ 10|       yes|
        +--------------------+---------+---------+----------+-----------+-----------+--------+----------+

============================================================
+ Verbose Summary: Synthesis Manager
============================================================
InlineROM: 1
ExposeGlobal: 0
============================================================
+ Verbose Summary: CDFG Model
============================================================
IsTopModel: 0
ResetActiveHigh: 1
IsCombinational: 0
IsDatapathOnly: 0
HasWiredReturn: 1
HasMFsm: 2
HasVarLatency: 1
IsPipeline: 0
IsRtlPipelined: 0
IsInstanceOverlapped: 0
IsDontTouch: 0
HasImplIP: 0
IsGatedGlobalClock: 0

+ Individual pipeline summary: 
  * Pipeline-0: initiation interval (II) = 1, depth = 2


============================================================
+ Verbose Summary: Schedule
============================================================
* Number of FSM states : 2
* Pipeline : 1
  Pipeline-0 : II = 1, D = 2, States = { 1 2 }
* Dataflow Pipeline: 0

* FSM state transitions: 
1 --> 2 
2 --> 

* FSM state operations: 

State 1 <SV = 0> <Delay = 2.77>
ST_1 : Operation 5 [1/1] (0.00ns)   --->   "%i = alloca i32 1"   --->   Operation 5 'alloca' 'i' <Predicate = true> <Delay = 0.00>
ST_1 : Operation 6 [1/1] (0.00ns)   --->   "%inc8028_i = alloca i32 1"   --->   Operation 6 'alloca' 'inc8028_i' <Predicate = true> <Delay = 0.00>
ST_1 : Operation 7 [1/1] (0.00ns)   --->   "%tmp_19_read = read i60 @_ssdm_op_Read.ap_auto.i60, i60 %tmp_19"   --->   Operation 7 'read' 'tmp_19_read' <Predicate = true> <Delay = 0.00>
ST_1 : Operation 8 [1/1] (0.00ns)   --->   "%add_ln415_read = read i8 @_ssdm_op_Read.ap_auto.i8, i8 %add_ln415"   --->   Operation 8 'read' 'add_ln415_read' <Predicate = true> <Delay = 0.00>
ST_1 : Operation 9 [1/1] (0.00ns)   --->   "%curOptPotentialPlacement_wrAddr_load_1_read = read i8 @_ssdm_op_Read.ap_auto.i8, i8 %curOptPotentialPlacement_wrAddr_load_1"   --->   Operation 9 'read' 'curOptPotentialPlacement_wrAddr_load_1_read' <Predicate = true> <Delay = 0.00>
ST_1 : Operation 10 [1/1] (1.29ns)   --->   "%store_ln0 = store i8 %curOptPotentialPlacement_wrAddr_load_1_read, i8 %inc8028_i"   --->   Operation 10 'store' 'store_ln0' <Predicate = true> <Delay = 1.29>
ST_1 : Operation 11 [1/1] (1.29ns)   --->   "%store_ln0 = store i4 0, i4 %i"   --->   Operation 11 'store' 'store_ln0' <Predicate = true> <Delay = 1.29>
ST_1 : Operation 12 [1/1] (0.00ns)   --->   "%br_ln0 = br void"   --->   Operation 12 'br' 'br_ln0' <Predicate = true> <Delay = 0.00>
ST_1 : Operation 13 [1/1] (0.00ns)   --->   "%i_3 = load i4 %i" [DynMap/DynMap_4HLS.cpp:415]   --->   Operation 13 'load' 'i_3' <Predicate = true> <Delay = 0.00>
ST_1 : Operation 14 [1/1] (0.00ns)   --->   "%inc8028_i_load = load i8 %inc8028_i" [DynMap/DynMap_4HLS.cpp:418]   --->   Operation 14 'load' 'inc8028_i_load' <Predicate = true> <Delay = 0.00>
ST_1 : Operation 15 [1/1] (0.00ns)   --->   "%specpipeline_ln0 = specpipeline void @_ssdm_op_SpecPipeline, i32 4294967295, i32 0, i32 1, i32 0, void @p_str"   --->   Operation 15 'specpipeline' 'specpipeline_ln0' <Predicate = true> <Delay = 0.00>
ST_1 : Operation 16 [1/1] (1.31ns)   --->   "%icmp_ln415 = icmp_eq  i8 %inc8028_i_load, i8 %add_ln415_read" [DynMap/DynMap_4HLS.cpp:415]   --->   Operation 16 'icmp' 'icmp_ln415' <Predicate = true> <Delay = 1.31> <CoreInst = "Cmp">   --->   Core 9 'Cmp' <Latency = 0> <II = 1> <Delay = 1.31> <FuncUnit> <Opcode : 'icmp'> <InPorts = 2> <OutPorts = 1>
ST_1 : Operation 17 [1/1] (0.00ns)   --->   "%empty = speclooptripcount i32 @_ssdm_op_SpecLoopTripCount, i64 0, i64 10, i64 0"   --->   Operation 17 'speclooptripcount' 'empty' <Predicate = true> <Delay = 0.00>
ST_1 : Operation 18 [1/1] (0.99ns)   --->   "%i_4 = add i4 %i_3, i4 1" [DynMap/DynMap_4HLS.cpp:415]   --->   Operation 18 'add' 'i_4' <Predicate = true> <Delay = 0.99> <CoreInst = "Adder">   --->   Core 1 'Adder' <Latency = 0> <II = 1> <Delay = 1.30> <FuncUnit> <Opcode : 'add' 'sub'> <InPorts = 2> <OutPorts = 1>
ST_1 : Operation 19 [1/1] (0.00ns)   --->   "%br_ln415 = br i1 %icmp_ln415, void %.split24, void %._crit_edge.loopexit.i.exitStub" [DynMap/DynMap_4HLS.cpp:415]   --->   Operation 19 'br' 'br_ln415' <Predicate = true> <Delay = 0.00>
ST_1 : Operation 20 [1/1] (0.00ns)   --->   "%tmp_s = bitconcatenate i64 @_ssdm_op_BitConcatenate.i64.i60.i4, i60 %tmp_19_read, i4 %i_3" [DynMap/DynMap_4HLS.cpp:416]   --->   Operation 20 'bitconcatenate' 'tmp_s' <Predicate = (!icmp_ln415)> <Delay = 0.00>
ST_1 : Operation 21 [1/1] (0.00ns)   --->   "%allocated_tiles_levels_dynamic_shapes_values_addr = getelementptr i4 %allocated_tiles_levels_dynamic_shapes_values, i64 0, i64 %tmp_s" [DynMap/DynMap_4HLS.cpp:416]   --->   Operation 21 'getelementptr' 'allocated_tiles_levels_dynamic_shapes_values_addr' <Predicate = (!icmp_ln415)> <Delay = 0.00>
ST_1 : Operation 22 [2/2] (2.77ns)   --->   "%retrievedTile = load i11 %allocated_tiles_levels_dynamic_shapes_values_addr" [DynMap/DynMap_4HLS.cpp:416]   --->   Operation 22 'load' 'retrievedTile' <Predicate = (!icmp_ln415)> <Delay = 2.77> <CoreInst = "ROM">   --->   Core 95 'ROM' <Latency = 1> <II = 1> <Delay = 2.77> <Storage> <Opcode : 'load'> <Ports = 0> <Width = 4> <Depth = 1280> <ROM>
ST_1 : Operation 23 [1/1] (1.30ns)   --->   "%add_ln418 = add i8 %inc8028_i_load, i8 1" [DynMap/DynMap_4HLS.cpp:418]   --->   Operation 23 'add' 'add_ln418' <Predicate = (!icmp_ln415)> <Delay = 1.30> <CoreInst = "Adder">   --->   Core 1 'Adder' <Latency = 0> <II = 1> <Delay = 1.30> <FuncUnit> <Opcode : 'add' 'sub'> <InPorts = 2> <OutPorts = 1>
ST_1 : Operation 24 [1/1] (1.29ns)   --->   "%store_ln418 = store i8 %add_ln418, i8 %inc8028_i" [DynMap/DynMap_4HLS.cpp:418]   --->   Operation 24 'store' 'store_ln418' <Predicate = (!icmp_ln415)> <Delay = 1.29>
ST_1 : Operation 25 [1/1] (1.29ns)   --->   "%store_ln415 = store i4 %i_4, i4 %i" [DynMap/DynMap_4HLS.cpp:415]   --->   Operation 25 'store' 'store_ln415' <Predicate = (!icmp_ln415)> <Delay = 1.29>
ST_1 : Operation 33 [1/1] (0.00ns)   --->   "%ret_ln0 = ret"   --->   Operation 33 'ret' 'ret_ln0' <Predicate = (icmp_ln415)> <Delay = 0.00>

State 2 <SV = 1> <Delay = 4.52>
ST_2 : Operation 26 [1/1] (0.00ns)   --->   "%specloopname_ln415 = specloopname void @_ssdm_op_SpecLoopName, void @empty_47" [DynMap/DynMap_4HLS.cpp:415]   --->   Operation 26 'specloopname' 'specloopname_ln415' <Predicate = true> <Delay = 0.00>
ST_2 : Operation 27 [1/2] (2.77ns)   --->   "%retrievedTile = load i11 %allocated_tiles_levels_dynamic_shapes_values_addr" [DynMap/DynMap_4HLS.cpp:416]   --->   Operation 27 'load' 'retrievedTile' <Predicate = true> <Delay = 2.77> <CoreInst = "ROM">   --->   Core 95 'ROM' <Latency = 1> <II = 1> <Delay = 2.77> <Storage> <Opcode : 'load'> <Ports = 0> <Width = 4> <Depth = 1280> <ROM>
ST_2 : Operation 28 [1/1] (0.00ns)   --->   "%zext_ln375 = zext i4 %retrievedTile" [DynMap/DynMap_4HLS.cpp:375]   --->   Operation 28 'zext' 'zext_ln375' <Predicate = true> <Delay = 0.00>
ST_2 : Operation 29 [1/1] (0.00ns)   --->   "%zext_ln417 = zext i8 %inc8028_i_load" [DynMap/DynMap_4HLS.cpp:417]   --->   Operation 29 'zext' 'zext_ln417' <Predicate = true> <Delay = 0.00>
ST_2 : Operation 30 [1/1] (0.00ns)   --->   "%curOptPotentialPlacement_addr = getelementptr i5 %curOptPotentialPlacement, i64 0, i64 %zext_ln417" [DynMap/DynMap_4HLS.cpp:417]   --->   Operation 30 'getelementptr' 'curOptPotentialPlacement_addr' <Predicate = true> <Delay = 0.00>
ST_2 : Operation 31 [1/1] (1.75ns)   --->   "%store_ln417 = store i5 %zext_ln375, i4 %curOptPotentialPlacement_addr" [DynMap/DynMap_4HLS.cpp:417]   --->   Operation 31 'store' 'store_ln417' <Predicate = true> <Delay = 1.75> <CoreInst = "RAM">   --->   Core 82 'RAM' <Latency = 1> <II = 1> <Delay = 1.75> <Storage> <Opcode : 'load' 'store'> <Ports = 2> <Width = 5> <Depth = 16> <RAM>
ST_2 : Operation 32 [1/1] (0.00ns)   --->   "%br_ln0 = br void"   --->   Operation 32 'br' 'br_ln0' <Predicate = true> <Delay = 0.00>


============================================================
+ Verbose Summary: Timing violations
============================================================
Target clock period: 10ns, clock uncertainty: 2.7ns.

 <State 1>: 2.77ns
The critical path consists of the following:
	'alloca' operation ('i') [6]  (0 ns)
	'load' operation ('i', DynMap/DynMap_4HLS.cpp:415) on local variable 'i' [15]  (0 ns)
	'getelementptr' operation ('allocated_tiles_levels_dynamic_shapes_values_addr', DynMap/DynMap_4HLS.cpp:416) [25]  (0 ns)
	'load' operation ('retrievedTile', DynMap/DynMap_4HLS.cpp:416) on array 'allocated_tiles_levels_dynamic_shapes_values' [26]  (2.77 ns)

 <State 2>: 4.53ns
The critical path consists of the following:
	'load' operation ('retrievedTile', DynMap/DynMap_4HLS.cpp:416) on array 'allocated_tiles_levels_dynamic_shapes_values' [26]  (2.77 ns)
	'store' operation ('store_ln417', DynMap/DynMap_4HLS.cpp:417) of variable 'zext_ln375', DynMap/DynMap_4HLS.cpp:375 on array 'curOptPotentialPlacement' [30]  (1.75 ns)


============================================================
+ Verbose Summary: Binding
============================================================
N/A
* FSMD analyzer results:
  - Output states:
 - Input state : 
  - Chain level:
	State 1
	State 2


============================================================
+ Verbose Summary: Datapath Resource usage 
============================================================
N/A
