

================================================================
== Vitis HLS Report for 'dynamic_placement_routing_Pipeline_VITIS_LOOP_611_4'
================================================================
* Date:           Wed Jan  3 23:38:46 2024

* Version:        2021.2 (Build 3367213 on Tue Oct 19 02:48:09 MDT 2021)
* Project:        DynMap
* Solution:       solution1 (Vivado IP Flow Target)
* Product family: zynq
* Target device:  xc7z035-ffg676-2


================================================================
== Performance Estimates
================================================================
+ Timing: 
    * Summary: 
    +--------+----------+----------+------------+
    |  Clock |  Target  | Estimated| Uncertainty|
    +--------+----------+----------+------------+
    |ap_clk  |  10.00 ns|  5.383 ns|     2.70 ns|
    +--------+----------+----------+------------+

+ Latency: 
    * Summary: 
    +---------+---------+----------+----------+-----+-----+---------+
    |  Latency (cycles) |  Latency (absolute) |  Interval | Pipeline|
    |   min   |   max   |    min   |    max   | min | max |   Type  |
    +---------+---------+----------+----------+-----+-----+---------+
    |        ?|        ?|         ?|         ?|    ?|    ?|       no|
    +---------+---------+----------+----------+-----+-----+---------+

    + Detail: 
        * Instance: 
        N/A

        * Loop: 
        +--------------------+---------+---------+----------+-----------+-----------+------+----------+
        |                    |  Latency (cycles) | Iteration|  Initiation Interval  | Trip |          |
        |      Loop Name     |   min   |   max   |  Latency |  achieved |   target  | Count| Pipelined|
        +--------------------+---------+---------+----------+-----------+-----------+------+----------+
        |- VITIS_LOOP_611_4  |        ?|        ?|         2|          2|          1|     ?|       yes|
        +--------------------+---------+---------+----------+-----------+-----------+------+----------+

============================================================
+ Verbose Summary: Synthesis Manager
============================================================
InlineROM: 1
ExposeGlobal: 0
============================================================
+ Verbose Summary: CDFG Model
============================================================
IsTopModel: 0
ResetActiveHigh: 1
IsCombinational: 0
IsDatapathOnly: 0
HasWiredReturn: 1
HasMFsm: 2
HasVarLatency: 1
IsPipeline: 0
IsRtlPipelined: 0
IsInstanceOverlapped: 0
IsDontTouch: 0
HasImplIP: 0
IsGatedGlobalClock: 0

+ Individual pipeline summary: 
  * Pipeline-0: initiation interval (II) = 2, depth = 2


============================================================
+ Verbose Summary: Schedule
============================================================
* Number of FSM states : 5
* Pipeline : 1
  Pipeline-0 : II = 2, D = 2, States = { 2 3 }
* Dataflow Pipeline: 0

* FSM state transitions: 
1 --> 2 
2 --> 3 
3 --> 4 5 2 
4 --> 
5 --> 4 

* FSM state operations: 

State 1 <SV = 0> <Delay = 1.29>
ST_1 : Operation 6 [1/1] (0.00ns)   --->   "%inc311623 = alloca i32 1"   --->   Operation 6 'alloca' 'inc311623' <Predicate = true> <Delay = 0.00>
ST_1 : Operation 7 [1/1] (0.00ns)   --->   "%pred_read = read i8 @_ssdm_op_Read.ap_auto.i8, i8 %pred_r"   --->   Operation 7 'read' 'pred_read' <Predicate = true> <Delay = 0.00>
ST_1 : Operation 8 [1/1] (0.00ns)   --->   "%mul_ln374_read = read i10 @_ssdm_op_Read.ap_auto.i10, i10 %mul_ln374"   --->   Operation 8 'read' 'mul_ln374_read' <Predicate = true> <Delay = 0.00>
ST_1 : Operation 9 [1/1] (0.00ns)   --->   "%DFG_NodesCount_kernels_values_load_read = read i6 @_ssdm_op_Read.ap_auto.i6, i6 %DFG_NodesCount_kernels_values_load"   --->   Operation 9 'read' 'DFG_NodesCount_kernels_values_load_read' <Predicate = true> <Delay = 0.00>
ST_1 : Operation 10 [1/1] (1.29ns)   --->   "%store_ln0 = store i6 0, i6 %inc311623"   --->   Operation 10 'store' 'store_ln0' <Predicate = true> <Delay = 1.29>
ST_1 : Operation 11 [1/1] (0.00ns)   --->   "%br_ln0 = br void"   --->   Operation 11 'br' 'br_ln0' <Predicate = true> <Delay = 0.00>

State 2 <SV = 1> <Delay = 4.18>
ST_2 : Operation 12 [1/1] (0.00ns)   --->   "%inc311623_load = load i6 %inc311623" [DynMap/DynMap_4HLS.cpp:611]   --->   Operation 12 'load' 'inc311623_load' <Predicate = true> <Delay = 0.00>
ST_2 : Operation 13 [1/1] (0.00ns)   --->   "%specpipeline_ln0 = specpipeline void @_ssdm_op_SpecPipeline, i32 4294967295, i32 0, i32 1, i32 0, void @p_str"   --->   Operation 13 'specpipeline' 'specpipeline_ln0' <Predicate = true> <Delay = 0.00>
ST_2 : Operation 14 [1/1] (1.07ns)   --->   "%icmp_ln611 = icmp_ult  i6 %inc311623_load, i6 %DFG_NodesCount_kernels_values_load_read" [DynMap/DynMap_4HLS.cpp:611]   --->   Operation 14 'icmp' 'icmp_ln611' <Predicate = true> <Delay = 1.07> <CoreInst = "Cmp">   --->   Core 9 'Cmp' <Latency = 0> <II = 1> <Delay = 1.31> <FuncUnit> <Opcode : 'icmp'> <InPorts = 2> <OutPorts = 1>
ST_2 : Operation 15 [1/1] (1.28ns)   --->   "%add_ln611 = add i6 %inc311623_load, i6 1" [DynMap/DynMap_4HLS.cpp:611]   --->   Operation 15 'add' 'add_ln611' <Predicate = true> <Delay = 1.28> <CoreInst = "Adder">   --->   Core 1 'Adder' <Latency = 0> <II = 1> <Delay = 1.41> <FuncUnit> <Opcode : 'add' 'sub'> <InPorts = 2> <OutPorts = 1>
ST_2 : Operation 16 [1/1] (0.00ns)   --->   "%br_ln611 = br i1 %icmp_ln611, void %..loopexit10.loopexit_crit_edge.exitStub, void %.split5" [DynMap/DynMap_4HLS.cpp:611]   --->   Operation 16 'br' 'br_ln611' <Predicate = true> <Delay = 0.00>
ST_2 : Operation 17 [1/1] (0.00ns)   --->   "%zext_ln612 = zext i6 %inc311623_load" [DynMap/DynMap_4HLS.cpp:612]   --->   Operation 17 'zext' 'zext_ln612' <Predicate = (icmp_ln611)> <Delay = 0.00>
ST_2 : Operation 18 [1/1] (1.41ns)   --->   "%add_ln612 = add i10 %mul_ln374_read, i10 %zext_ln612" [DynMap/DynMap_4HLS.cpp:612]   --->   Operation 18 'add' 'add_ln612' <Predicate = (icmp_ln611)> <Delay = 1.41> <CoreInst = "Adder">   --->   Core 1 'Adder' <Latency = 0> <II = 1> <Delay = 1.41> <FuncUnit> <Opcode : 'add' 'sub'> <InPorts = 2> <OutPorts = 1>
ST_2 : Operation 19 [1/1] (0.00ns)   --->   "%zext_ln612_2 = zext i10 %add_ln612" [DynMap/DynMap_4HLS.cpp:612]   --->   Operation 19 'zext' 'zext_ln612_2' <Predicate = (icmp_ln611)> <Delay = 0.00>
ST_2 : Operation 20 [1/1] (0.00ns)   --->   "%placement_static_kernels_values_addr = getelementptr i6 %placement_static_kernels_values, i64 0, i64 %zext_ln612_2" [DynMap/DynMap_4HLS.cpp:612]   --->   Operation 20 'getelementptr' 'placement_static_kernels_values_addr' <Predicate = (icmp_ln611)> <Delay = 0.00>
ST_2 : Operation 21 [2/2] (2.77ns)   --->   "%placement_static_kernels_values_load = load i10 %placement_static_kernels_values_addr" [DynMap/DynMap_4HLS.cpp:612]   --->   Operation 21 'load' 'placement_static_kernels_values_load' <Predicate = (icmp_ln611)> <Delay = 2.77> <CoreInst = "ROM">   --->   Core 95 'ROM' <Latency = 1> <II = 1> <Delay = 2.77> <Storage> <Opcode : 'load'> <Ports = 0> <Width = 6> <Depth = 600> <ROM>

State 3 <SV = 2> <Delay = 5.38>
ST_3 : Operation 22 [1/1] (0.00ns)   --->   "%specloopname_ln612 = specloopname void @_ssdm_op_SpecLoopName, void @empty_37" [DynMap/DynMap_4HLS.cpp:612]   --->   Operation 22 'specloopname' 'specloopname_ln612' <Predicate = (icmp_ln611)> <Delay = 0.00>
ST_3 : Operation 23 [1/2] (2.77ns)   --->   "%placement_static_kernels_values_load = load i10 %placement_static_kernels_values_addr" [DynMap/DynMap_4HLS.cpp:612]   --->   Operation 23 'load' 'placement_static_kernels_values_load' <Predicate = (icmp_ln611)> <Delay = 2.77> <CoreInst = "ROM">   --->   Core 95 'ROM' <Latency = 1> <II = 1> <Delay = 2.77> <Storage> <Opcode : 'load'> <Ports = 0> <Width = 6> <Depth = 600> <ROM>
ST_3 : Operation 24 [1/1] (0.00ns)   --->   "%zext_ln612_1 = zext i6 %placement_static_kernels_values_load" [DynMap/DynMap_4HLS.cpp:612]   --->   Operation 24 'zext' 'zext_ln612_1' <Predicate = (icmp_ln611)> <Delay = 0.00>
ST_3 : Operation 25 [1/1] (1.31ns)   --->   "%icmp_ln612 = icmp_eq  i8 %pred_read, i8 %zext_ln612_1" [DynMap/DynMap_4HLS.cpp:612]   --->   Operation 25 'icmp' 'icmp_ln612' <Predicate = (icmp_ln611)> <Delay = 1.31> <CoreInst = "Cmp">   --->   Core 9 'Cmp' <Latency = 0> <II = 1> <Delay = 1.31> <FuncUnit> <Opcode : 'icmp'> <InPorts = 2> <OutPorts = 1>
ST_3 : Operation 26 [1/1] (0.00ns)   --->   "%br_ln612 = br i1 %icmp_ln612, void, void %.split5..loopexit10.loopexit_crit_edge.exitStub" [DynMap/DynMap_4HLS.cpp:612]   --->   Operation 26 'br' 'br_ln612' <Predicate = (icmp_ln611)> <Delay = 0.00>
ST_3 : Operation 27 [1/1] (1.29ns)   --->   "%store_ln611 = store i6 %add_ln611, i6 %inc311623" [DynMap/DynMap_4HLS.cpp:611]   --->   Operation 27 'store' 'store_ln611' <Predicate = (icmp_ln611 & !icmp_ln612)> <Delay = 1.29>
ST_3 : Operation 28 [1/1] (0.00ns)   --->   "%br_ln0 = br void"   --->   Operation 28 'br' 'br_ln0' <Predicate = (icmp_ln611 & !icmp_ln612)> <Delay = 0.00>

State 4 <SV = 3> <Delay = 0.00>
ST_4 : Operation 29 [1/1] (0.00ns)   --->   "%write_ln611 = write void @_ssdm_op_Write.ap_auto.i6P0A, i6 %inc311623_out, i6 %inc311623_load" [DynMap/DynMap_4HLS.cpp:611]   --->   Operation 29 'write' 'write_ln611' <Predicate = (icmp_ln611)> <Delay = 0.00>
ST_4 : Operation 30 [1/1] (0.00ns)   --->   "%br_ln0 = br void %UnifiedReturnBlock"   --->   Operation 30 'br' 'br_ln0' <Predicate = (icmp_ln611)> <Delay = 0.00>
ST_4 : Operation 31 [1/1] (0.00ns)   --->   "%ret_ln0 = ret"   --->   Operation 31 'ret' 'ret_ln0' <Predicate = true> <Delay = 0.00>

State 5 <SV = 2> <Delay = 0.00>
ST_5 : Operation 32 [1/1] (0.00ns)   --->   "%write_ln611 = write void @_ssdm_op_Write.ap_auto.i6P0A, i6 %inc311623_out, i6 %inc311623_load" [DynMap/DynMap_4HLS.cpp:611]   --->   Operation 32 'write' 'write_ln611' <Predicate = true> <Delay = 0.00>
ST_5 : Operation 33 [1/1] (0.00ns)   --->   "%br_ln0 = br void %UnifiedReturnBlock"   --->   Operation 33 'br' 'br_ln0' <Predicate = true> <Delay = 0.00>


============================================================
+ Verbose Summary: Timing violations
============================================================
Target clock period: 10ns, clock uncertainty: 2.7ns.

 <State 1>: 1.3ns
The critical path consists of the following:
	'alloca' operation ('inc311623') [6]  (0 ns)
	'store' operation ('store_ln0') of constant 0 on local variable 'inc311623' [10]  (1.3 ns)

 <State 2>: 4.19ns
The critical path consists of the following:
	'load' operation ('inc311623_load', DynMap/DynMap_4HLS.cpp:611) on local variable 'inc311623' [13]  (0 ns)
	'add' operation ('add_ln612', DynMap/DynMap_4HLS.cpp:612) [21]  (1.42 ns)
	'getelementptr' operation ('placement_static_kernels_values_addr', DynMap/DynMap_4HLS.cpp:612) [23]  (0 ns)
	'load' operation ('placement_static_kernels_values_load', DynMap/DynMap_4HLS.cpp:612) on array 'placement_static_kernels_values' [24]  (2.77 ns)

 <State 3>: 5.38ns
The critical path consists of the following:
	'load' operation ('placement_static_kernels_values_load', DynMap/DynMap_4HLS.cpp:612) on array 'placement_static_kernels_values' [24]  (2.77 ns)
	'icmp' operation ('icmp_ln612', DynMap/DynMap_4HLS.cpp:612) [26]  (1.31 ns)
	blocking operation 1.3 ns on control path)

 <State 4>: 0ns
The critical path consists of the following:

 <State 5>: 0ns
The critical path consists of the following:


============================================================
+ Verbose Summary: Binding
============================================================
N/A
* FSMD analyzer results:
  - Output states:
 - Input state : 
  - Chain level:
	State 1
	State 2
	State 3
	State 4
	State 5


============================================================
+ Verbose Summary: Datapath Resource usage 
============================================================
N/A
