

================================================================
== Vitis HLS Report for 'dynamic_placement_routing_Pipeline_VITIS_LOOP_388_2'
================================================================
* Date:           Wed Jan  3 23:38:48 2024

* Version:        2021.2 (Build 3367213 on Tue Oct 19 02:48:09 MDT 2021)
* Project:        DynMap
* Solution:       solution1 (Vivado IP Flow Target)
* Product family: zynq
* Target device:  xc7z035-ffg676-2


================================================================
== Performance Estimates
================================================================
+ Timing: 
    * Summary: 
    +--------+----------+----------+------------+
    |  Clock |  Target  | Estimated| Uncertainty|
    +--------+----------+----------+------------+
    |ap_clk  |  10.00 ns|  5.034 ns|     2.70 ns|
    +--------+----------+----------+------------+

+ Latency: 
    * Summary: 
    +---------+---------+----------+----------+-----+-----+---------+
    |  Latency (cycles) |  Latency (absolute) |  Interval | Pipeline|
    |   min   |   max   |    min   |    max   | min | max |   Type  |
    +---------+---------+----------+----------+-----+-----+---------+
    |        ?|        ?|         ?|         ?|    ?|    ?|       no|
    +---------+---------+----------+----------+-----+-----+---------+

    + Detail: 
        * Instance: 
        N/A

        * Loop: 
        +--------------------+---------+---------+----------+-----------+-----------+------+----------+
        |                    |  Latency (cycles) | Iteration|  Initiation Interval  | Trip |          |
        |      Loop Name     |   min   |   max   |  Latency |  achieved |   target  | Count| Pipelined|
        +--------------------+---------+---------+----------+-----------+-----------+------+----------+
        |- VITIS_LOOP_388_2  |        ?|        ?|         2|          2|          1|     ?|       yes|
        +--------------------+---------+---------+----------+-----------+-----------+------+----------+

============================================================
+ Verbose Summary: Synthesis Manager
============================================================
InlineROM: 1
ExposeGlobal: 0
============================================================
+ Verbose Summary: CDFG Model
============================================================
IsTopModel: 0
ResetActiveHigh: 1
IsCombinational: 0
IsDatapathOnly: 0
HasWiredReturn: 1
HasMFsm: 2
HasVarLatency: 1
IsPipeline: 0
IsRtlPipelined: 0
IsInstanceOverlapped: 0
IsDontTouch: 0
HasImplIP: 0
IsGatedGlobalClock: 0

+ Individual pipeline summary: 
  * Pipeline-0: initiation interval (II) = 2, depth = 2


============================================================
+ Verbose Summary: Schedule
============================================================
* Number of FSM states : 2
* Pipeline : 1
  Pipeline-0 : II = 2, D = 2, States = { 1 2 }
* Dataflow Pipeline: 0

* FSM state transitions: 
1 --> 2 
2 --> 

* FSM state operations: 

State 1 <SV = 0> <Delay = 2.77>
ST_1 : Operation 5 [1/1] (0.00ns)   --->   "%i_3 = alloca i32 1"   --->   Operation 5 'alloca' 'i_3' <Predicate = true> <Delay = 0.00>
ST_1 : Operation 6 [1/1] (0.00ns)   --->   "%curTileStatic_read = read i4 @_ssdm_op_Read.ap_auto.i4, i4 %curTileStatic"   --->   Operation 6 'read' 'curTileStatic_read' <Predicate = true> <Delay = 0.00>
ST_1 : Operation 7 [1/1] (0.00ns)   --->   "%initial_dynamic_level_read = read i2 @_ssdm_op_Read.ap_auto.i2, i2 %initial_dynamic_level"   --->   Operation 7 'read' 'initial_dynamic_level_read' <Predicate = true> <Delay = 0.00>
ST_1 : Operation 8 [1/1] (0.00ns)   --->   "%shape_idx_load_read = read i5 @_ssdm_op_Read.ap_auto.i5, i5 %shape_idx_load"   --->   Operation 8 'read' 'shape_idx_load_read' <Predicate = true> <Delay = 0.00>
ST_1 : Operation 9 [1/1] (0.00ns)   --->   "%allocated_tiles_levelsValidLen_shapes_values_load_read = read i4 @_ssdm_op_Read.ap_auto.i4, i4 %allocated_tiles_levelsValidLen_shapes_values_load"   --->   Operation 9 'read' 'allocated_tiles_levelsValidLen_shapes_values_load_read' <Predicate = true> <Delay = 0.00>
ST_1 : Operation 10 [1/1] (1.29ns)   --->   "%store_ln0 = store i4 0, i4 %i_3"   --->   Operation 10 'store' 'store_ln0' <Predicate = true> <Delay = 1.29>
ST_1 : Operation 11 [1/1] (0.00ns)   --->   "%br_ln0 = br void %.lr.ph24.i"   --->   Operation 11 'br' 'br_ln0' <Predicate = true> <Delay = 0.00>
ST_1 : Operation 12 [1/1] (0.00ns)   --->   "%i = load i4 %i_3" [DynMap/DynMap_4HLS.cpp:388]   --->   Operation 12 'load' 'i' <Predicate = true> <Delay = 0.00>
ST_1 : Operation 13 [1/1] (0.00ns)   --->   "%specpipeline_ln0 = specpipeline void @_ssdm_op_SpecPipeline, i32 4294967295, i32 0, i32 1, i32 0, void @p_str"   --->   Operation 13 'specpipeline' 'specpipeline_ln0' <Predicate = true> <Delay = 0.00>
ST_1 : Operation 14 [1/1] (0.96ns)   --->   "%icmp_ln388 = icmp_ult  i4 %i, i4 %allocated_tiles_levelsValidLen_shapes_values_load_read" [DynMap/DynMap_4HLS.cpp:388]   --->   Operation 14 'icmp' 'icmp_ln388' <Predicate = true> <Delay = 0.96> <CoreInst = "Cmp">   --->   Core 9 'Cmp' <Latency = 0> <II = 1> <Delay = 0.96> <FuncUnit> <Opcode : 'icmp'> <InPorts = 2> <OutPorts = 1>
ST_1 : Operation 15 [1/1] (0.99ns)   --->   "%i_7 = add i4 %i, i4 1" [DynMap/DynMap_4HLS.cpp:388]   --->   Operation 15 'add' 'i_7' <Predicate = true> <Delay = 0.99> <CoreInst = "Adder">   --->   Core 1 'Adder' <Latency = 0> <II = 1> <Delay = 0.99> <FuncUnit> <Opcode : 'add' 'sub'> <InPorts = 2> <OutPorts = 1>
ST_1 : Operation 16 [1/1] (1.29ns)   --->   "%br_ln388 = br i1 %icmp_ln388, void %.loopexit.i.loopexit.exitStub, void %.split18" [DynMap/DynMap_4HLS.cpp:388]   --->   Operation 16 'br' 'br_ln388' <Predicate = true> <Delay = 1.29>
ST_1 : Operation 17 [1/1] (0.00ns)   --->   "%tmp_s = bitconcatenate i11 @_ssdm_op_BitConcatenate.i11.i5.i2.i4, i5 %shape_idx_load_read, i2 %initial_dynamic_level_read, i4 %i" [DynMap/DynMap_4HLS.cpp:389]   --->   Operation 17 'bitconcatenate' 'tmp_s' <Predicate = (icmp_ln388)> <Delay = 0.00>
ST_1 : Operation 18 [1/1] (0.00ns)   --->   "%zext_ln389 = zext i11 %tmp_s" [DynMap/DynMap_4HLS.cpp:389]   --->   Operation 18 'zext' 'zext_ln389' <Predicate = (icmp_ln388)> <Delay = 0.00>
ST_1 : Operation 19 [1/1] (0.00ns)   --->   "%allocated_tiles_levels_dynamic_shapes_values_addr = getelementptr i4 %allocated_tiles_levels_dynamic_shapes_values, i64 0, i64 %zext_ln389" [DynMap/DynMap_4HLS.cpp:389]   --->   Operation 19 'getelementptr' 'allocated_tiles_levels_dynamic_shapes_values_addr' <Predicate = (icmp_ln388)> <Delay = 0.00>
ST_1 : Operation 20 [2/2] (2.77ns)   --->   "%retrievedTile = load i11 %allocated_tiles_levels_dynamic_shapes_values_addr" [DynMap/DynMap_4HLS.cpp:389]   --->   Operation 20 'load' 'retrievedTile' <Predicate = (icmp_ln388)> <Delay = 2.77> <CoreInst = "ROM">   --->   Core 95 'ROM' <Latency = 1> <II = 1> <Delay = 2.77> <Storage> <Opcode : 'load'> <Ports = 0> <Width = 4> <Depth = 1280> <ROM>

State 2 <SV = 1> <Delay = 5.03>
ST_2 : Operation 21 [1/1] (0.00ns)   --->   "%specloopname_ln388 = specloopname void @_ssdm_op_SpecLoopName, void @empty_42" [DynMap/DynMap_4HLS.cpp:388]   --->   Operation 21 'specloopname' 'specloopname_ln388' <Predicate = (icmp_ln388)> <Delay = 0.00>
ST_2 : Operation 22 [1/2] (2.77ns)   --->   "%retrievedTile = load i11 %allocated_tiles_levels_dynamic_shapes_values_addr" [DynMap/DynMap_4HLS.cpp:389]   --->   Operation 22 'load' 'retrievedTile' <Predicate = (icmp_ln388)> <Delay = 2.77> <CoreInst = "ROM">   --->   Core 95 'ROM' <Latency = 1> <II = 1> <Delay = 2.77> <Storage> <Opcode : 'load'> <Ports = 0> <Width = 4> <Depth = 1280> <ROM>
ST_2 : Operation 23 [1/1] (0.96ns)   --->   "%icmp_ln390 = icmp_eq  i4 %retrievedTile, i4 %curTileStatic_read" [DynMap/DynMap_4HLS.cpp:390]   --->   Operation 23 'icmp' 'icmp_ln390' <Predicate = (icmp_ln388)> <Delay = 0.96> <CoreInst = "Cmp">   --->   Core 9 'Cmp' <Latency = 0> <II = 1> <Delay = 0.96> <FuncUnit> <Opcode : 'icmp'> <InPorts = 2> <OutPorts = 1>
ST_2 : Operation 24 [1/1] (1.29ns)   --->   "%br_ln390 = br i1 %icmp_ln390, void, void %.loopexit.i.loopexit.exitStub" [DynMap/DynMap_4HLS.cpp:390]   --->   Operation 24 'br' 'br_ln390' <Predicate = (icmp_ln388)> <Delay = 1.29>
ST_2 : Operation 25 [1/1] (1.29ns)   --->   "%store_ln388 = store i4 %i_7, i4 %i_3" [DynMap/DynMap_4HLS.cpp:388]   --->   Operation 25 'store' 'store_ln388' <Predicate = (icmp_ln388 & !icmp_ln390)> <Delay = 1.29>
ST_2 : Operation 26 [1/1] (0.00ns)   --->   "%br_ln0 = br void %.lr.ph24.i"   --->   Operation 26 'br' 'br_ln0' <Predicate = (icmp_ln388 & !icmp_ln390)> <Delay = 0.00>
ST_2 : Operation 27 [1/1] (0.00ns)   --->   "%merge = phi i1 1, void %.lr.ph24.i, i1 0, void %.split18"   --->   Operation 27 'phi' 'merge' <Predicate = (icmp_ln390) | (!icmp_ln388)> <Delay = 0.00>
ST_2 : Operation 28 [1/1] (0.00ns)   --->   "%ret_ln0 = ret i1 %merge"   --->   Operation 28 'ret' 'ret_ln0' <Predicate = (icmp_ln390) | (!icmp_ln388)> <Delay = 0.00>


============================================================
+ Verbose Summary: Timing violations
============================================================
Target clock period: 10ns, clock uncertainty: 2.7ns.

 <State 1>: 2.77ns
The critical path consists of the following:
	'alloca' operation ('i') [6]  (0 ns)
	'load' operation ('i', DynMap/DynMap_4HLS.cpp:388) on local variable 'i' [14]  (0 ns)
	'getelementptr' operation ('allocated_tiles_levels_dynamic_shapes_values_addr', DynMap/DynMap_4HLS.cpp:389) [23]  (0 ns)
	'load' operation ('retrievedTile', DynMap/DynMap_4HLS.cpp:389) on array 'allocated_tiles_levels_dynamic_shapes_values' [24]  (2.77 ns)

 <State 2>: 5.03ns
The critical path consists of the following:
	'load' operation ('retrievedTile', DynMap/DynMap_4HLS.cpp:389) on array 'allocated_tiles_levels_dynamic_shapes_values' [24]  (2.77 ns)
	'icmp' operation ('icmp_ln390', DynMap/DynMap_4HLS.cpp:390) [25]  (0.965 ns)
	multiplexor before 'phi' operation ('merge') [31]  (1.3 ns)


============================================================
+ Verbose Summary: Binding
============================================================
N/A
* FSMD analyzer results:
  - Output states:
 - Input state : 
  - Chain level:
	State 1
	State 2


============================================================
+ Verbose Summary: Datapath Resource usage 
============================================================
N/A
