

================================================================
== Vitis HLS Report for 'Reset_Pipeline_VITIS_LOOP_692_8_VITIS_LOOP_693_9'
================================================================
* Date:           Wed Jan 17 08:24:23 2024

* Version:        2021.2 (Build 3367213 on Tue Oct 19 02:48:09 MDT 2021)
* Project:        DynMap
* Solution:       solution1 (Vivado IP Flow Target)
* Product family: zynq
* Target device:  xc7z035-ffg676-2


================================================================
== Performance Estimates
================================================================
+ Timing: 
    * Summary: 
    +--------+----------+----------+------------+
    |  Clock |  Target  | Estimated| Uncertainty|
    +--------+----------+----------+------------+
    |ap_clk  |  10.00 ns|  6.377 ns|     2.70 ns|
    +--------+----------+----------+------------+

+ Latency: 
    * Summary: 
    +---------+---------+-----------+-----------+------+------+---------+
    |  Latency (cycles) |   Latency (absolute)  |   Interval  | Pipeline|
    |   min   |   max   |    min    |    max    |  min |  max |   Type  |
    +---------+---------+-----------+-----------+------+------+---------+
    |     1602|     1602|  16.020 us|  16.020 us|  1602|  1602|       no|
    +---------+---------+-----------+-----------+------+------+---------+

    + Detail: 
        * Instance: 
        N/A

        * Loop: 
        +-------------------------------------+---------+---------+----------+-----------+-----------+------+----------+
        |                                     |  Latency (cycles) | Iteration|  Initiation Interval  | Trip |          |
        |              Loop Name              |   min   |   max   |  Latency |  achieved |   target  | Count| Pipelined|
        +-------------------------------------+---------+---------+----------+-----------+-----------+------+----------+
        |- VITIS_LOOP_692_8_VITIS_LOOP_693_9  |     1600|     1600|         1|          1|          1|  1600|       yes|
        +-------------------------------------+---------+---------+----------+-----------+-----------+------+----------+



================================================================
== Utilization Estimates
================================================================
* Summary: 
+-----------------+---------+-----+--------+--------+-----+
|       Name      | BRAM_18K| DSP |   FF   |   LUT  | URAM|
+-----------------+---------+-----+--------+--------+-----+
|DSP              |        -|    -|       -|       -|    -|
|Expression       |        -|    -|       0|      56|    -|
|FIFO             |        -|    -|       -|       -|    -|
|Instance         |        -|    -|       -|       -|    -|
|Memory           |        -|    -|       -|       -|    -|
|Multiplexer      |        -|    -|       -|      63|    -|
|Register         |        -|    -|      25|       -|    -|
+-----------------+---------+-----+--------+--------+-----+
|Total            |        0|    0|      25|     119|    0|
+-----------------+---------+-----+--------+--------+-----+
|Available        |     1000|  900|  343800|  171900|    0|
+-----------------+---------+-----+--------+--------+-----+
|Utilization (%)  |        0|    0|      ~0|      ~0|    0|
+-----------------+---------+-----+--------+--------+-----+

+ Detail: 
    * Instance: 
    N/A

    * DSP: 
    N/A

    * Memory: 
    N/A

    * FIFO: 
    N/A

    * Expression: 
    +--------------------------+----------+----+---+----+------------+------------+
    |       Variable Name      | Operation| DSP| FF| LUT| Bitwidth P0| Bitwidth P1|
    +--------------------------+----------+----+---+----+------------+------------+
    |add_ln692_1_fu_96_p2      |         +|   0|  0|  11|          11|           1|
    |add_ln692_fu_108_p2       |         +|   0|  0|   7|           7|           1|
    |add_ln693_fu_159_p2       |         +|   0|  0|   7|           5|           1|
    |add_ln694_fu_148_p2       |         +|   0|  0|  11|          11|          11|
    |icmp_ln692_fu_90_p2       |      icmp|   0|  0|   5|          11|          10|
    |icmp_ln693_fu_114_p2      |      icmp|   0|  0|   3|           5|           6|
    |select_ln692_1_fu_128_p3  |    select|   0|  0|   7|           1|           7|
    |select_ln692_fu_120_p3    |    select|   0|  0|   5|           1|           1|
    +--------------------------+----------+----+---+----+------------+------------+
    |Total                     |          |   0|  0|  56|          52|          38|
    +--------------------------+----------+----+---+----+------------+------------+

    * Multiplexer: 
    +----------------------------------------+----+-----------+-----+-----------+
    |                  Name                  | LUT| Input Size| Bits| Total Bits|
    +----------------------------------------+----+-----------+-----+-----------+
    |ap_done_int                             |   9|          2|    1|          2|
    |ap_sig_allocacmp_i_13_load              |   9|          2|    7|         14|
    |ap_sig_allocacmp_indvar_flatten24_load  |   9|          2|   11|         22|
    |ap_sig_allocacmp_j_load                 |   9|          2|    5|         10|
    |i_13_fu_50                              |   9|          2|    7|         14|
    |indvar_flatten24_fu_54                  |   9|          2|   11|         22|
    |j_fu_46                                 |   9|          2|    5|         10|
    +----------------------------------------+----+-----------+-----+-----------+
    |Total                                   |  63|         14|   47|         94|
    +----------------------------------------+----+-----------+-----+-----------+

    * Register: 
    +------------------------+----+----+-----+-----------+
    |          Name          | FF | LUT| Bits| Const Bits|
    +------------------------+----+----+-----+-----------+
    |ap_CS_fsm               |   1|   0|    1|          0|
    |ap_done_reg             |   1|   0|    1|          0|
    |i_13_fu_50              |   7|   0|    7|          0|
    |indvar_flatten24_fu_54  |  11|   0|   11|          0|
    |j_fu_46                 |   5|   0|    5|          0|
    +------------------------+----+----+-----+-----------+
    |Total                   |  25|   0|   25|          0|
    +------------------------+----+----+-----+-----------+



================================================================
== Interface
================================================================
* Summary: 
+-----------------------------------+-----+-----+------------+--------------------------------------------------+--------------+
|             RTL Ports             | Dir | Bits|  Protocol  |                   Source Object                  |    C Type    |
+-----------------------------------+-----+-----+------------+--------------------------------------------------+--------------+
|ap_clk                             |   in|    1|  ap_ctrl_hs|  Reset_Pipeline_VITIS_LOOP_692_8_VITIS_LOOP_693_9|  return value|
|ap_rst                             |   in|    1|  ap_ctrl_hs|  Reset_Pipeline_VITIS_LOOP_692_8_VITIS_LOOP_693_9|  return value|
|ap_start                           |   in|    1|  ap_ctrl_hs|  Reset_Pipeline_VITIS_LOOP_692_8_VITIS_LOOP_693_9|  return value|
|ap_done                            |  out|    1|  ap_ctrl_hs|  Reset_Pipeline_VITIS_LOOP_692_8_VITIS_LOOP_693_9|  return value|
|ap_idle                            |  out|    1|  ap_ctrl_hs|  Reset_Pipeline_VITIS_LOOP_692_8_VITIS_LOOP_693_9|  return value|
|ap_ready                           |  out|    1|  ap_ctrl_hs|  Reset_Pipeline_VITIS_LOOP_692_8_VITIS_LOOP_693_9|  return value|
|placement_dynamic_occupy_address0  |  out|   11|   ap_memory|                          placement_dynamic_occupy|         array|
|placement_dynamic_occupy_ce0       |  out|    1|   ap_memory|                          placement_dynamic_occupy|         array|
|placement_dynamic_occupy_we0       |  out|    1|   ap_memory|                          placement_dynamic_occupy|         array|
|placement_dynamic_occupy_d0        |  out|    1|   ap_memory|                          placement_dynamic_occupy|         array|
+-----------------------------------+-----+-----+------------+--------------------------------------------------+--------------+

============================================================
+ Verbose Summary: Synthesis Manager
============================================================
InlineROM: 1
ExposeGlobal: 0
============================================================
+ Verbose Summary: CDFG Model
============================================================
IsTopModel: 0
ResetActiveHigh: 1
IsCombinational: 2
IsDatapathOnly: 2
HasWiredReturn: 1
HasMFsm: 2
HasVarLatency: 1
IsPipeline: 0
IsRtlPipelined: 0
IsInstanceOverlapped: 0
IsDontTouch: 0
HasImplIP: 0
IsGatedGlobalClock: 0

+ Individual pipeline summary: 
  * Pipeline-0: initiation interval (II) = 1, depth = 1


============================================================
+ Verbose Summary: Schedule
============================================================
* Number of FSM states : 1
* Pipeline : 1
  Pipeline-0 : II = 1, D = 1, States = { 1 }
* Dataflow Pipeline: 0

* FSM state transitions: 
1 --> 

* FSM state operations: 

State 1 <SV = 0> <Delay = 6.37>
ST_1 : Operation 4 [1/1] (0.00ns)   --->   "%j = alloca i32 1"   --->   Operation 4 'alloca' 'j' <Predicate = true> <Delay = 0.00>
ST_1 : Operation 5 [1/1] (0.00ns)   --->   "%i_13 = alloca i32 1"   --->   Operation 5 'alloca' 'i_13' <Predicate = true> <Delay = 0.00>
ST_1 : Operation 6 [1/1] (0.00ns)   --->   "%indvar_flatten24 = alloca i32 1"   --->   Operation 6 'alloca' 'indvar_flatten24' <Predicate = true> <Delay = 0.00>
ST_1 : Operation 7 [1/1] (1.29ns)   --->   "%store_ln0 = store i11 0, i11 %indvar_flatten24"   --->   Operation 7 'store' 'store_ln0' <Predicate = true> <Delay = 1.29>
ST_1 : Operation 8 [1/1] (1.29ns)   --->   "%store_ln0 = store i7 0, i7 %i_13"   --->   Operation 8 'store' 'store_ln0' <Predicate = true> <Delay = 1.29>
ST_1 : Operation 9 [1/1] (1.29ns)   --->   "%store_ln0 = store i5 0, i5 %j"   --->   Operation 9 'store' 'store_ln0' <Predicate = true> <Delay = 1.29>
ST_1 : Operation 10 [1/1] (0.00ns)   --->   "%br_ln0 = br void %.preheader3.preheader"   --->   Operation 10 'br' 'br_ln0' <Predicate = true> <Delay = 0.00>
ST_1 : Operation 11 [1/1] (0.00ns)   --->   "%indvar_flatten24_load = load i11 %indvar_flatten24" [DynMap/DynMap_4HLS.cpp:692]   --->   Operation 11 'load' 'indvar_flatten24_load' <Predicate = true> <Delay = 0.00>
ST_1 : Operation 12 [1/1] (0.00ns)   --->   "%specpipeline_ln0 = specpipeline void @_ssdm_op_SpecPipeline, i32 4294967295, i32 0, i32 1, i32 0, void @p_str"   --->   Operation 12 'specpipeline' 'specpipeline_ln0' <Predicate = true> <Delay = 0.00>
ST_1 : Operation 13 [1/1] (1.88ns)   --->   "%icmp_ln692 = icmp_eq  i11 %indvar_flatten24_load, i11 1600" [DynMap/DynMap_4HLS.cpp:692]   --->   Operation 13 'icmp' 'icmp_ln692' <Predicate = true> <Delay = 1.88> <CoreInst = "Cmp">   --->   Core 9 'Cmp' <Latency = 0> <II = 1> <Delay = 1.07> <FuncUnit> <Opcode : 'icmp'> <InPorts = 2> <OutPorts = 1>
ST_1 : Operation 14 [1/1] (1.48ns)   --->   "%add_ln692_1 = add i11 %indvar_flatten24_load, i11 1" [DynMap/DynMap_4HLS.cpp:692]   --->   Operation 14 'add' 'add_ln692_1' <Predicate = true> <Delay = 1.48> <CoreInst = "Adder">   --->   Core 1 'Adder' <Latency = 0> <II = 1> <Delay = 1.48> <FuncUnit> <Opcode : 'add' 'sub'> <InPorts = 2> <OutPorts = 1>
ST_1 : Operation 15 [1/1] (0.00ns)   --->   "%br_ln692 = br i1 %icmp_ln692, void %.preheader3, void %.preheader2.preheader.preheader.exitStub" [DynMap/DynMap_4HLS.cpp:692]   --->   Operation 15 'br' 'br_ln692' <Predicate = true> <Delay = 0.00>
ST_1 : Operation 16 [1/1] (0.00ns)   --->   "%j_load = load i5 %j" [DynMap/DynMap_4HLS.cpp:693]   --->   Operation 16 'load' 'j_load' <Predicate = (!icmp_ln692)> <Delay = 0.00>
ST_1 : Operation 17 [1/1] (0.00ns)   --->   "%i_13_load = load i7 %i_13" [DynMap/DynMap_4HLS.cpp:692]   --->   Operation 17 'load' 'i_13_load' <Predicate = (!icmp_ln692)> <Delay = 0.00>
ST_1 : Operation 18 [1/1] (1.31ns)   --->   "%add_ln692 = add i7 %i_13_load, i7 1" [DynMap/DynMap_4HLS.cpp:692]   --->   Operation 18 'add' 'add_ln692' <Predicate = (!icmp_ln692)> <Delay = 1.31> <CoreInst = "Adder">   --->   Core 1 'Adder' <Latency = 0> <II = 1> <Delay = 1.48> <FuncUnit> <Opcode : 'add' 'sub'> <InPorts = 2> <OutPorts = 1>
ST_1 : Operation 19 [1/1] (0.00ns)   --->   "%specloopname_ln0 = specloopname void @_ssdm_op_SpecLoopName, void @VITIS_LOOP_692_8_VITIS_LOOP_693_9_str"   --->   Operation 19 'specloopname' 'specloopname_ln0' <Predicate = (!icmp_ln692)> <Delay = 0.00>
ST_1 : Operation 20 [1/1] (0.00ns)   --->   "%empty = speclooptripcount i32 @_ssdm_op_SpecLoopTripCount, i64 1600, i64 1600, i64 1600"   --->   Operation 20 'speclooptripcount' 'empty' <Predicate = (!icmp_ln692)> <Delay = 0.00>
ST_1 : Operation 21 [1/1] (0.97ns)   --->   "%icmp_ln693 = icmp_eq  i5 %j_load, i5 16" [DynMap/DynMap_4HLS.cpp:693]   --->   Operation 21 'icmp' 'icmp_ln693' <Predicate = (!icmp_ln692)> <Delay = 0.97> <CoreInst = "Cmp">   --->   Core 9 'Cmp' <Latency = 0> <II = 1> <Delay = 1.07> <FuncUnit> <Opcode : 'icmp'> <InPorts = 2> <OutPorts = 1>
ST_1 : Operation 22 [1/1] (0.97ns)   --->   "%select_ln692 = select i1 %icmp_ln693, i5 0, i5 %j_load" [DynMap/DynMap_4HLS.cpp:692]   --->   Operation 22 'select' 'select_ln692' <Predicate = (!icmp_ln692)> <Delay = 0.97> <CoreInst = "Sel">   --->   Core 73 'Sel' <Latency = 0> <II = 1> <Delay = 0.97> <FuncUnit> <Opcode : 'select'> <InPorts = 3> <OutPorts = 1>
ST_1 : Operation 23 [1/1] (0.80ns)   --->   "%select_ln692_1 = select i1 %icmp_ln693, i7 %add_ln692, i7 %i_13_load" [DynMap/DynMap_4HLS.cpp:692]   --->   Operation 23 'select' 'select_ln692_1' <Predicate = (!icmp_ln692)> <Delay = 0.80> <CoreInst = "Sel">   --->   Core 73 'Sel' <Latency = 0> <II = 1> <Delay = 0.97> <FuncUnit> <Opcode : 'select'> <InPorts = 3> <OutPorts = 1>
ST_1 : Operation 24 [1/1] (0.00ns)   --->   "%tmp_s = bitconcatenate i11 @_ssdm_op_BitConcatenate.i11.i7.i4, i7 %select_ln692_1, i4 0" [DynMap/DynMap_4HLS.cpp:694]   --->   Operation 24 'bitconcatenate' 'tmp_s' <Predicate = (!icmp_ln692)> <Delay = 0.00>
ST_1 : Operation 25 [1/1] (0.00ns)   --->   "%specpipeline_ln0 = specpipeline void @_ssdm_op_SpecPipeline, i32 4294967295, i32 0, i32 1, i32 0, void @p_str"   --->   Operation 25 'specpipeline' 'specpipeline_ln0' <Predicate = (!icmp_ln692)> <Delay = 0.00>
ST_1 : Operation 26 [1/1] (0.00ns)   --->   "%zext_ln694 = zext i5 %select_ln692" [DynMap/DynMap_4HLS.cpp:694]   --->   Operation 26 'zext' 'zext_ln694' <Predicate = (!icmp_ln692)> <Delay = 0.00>
ST_1 : Operation 27 [1/1] (1.48ns)   --->   "%add_ln694 = add i11 %tmp_s, i11 %zext_ln694" [DynMap/DynMap_4HLS.cpp:694]   --->   Operation 27 'add' 'add_ln694' <Predicate = (!icmp_ln692)> <Delay = 1.48> <CoreInst = "Adder">   --->   Core 1 'Adder' <Latency = 0> <II = 1> <Delay = 1.48> <FuncUnit> <Opcode : 'add' 'sub'> <InPorts = 2> <OutPorts = 1>
ST_1 : Operation 28 [1/1] (0.00ns)   --->   "%zext_ln694_1 = zext i11 %add_ln694" [DynMap/DynMap_4HLS.cpp:694]   --->   Operation 28 'zext' 'zext_ln694_1' <Predicate = (!icmp_ln692)> <Delay = 0.00>
ST_1 : Operation 29 [1/1] (0.00ns)   --->   "%placement_dynamic_occupy_addr = getelementptr i1 %placement_dynamic_occupy, i64 0, i64 %zext_ln694_1" [DynMap/DynMap_4HLS.cpp:694]   --->   Operation 29 'getelementptr' 'placement_dynamic_occupy_addr' <Predicate = (!icmp_ln692)> <Delay = 0.00>
ST_1 : Operation 30 [1/1] (0.00ns)   --->   "%specloopname_ln693 = specloopname void @_ssdm_op_SpecLoopName, void @empty_57" [DynMap/DynMap_4HLS.cpp:693]   --->   Operation 30 'specloopname' 'specloopname_ln693' <Predicate = (!icmp_ln692)> <Delay = 0.00>
ST_1 : Operation 31 [1/1] (2.77ns)   --->   "%store_ln694 = store i1 0, i11 %placement_dynamic_occupy_addr" [DynMap/DynMap_4HLS.cpp:694]   --->   Operation 31 'store' 'store_ln694' <Predicate = (!icmp_ln692)> <Delay = 2.77> <CoreInst = "RAM">   --->   Core 82 'RAM' <Latency = 1> <II = 1> <Delay = 2.77> <Storage> <Opcode : 'load' 'store'> <Ports = 2> <Width = 1> <Depth = 1600> <RAM>
ST_1 : Operation 32 [1/1] (1.02ns)   --->   "%add_ln693 = add i5 %select_ln692, i5 1" [DynMap/DynMap_4HLS.cpp:693]   --->   Operation 32 'add' 'add_ln693' <Predicate = (!icmp_ln692)> <Delay = 1.02> <CoreInst = "Adder">   --->   Core 1 'Adder' <Latency = 0> <II = 1> <Delay = 1.48> <FuncUnit> <Opcode : 'add' 'sub'> <InPorts = 2> <OutPorts = 1>
ST_1 : Operation 33 [1/1] (1.29ns)   --->   "%store_ln692 = store i11 %add_ln692_1, i11 %indvar_flatten24" [DynMap/DynMap_4HLS.cpp:692]   --->   Operation 33 'store' 'store_ln692' <Predicate = (!icmp_ln692)> <Delay = 1.29>
ST_1 : Operation 34 [1/1] (1.29ns)   --->   "%store_ln692 = store i7 %select_ln692_1, i7 %i_13" [DynMap/DynMap_4HLS.cpp:692]   --->   Operation 34 'store' 'store_ln692' <Predicate = (!icmp_ln692)> <Delay = 1.29>
ST_1 : Operation 35 [1/1] (1.29ns)   --->   "%store_ln693 = store i5 %add_ln693, i5 %j" [DynMap/DynMap_4HLS.cpp:693]   --->   Operation 35 'store' 'store_ln693' <Predicate = (!icmp_ln692)> <Delay = 1.29>
ST_1 : Operation 36 [1/1] (0.00ns)   --->   "%br_ln0 = br void %.preheader3.preheader"   --->   Operation 36 'br' 'br_ln0' <Predicate = (!icmp_ln692)> <Delay = 0.00>
ST_1 : Operation 37 [1/1] (0.00ns)   --->   "%ret_ln0 = ret"   --->   Operation 37 'ret' 'ret_ln0' <Predicate = (icmp_ln692)> <Delay = 0.00>


============================================================
+ Verbose Summary: Binding
============================================================
STG Binding: 
---------------- STG Properties BEGIN ----------------
- Is combinational: 0
- Is one-state seq: 0
- Is datapath-only: 0
- Is pipelined: 0
- Is top level: 0
Port [ Return ] is wired: 1; IO mode=ap_ctrl_hs:ce=0
Port [ placement_dynamic_occupy]:  wired=1; compound=1; hidden=0; nouse=0; global=1; static=1; extern=0; dir=1; type=1; pingpong=0; private_global=0; MemPort=[03]; IO mode=ap_memory:ce=0
---------------- STG Properties END ------------------

---------------- Datapath Model BEGIN ----------------

<LifeTime>
<method=bitvector/>
j                             (alloca           ) [ 01]
i_13                          (alloca           ) [ 01]
indvar_flatten24              (alloca           ) [ 01]
store_ln0                     (store            ) [ 00]
store_ln0                     (store            ) [ 00]
store_ln0                     (store            ) [ 00]
br_ln0                        (br               ) [ 00]
indvar_flatten24_load         (load             ) [ 00]
specpipeline_ln0              (specpipeline     ) [ 00]
icmp_ln692                    (icmp             ) [ 01]
add_ln692_1                   (add              ) [ 00]
br_ln692                      (br               ) [ 00]
j_load                        (load             ) [ 00]
i_13_load                     (load             ) [ 00]
add_ln692                     (add              ) [ 00]
specloopname_ln0              (specloopname     ) [ 00]
empty                         (speclooptripcount) [ 00]
icmp_ln693                    (icmp             ) [ 00]
select_ln692                  (select           ) [ 00]
select_ln692_1                (select           ) [ 00]
tmp_s                         (bitconcatenate   ) [ 00]
specpipeline_ln0              (specpipeline     ) [ 00]
zext_ln694                    (zext             ) [ 00]
add_ln694                     (add              ) [ 00]
zext_ln694_1                  (zext             ) [ 00]
placement_dynamic_occupy_addr (getelementptr    ) [ 00]
specloopname_ln693            (specloopname     ) [ 00]
store_ln694                   (store            ) [ 00]
add_ln693                     (add              ) [ 00]
store_ln692                   (store            ) [ 00]
store_ln692                   (store            ) [ 00]
store_ln693                   (store            ) [ 00]
br_ln0                        (br               ) [ 00]
ret_ln0                       (ret              ) [ 00]
</LifeTime>

<model>

<comp_list>
<comp id="0" class="1000" name="placement_dynamic_occupy">
<pin_list>
<pin id="1" dir="1" index="0" bw="1" slack="0"/>
</pin_list>
<bind>
<StgValue><ssdm name="placement_dynamic_occupy"/><MemPortTyVec>0 3 </MemPortTyVec>
</StgValue>
</bind>
</comp>

<comp id="2" class="1001" name="const_2">
<pin_list>
<pin id="3" dir="1" index="0" bw="1" slack="0"/>
</pin_list>
<bind>
<StgValue><ssdm name=""/></StgValue>
</bind>
</comp>

<comp id="4" class="1001" name="const_4">
<pin_list>
<pin id="5" dir="1" index="0" bw="1" slack="0"/>
</pin_list>
<bind>
<StgValue><ssdm name=""/></StgValue>
</bind>
</comp>

<comp id="6" class="1001" name="const_6">
<pin_list>
<pin id="7" dir="1" index="0" bw="1" slack="0"/>
</pin_list>
<bind>
<StgValue><ssdm name=""/></StgValue>
</bind>
</comp>

<comp id="8" class="1001" name="const_8">
<pin_list>
<pin id="9" dir="1" index="0" bw="1" slack="0"/>
</pin_list>
<bind>
<StgValue><ssdm name=""/></StgValue>
</bind>
</comp>

<comp id="10" class="1001" name="const_10">
<pin_list>
<pin id="11" dir="1" index="0" bw="1" slack="2147483647"/>
</pin_list>
<bind>
<StgValue><ssdm name="_ssdm_op_SpecPipeline"/></StgValue>
</bind>
</comp>

<comp id="12" class="1001" name="const_12">
<pin_list>
<pin id="13" dir="1" index="0" bw="1" slack="2147483647"/>
</pin_list>
<bind>
<StgValue><ssdm name=""/></StgValue>
</bind>
</comp>

<comp id="14" class="1001" name="const_14">
<pin_list>
<pin id="15" dir="1" index="0" bw="1" slack="2147483647"/>
</pin_list>
<bind>
<StgValue><ssdm name=""/></StgValue>
</bind>
</comp>

<comp id="16" class="1001" name="const_16">
<pin_list>
<pin id="17" dir="1" index="0" bw="1" slack="2147483647"/>
</pin_list>
<bind>
<StgValue><ssdm name="p_str"/></StgValue>
</bind>
</comp>

<comp id="18" class="1001" name="const_18">
<pin_list>
<pin id="19" dir="1" index="0" bw="1" slack="0"/>
</pin_list>
<bind>
<StgValue><ssdm name=""/></StgValue>
</bind>
</comp>

<comp id="20" class="1001" name="const_20">
<pin_list>
<pin id="21" dir="1" index="0" bw="1" slack="0"/>
</pin_list>
<bind>
<StgValue><ssdm name=""/></StgValue>
</bind>
</comp>

<comp id="22" class="1001" name="const_22">
<pin_list>
<pin id="23" dir="1" index="0" bw="1" slack="0"/>
</pin_list>
<bind>
<StgValue><ssdm name=""/></StgValue>
</bind>
</comp>

<comp id="24" class="1001" name="const_24">
<pin_list>
<pin id="25" dir="1" index="0" bw="1" slack="2147483647"/>
</pin_list>
<bind>
<StgValue><ssdm name="_ssdm_op_SpecLoopName"/></StgValue>
</bind>
</comp>

<comp id="26" class="1001" name="const_26">
<pin_list>
<pin id="27" dir="1" index="0" bw="1" slack="2147483647"/>
</pin_list>
<bind>
<StgValue><ssdm name="VITIS_LOOP_692_8_VITIS_LOOP_693_9_str"/></StgValue>
</bind>
</comp>

<comp id="28" class="1001" name="const_28">
<pin_list>
<pin id="29" dir="1" index="0" bw="1" slack="2147483647"/>
</pin_list>
<bind>
<StgValue><ssdm name="_ssdm_op_SpecLoopTripCount"/></StgValue>
</bind>
</comp>

<comp id="30" class="1001" name="const_30">
<pin_list>
<pin id="31" dir="1" index="0" bw="1" slack="2147483647"/>
</pin_list>
<bind>
<StgValue><ssdm name=""/></StgValue>
</bind>
</comp>

<comp id="32" class="1001" name="const_32">
<pin_list>
<pin id="33" dir="1" index="0" bw="1" slack="0"/>
</pin_list>
<bind>
<StgValue><ssdm name=""/></StgValue>
</bind>
</comp>

<comp id="34" class="1001" name="const_34">
<pin_list>
<pin id="35" dir="1" index="0" bw="1" slack="0"/>
</pin_list>
<bind>
<StgValue><ssdm name="_ssdm_op_BitConcatenate.i11.i7.i4"/></StgValue>
</bind>
</comp>

<comp id="36" class="1001" name="const_36">
<pin_list>
<pin id="37" dir="1" index="0" bw="1" slack="0"/>
</pin_list>
<bind>
<StgValue><ssdm name=""/></StgValue>
</bind>
</comp>

<comp id="38" class="1001" name="const_38">
<pin_list>
<pin id="39" dir="1" index="0" bw="1" slack="0"/>
</pin_list>
<bind>
<StgValue><ssdm name=""/></StgValue>
</bind>
</comp>

<comp id="40" class="1001" name="const_40">
<pin_list>
<pin id="41" dir="1" index="0" bw="1" slack="2147483647"/>
</pin_list>
<bind>
<StgValue><ssdm name="empty_57"/></StgValue>
</bind>
</comp>

<comp id="42" class="1001" name="const_42">
<pin_list>
<pin id="43" dir="1" index="0" bw="1" slack="0"/>
</pin_list>
<bind>
<StgValue><ssdm name=""/></StgValue>
</bind>
</comp>

<comp id="44" class="1001" name="const_44">
<pin_list>
<pin id="45" dir="1" index="0" bw="1" slack="0"/>
</pin_list>
<bind>
<StgValue><ssdm name=""/></StgValue>
</bind>
</comp>

<comp id="46" class="1004" name="j_fu_46">
<pin_list>
<pin id="47" dir="0" index="0" bw="1" slack="0"/>
<pin id="48" dir="1" index="1" bw="5" slack="0"/>
</pin_list>
<bind>
<opcode="alloca(26) " fcode="alloca"/>
<opset="j/1 "/>
</bind>
</comp>

<comp id="50" class="1004" name="i_13_fu_50">
<pin_list>
<pin id="51" dir="0" index="0" bw="1" slack="0"/>
<pin id="52" dir="1" index="1" bw="7" slack="0"/>
</pin_list>
<bind>
<opcode="alloca(26) " fcode="alloca"/>
<opset="i_13/1 "/>
</bind>
</comp>

<comp id="54" class="1004" name="indvar_flatten24_fu_54">
<pin_list>
<pin id="55" dir="0" index="0" bw="1" slack="0"/>
<pin id="56" dir="1" index="1" bw="11" slack="0"/>
</pin_list>
<bind>
<opcode="alloca(26) " fcode="alloca"/>
<opset="indvar_flatten24/1 "/>
</bind>
</comp>

<comp id="58" class="1004" name="placement_dynamic_occupy_addr_gep_fu_58">
<pin_list>
<pin id="59" dir="0" index="0" bw="1" slack="0"/>
<pin id="60" dir="0" index="1" bw="1" slack="0"/>
<pin id="61" dir="0" index="2" bw="11" slack="0"/>
<pin id="62" dir="1" index="3" bw="11" slack="0"/>
</pin_list>
<bind>
<opcode="getelementptr(29) " fcode="getelementptr"/>
<opset="placement_dynamic_occupy_addr/1 "/>
</bind>
</comp>

<comp id="65" class="1004" name="store_ln694_access_fu_65">
<pin_list>
<pin id="66" dir="0" index="0" bw="11" slack="0"/>
<pin id="67" dir="0" index="1" bw="1" slack="0"/>
<pin id="68" dir="0" index="2" bw="0" slack="2147483647"/>
<pin id="69" dir="1" index="3" bw="1" slack="2147483647"/>
</pin_list>
<bind>
<opcode="store(28) " fcode="store"/>
<opset="store_ln694/1 "/>
</bind>
</comp>

<comp id="72" class="1004" name="store_ln0_store_fu_72">
<pin_list>
<pin id="73" dir="0" index="0" bw="1" slack="0"/>
<pin id="74" dir="0" index="1" bw="11" slack="0"/>
<pin id="75" dir="1" index="2" bw="0" slack="2147483647"/>
</pin_list>
<bind>
<opcode="store(28) " fcode="store"/>
<opset="store_ln0/1 "/>
</bind>
</comp>

<comp id="77" class="1004" name="store_ln0_store_fu_77">
<pin_list>
<pin id="78" dir="0" index="0" bw="1" slack="0"/>
<pin id="79" dir="0" index="1" bw="7" slack="0"/>
<pin id="80" dir="1" index="2" bw="0" slack="2147483647"/>
</pin_list>
<bind>
<opcode="store(28) " fcode="store"/>
<opset="store_ln0/1 "/>
</bind>
</comp>

<comp id="82" class="1004" name="store_ln0_store_fu_82">
<pin_list>
<pin id="83" dir="0" index="0" bw="1" slack="0"/>
<pin id="84" dir="0" index="1" bw="5" slack="0"/>
<pin id="85" dir="1" index="2" bw="0" slack="2147483647"/>
</pin_list>
<bind>
<opcode="store(28) " fcode="store"/>
<opset="store_ln0/1 "/>
</bind>
</comp>

<comp id="87" class="1004" name="indvar_flatten24_load_load_fu_87">
<pin_list>
<pin id="88" dir="0" index="0" bw="11" slack="0"/>
<pin id="89" dir="1" index="1" bw="11" slack="0"/>
</pin_list>
<bind>
<opcode="load(27) " fcode="load"/>
<opset="indvar_flatten24_load/1 "/>
</bind>
</comp>

<comp id="90" class="1004" name="icmp_ln692_fu_90">
<pin_list>
<pin id="91" dir="0" index="0" bw="11" slack="0"/>
<pin id="92" dir="0" index="1" bw="11" slack="0"/>
<pin id="93" dir="1" index="2" bw="1" slack="2147483647"/>
</pin_list>
<bind>
<opcode="icmp(45) " fcode="icmp"/>
<opset="icmp_ln692/1 "/>
</bind>
</comp>

<comp id="96" class="1004" name="add_ln692_1_fu_96">
<pin_list>
<pin id="97" dir="0" index="0" bw="11" slack="0"/>
<pin id="98" dir="0" index="1" bw="1" slack="0"/>
<pin id="99" dir="1" index="2" bw="11" slack="0"/>
</pin_list>
<bind>
<opcode="add(8) " fcode="add"/>
<opset="add_ln692_1/1 "/>
</bind>
</comp>

<comp id="102" class="1004" name="j_load_load_fu_102">
<pin_list>
<pin id="103" dir="0" index="0" bw="5" slack="0"/>
<pin id="104" dir="1" index="1" bw="5" slack="0"/>
</pin_list>
<bind>
<opcode="load(27) " fcode="load"/>
<opset="j_load/1 "/>
</bind>
</comp>

<comp id="105" class="1004" name="i_13_load_load_fu_105">
<pin_list>
<pin id="106" dir="0" index="0" bw="7" slack="0"/>
<pin id="107" dir="1" index="1" bw="7" slack="0"/>
</pin_list>
<bind>
<opcode="load(27) " fcode="load"/>
<opset="i_13_load/1 "/>
</bind>
</comp>

<comp id="108" class="1004" name="add_ln692_fu_108">
<pin_list>
<pin id="109" dir="0" index="0" bw="7" slack="0"/>
<pin id="110" dir="0" index="1" bw="1" slack="0"/>
<pin id="111" dir="1" index="2" bw="7" slack="0"/>
</pin_list>
<bind>
<opcode="add(8) " fcode="add"/>
<opset="add_ln692/1 "/>
</bind>
</comp>

<comp id="114" class="1004" name="icmp_ln693_fu_114">
<pin_list>
<pin id="115" dir="0" index="0" bw="5" slack="0"/>
<pin id="116" dir="0" index="1" bw="5" slack="0"/>
<pin id="117" dir="1" index="2" bw="1" slack="0"/>
</pin_list>
<bind>
<opcode="icmp(45) " fcode="icmp"/>
<opset="icmp_ln693/1 "/>
</bind>
</comp>

<comp id="120" class="1004" name="select_ln692_fu_120">
<pin_list>
<pin id="121" dir="0" index="0" bw="1" slack="0"/>
<pin id="122" dir="0" index="1" bw="5" slack="0"/>
<pin id="123" dir="0" index="2" bw="5" slack="0"/>
<pin id="124" dir="1" index="3" bw="5" slack="0"/>
</pin_list>
<bind>
<opcode="select(49) " fcode="select"/>
<opset="select_ln692/1 "/>
</bind>
</comp>

<comp id="128" class="1004" name="select_ln692_1_fu_128">
<pin_list>
<pin id="129" dir="0" index="0" bw="1" slack="0"/>
<pin id="130" dir="0" index="1" bw="7" slack="0"/>
<pin id="131" dir="0" index="2" bw="7" slack="0"/>
<pin id="132" dir="1" index="3" bw="7" slack="0"/>
</pin_list>
<bind>
<opcode="select(49) " fcode="select"/>
<opset="select_ln692_1/1 "/>
</bind>
</comp>

<comp id="136" class="1004" name="tmp_s_fu_136">
<pin_list>
<pin id="137" dir="0" index="0" bw="11" slack="0"/>
<pin id="138" dir="0" index="1" bw="7" slack="0"/>
<pin id="139" dir="0" index="2" bw="1" slack="0"/>
<pin id="140" dir="1" index="3" bw="11" slack="0"/>
</pin_list>
<bind>
<opcode="bitconcatenate(1004) " fcode="bitconcatenate"/>
<opset="tmp_s/1 "/>
</bind>
</comp>

<comp id="144" class="1004" name="zext_ln694_fu_144">
<pin_list>
<pin id="145" dir="0" index="0" bw="5" slack="0"/>
<pin id="146" dir="1" index="1" bw="11" slack="0"/>
</pin_list>
<bind>
<opcode="zext(34) " fcode="zext"/>
<opset="zext_ln694/1 "/>
</bind>
</comp>

<comp id="148" class="1004" name="add_ln694_fu_148">
<pin_list>
<pin id="149" dir="0" index="0" bw="11" slack="0"/>
<pin id="150" dir="0" index="1" bw="5" slack="0"/>
<pin id="151" dir="1" index="2" bw="11" slack="0"/>
</pin_list>
<bind>
<opcode="add(8) " fcode="add"/>
<opset="add_ln694/1 "/>
</bind>
</comp>

<comp id="154" class="1004" name="zext_ln694_1_fu_154">
<pin_list>
<pin id="155" dir="0" index="0" bw="11" slack="0"/>
<pin id="156" dir="1" index="1" bw="64" slack="0"/>
</pin_list>
<bind>
<opcode="zext(34) " fcode="zext"/>
<opset="zext_ln694_1/1 "/>
</bind>
</comp>

<comp id="159" class="1004" name="add_ln693_fu_159">
<pin_list>
<pin id="160" dir="0" index="0" bw="5" slack="0"/>
<pin id="161" dir="0" index="1" bw="1" slack="0"/>
<pin id="162" dir="1" index="2" bw="5" slack="0"/>
</pin_list>
<bind>
<opcode="add(8) " fcode="add"/>
<opset="add_ln693/1 "/>
</bind>
</comp>

<comp id="165" class="1004" name="store_ln692_store_fu_165">
<pin_list>
<pin id="166" dir="0" index="0" bw="11" slack="0"/>
<pin id="167" dir="0" index="1" bw="11" slack="0"/>
<pin id="168" dir="1" index="2" bw="0" slack="2147483647"/>
</pin_list>
<bind>
<opcode="store(28) " fcode="store"/>
<opset="store_ln692/1 "/>
</bind>
</comp>

<comp id="170" class="1004" name="store_ln692_store_fu_170">
<pin_list>
<pin id="171" dir="0" index="0" bw="7" slack="0"/>
<pin id="172" dir="0" index="1" bw="7" slack="0"/>
<pin id="173" dir="1" index="2" bw="0" slack="2147483647"/>
</pin_list>
<bind>
<opcode="store(28) " fcode="store"/>
<opset="store_ln692/1 "/>
</bind>
</comp>

<comp id="175" class="1004" name="store_ln693_store_fu_175">
<pin_list>
<pin id="176" dir="0" index="0" bw="5" slack="0"/>
<pin id="177" dir="0" index="1" bw="5" slack="0"/>
<pin id="178" dir="1" index="2" bw="0" slack="2147483647"/>
</pin_list>
<bind>
<opcode="store(28) " fcode="store"/>
<opset="store_ln693/1 "/>
</bind>
</comp>

<comp id="180" class="1005" name="j_reg_180">
<pin_list>
<pin id="181" dir="0" index="0" bw="5" slack="0"/>
<pin id="182" dir="1" index="1" bw="5" slack="0"/>
</pin_list>
<bind>
<opset="j "/>
</bind>
</comp>

<comp id="187" class="1005" name="i_13_reg_187">
<pin_list>
<pin id="188" dir="0" index="0" bw="7" slack="0"/>
<pin id="189" dir="1" index="1" bw="7" slack="0"/>
</pin_list>
<bind>
<opset="i_13 "/>
</bind>
</comp>

<comp id="194" class="1005" name="indvar_flatten24_reg_194">
<pin_list>
<pin id="195" dir="0" index="0" bw="11" slack="0"/>
<pin id="196" dir="1" index="1" bw="11" slack="0"/>
</pin_list>
<bind>
<opset="indvar_flatten24 "/>
</bind>
</comp>

</comp_list>

<net_list>
<net id="49"><net_src comp="2" pin="0"/><net_sink comp="46" pin=0"/></net>

<net id="53"><net_src comp="2" pin="0"/><net_sink comp="50" pin=0"/></net>

<net id="57"><net_src comp="2" pin="0"/><net_sink comp="54" pin=0"/></net>

<net id="63"><net_src comp="0" pin="0"/><net_sink comp="58" pin=0"/></net>

<net id="64"><net_src comp="38" pin="0"/><net_sink comp="58" pin=1"/></net>

<net id="70"><net_src comp="42" pin="0"/><net_sink comp="65" pin=1"/></net>

<net id="71"><net_src comp="58" pin="3"/><net_sink comp="65" pin=0"/></net>

<net id="76"><net_src comp="4" pin="0"/><net_sink comp="72" pin=0"/></net>

<net id="81"><net_src comp="6" pin="0"/><net_sink comp="77" pin=0"/></net>

<net id="86"><net_src comp="8" pin="0"/><net_sink comp="82" pin=0"/></net>

<net id="94"><net_src comp="87" pin="1"/><net_sink comp="90" pin=0"/></net>

<net id="95"><net_src comp="18" pin="0"/><net_sink comp="90" pin=1"/></net>

<net id="100"><net_src comp="87" pin="1"/><net_sink comp="96" pin=0"/></net>

<net id="101"><net_src comp="20" pin="0"/><net_sink comp="96" pin=1"/></net>

<net id="112"><net_src comp="105" pin="1"/><net_sink comp="108" pin=0"/></net>

<net id="113"><net_src comp="22" pin="0"/><net_sink comp="108" pin=1"/></net>

<net id="118"><net_src comp="102" pin="1"/><net_sink comp="114" pin=0"/></net>

<net id="119"><net_src comp="32" pin="0"/><net_sink comp="114" pin=1"/></net>

<net id="125"><net_src comp="114" pin="2"/><net_sink comp="120" pin=0"/></net>

<net id="126"><net_src comp="8" pin="0"/><net_sink comp="120" pin=1"/></net>

<net id="127"><net_src comp="102" pin="1"/><net_sink comp="120" pin=2"/></net>

<net id="133"><net_src comp="114" pin="2"/><net_sink comp="128" pin=0"/></net>

<net id="134"><net_src comp="108" pin="2"/><net_sink comp="128" pin=1"/></net>

<net id="135"><net_src comp="105" pin="1"/><net_sink comp="128" pin=2"/></net>

<net id="141"><net_src comp="34" pin="0"/><net_sink comp="136" pin=0"/></net>

<net id="142"><net_src comp="128" pin="3"/><net_sink comp="136" pin=1"/></net>

<net id="143"><net_src comp="36" pin="0"/><net_sink comp="136" pin=2"/></net>

<net id="147"><net_src comp="120" pin="3"/><net_sink comp="144" pin=0"/></net>

<net id="152"><net_src comp="136" pin="3"/><net_sink comp="148" pin=0"/></net>

<net id="153"><net_src comp="144" pin="1"/><net_sink comp="148" pin=1"/></net>

<net id="157"><net_src comp="148" pin="2"/><net_sink comp="154" pin=0"/></net>

<net id="158"><net_src comp="154" pin="1"/><net_sink comp="58" pin=2"/></net>

<net id="163"><net_src comp="120" pin="3"/><net_sink comp="159" pin=0"/></net>

<net id="164"><net_src comp="44" pin="0"/><net_sink comp="159" pin=1"/></net>

<net id="169"><net_src comp="96" pin="2"/><net_sink comp="165" pin=0"/></net>

<net id="174"><net_src comp="128" pin="3"/><net_sink comp="170" pin=0"/></net>

<net id="179"><net_src comp="159" pin="2"/><net_sink comp="175" pin=0"/></net>

<net id="183"><net_src comp="46" pin="1"/><net_sink comp="180" pin=0"/></net>

<net id="184"><net_src comp="180" pin="1"/><net_sink comp="82" pin=1"/></net>

<net id="185"><net_src comp="180" pin="1"/><net_sink comp="102" pin=0"/></net>

<net id="186"><net_src comp="180" pin="1"/><net_sink comp="175" pin=1"/></net>

<net id="190"><net_src comp="50" pin="1"/><net_sink comp="187" pin=0"/></net>

<net id="191"><net_src comp="187" pin="1"/><net_sink comp="77" pin=1"/></net>

<net id="192"><net_src comp="187" pin="1"/><net_sink comp="105" pin=0"/></net>

<net id="193"><net_src comp="187" pin="1"/><net_sink comp="170" pin=1"/></net>

<net id="197"><net_src comp="54" pin="1"/><net_sink comp="194" pin=0"/></net>

<net id="198"><net_src comp="194" pin="1"/><net_sink comp="72" pin=1"/></net>

<net id="199"><net_src comp="194" pin="1"/><net_sink comp="87" pin=0"/></net>

<net id="200"><net_src comp="194" pin="1"/><net_sink comp="165" pin=1"/></net>

</net_list>

</model> 
---------------- Datapath Model END ------------------

* FSMD analyzer results:
  - Output states:
	Port: placement_dynamic_occupy | {1 }
 - Input state : 
	Port: Reset_Pipeline_VITIS_LOOP_692_8_VITIS_LOOP_693_9 : placement_dynamic_occupy | {}
  - Chain level:
	State 1
		store_ln0 : 1
		store_ln0 : 1
		store_ln0 : 1
		indvar_flatten24_load : 1
		icmp_ln692 : 2
		add_ln692_1 : 2
		br_ln692 : 3
		j_load : 1
		i_13_load : 1
		add_ln692 : 2
		icmp_ln693 : 2
		select_ln692 : 3
		select_ln692_1 : 3
		tmp_s : 4
		zext_ln694 : 4
		add_ln694 : 5
		zext_ln694_1 : 6
		placement_dynamic_occupy_addr : 7
		store_ln694 : 8
		add_ln693 : 4
		store_ln692 : 3
		store_ln692 : 4
		store_ln693 : 5


============================================================
+ Verbose Summary: Datapath Resource usage 
============================================================

* Functional unit list:
|----------|-----------------------|---------|---------|
| Operation|    Functional Unit    |    FF   |   LUT   |
|----------|-----------------------|---------|---------|
|          |   add_ln692_1_fu_96   |    0    |    11   |
|    add   |    add_ln692_fu_108   |    0    |    7    |
|          |    add_ln694_fu_148   |    0    |    11   |
|          |    add_ln693_fu_159   |    0    |    7    |
|----------|-----------------------|---------|---------|
|  select  |  select_ln692_fu_120  |    0    |    5    |
|          | select_ln692_1_fu_128 |    0    |    7    |
|----------|-----------------------|---------|---------|
|   icmp   |    icmp_ln692_fu_90   |    0    |    5    |
|          |   icmp_ln693_fu_114   |    0    |    2    |
|----------|-----------------------|---------|---------|
|bitconcatenate|      tmp_s_fu_136     |    0    |    0    |
|----------|-----------------------|---------|---------|
|   zext   |   zext_ln694_fu_144   |    0    |    0    |
|          |  zext_ln694_1_fu_154  |    0    |    0    |
|----------|-----------------------|---------|---------|
|   Total  |                       |    0    |    55   |
|----------|-----------------------|---------|---------|

Memories:
N/A

* Register list:
+------------------------+--------+
|                        |   FF   |
+------------------------+--------+
|      i_13_reg_187      |    7   |
|indvar_flatten24_reg_194|   11   |
|        j_reg_180       |    5   |
+------------------------+--------+
|          Total         |   23   |
+------------------------+--------+

* Multiplexer (MUX) list: 
|--------|------|------|------|--------|
|  Comp  |  Pin | Size |  BW  | S x BW |
|--------|------|------|------|--------|
|  Total |      |      |      |    0   |
|--------|------|------|------|--------|



* Summary:
+-----------+--------+--------+
|           |   FF   |   LUT  |
+-----------+--------+--------+
|  Function |    0   |   55   |
|   Memory  |    -   |    -   |
|Multiplexer|    -   |    -   |
|  Register |   23   |    -   |
+-----------+--------+--------+
|   Total   |   23   |   55   |
+-----------+--------+--------+
