

================================================================
== Vitis HLS Report for 'Reset_Pipeline_VITIS_LOOP_704_13'
================================================================
* Date:           Wed Jan 17 08:24:13 2024

* Version:        2021.2 (Build 3367213 on Tue Oct 19 02:48:09 MDT 2021)
* Project:        DynMap
* Solution:       solution1 (Vivado IP Flow Target)
* Product family: zynq
* Target device:  xc7z035-ffg676-2


================================================================
== Performance Estimates
================================================================
+ Timing: 
    * Summary: 
    +--------+----------+----------+------------+
    |  Clock |  Target  | Estimated| Uncertainty|
    +--------+----------+----------+------------+
    |ap_clk  |  10.00 ns|  4.526 ns|     2.70 ns|
    +--------+----------+----------+------------+

+ Latency: 
    * Summary: 
    +---------+---------+----------+----------+-----+-----+---------+
    |  Latency (cycles) |  Latency (absolute) |  Interval | Pipeline|
    |   min   |   max   |    min   |    max   | min | max |   Type  |
    +---------+---------+----------+----------+-----+-----+---------+
    |       19|       44|  0.190 us|  0.440 us|   19|   44|       no|
    +---------+---------+----------+----------+-----+-----+---------+

    + Detail: 
        * Instance: 
        N/A

        * Loop: 
        +---------------------+---------+---------+----------+-----------+-----------+---------+----------+
        |                     |  Latency (cycles) | Iteration|  Initiation Interval  |   Trip  |          |
        |      Loop Name      |   min   |   max   |  Latency |  achieved |   target  |  Count  | Pipelined|
        +---------------------+---------+---------+----------+-----------+-----------+---------+----------+
        |- VITIS_LOOP_704_13  |       17|       42|         2|          1|          1|  17 ~ 42|       yes|
        +---------------------+---------+---------+----------+-----------+-----------+---------+----------+

============================================================
+ Verbose Summary: Synthesis Manager
============================================================
InlineROM: 1
ExposeGlobal: 0
============================================================
+ Verbose Summary: CDFG Model
============================================================
IsTopModel: 0
ResetActiveHigh: 1
IsCombinational: 0
IsDatapathOnly: 0
HasWiredReturn: 1
HasMFsm: 2
HasVarLatency: 1
IsPipeline: 0
IsRtlPipelined: 0
IsInstanceOverlapped: 0
IsDontTouch: 0
HasImplIP: 0
IsGatedGlobalClock: 0

+ Individual pipeline summary: 
  * Pipeline-0: initiation interval (II) = 1, depth = 2


============================================================
+ Verbose Summary: Schedule
============================================================
* Number of FSM states : 2
* Pipeline : 1
  Pipeline-0 : II = 1, D = 2, States = { 1 2 }
* Dataflow Pipeline: 0

* FSM state transitions: 
1 --> 2 
2 --> 

* FSM state operations: 

State 1 <SV = 0> <Delay = 4.18>
ST_1 : Operation 5 [1/1] (0.00ns)   --->   "%i_15 = alloca i32 1"   --->   Operation 5 'alloca' 'i_15' <Predicate = true> <Delay = 0.00>
ST_1 : Operation 6 [1/1] (0.00ns)   --->   "%mul_ln725_read = read i10 @_ssdm_op_Read.ap_auto.i10, i10 %mul_ln725"   --->   Operation 6 'read' 'mul_ln725_read' <Predicate = true> <Delay = 0.00>
ST_1 : Operation 7 [1/1] (0.00ns)   --->   "%DFG_NodesCount_kernels_values_load_read = read i6 @_ssdm_op_Read.ap_auto.i6, i6 %DFG_NodesCount_kernels_values_load"   --->   Operation 7 'read' 'DFG_NodesCount_kernels_values_load_read' <Predicate = true> <Delay = 0.00>
ST_1 : Operation 8 [1/1] (1.29ns)   --->   "%store_ln0 = store i6 0, i6 %i_15"   --->   Operation 8 'store' 'store_ln0' <Predicate = true> <Delay = 1.29>
ST_1 : Operation 9 [1/1] (0.00ns)   --->   "%br_ln0 = br void %.lr.ph49"   --->   Operation 9 'br' 'br_ln0' <Predicate = true> <Delay = 0.00>
ST_1 : Operation 10 [1/1] (0.00ns)   --->   "%i = load i6 %i_15" [DynMap/DynMap_4HLS.cpp:704]   --->   Operation 10 'load' 'i' <Predicate = true> <Delay = 0.00>
ST_1 : Operation 11 [1/1] (0.00ns)   --->   "%specpipeline_ln0 = specpipeline void @_ssdm_op_SpecPipeline, i32 4294967295, i32 0, i32 1, i32 0, void @p_str"   --->   Operation 11 'specpipeline' 'specpipeline_ln0' <Predicate = true> <Delay = 0.00>
ST_1 : Operation 12 [1/1] (0.00ns)   --->   "%empty = speclooptripcount i32 @_ssdm_op_SpecLoopTripCount, i64 17, i64 42, i64 0"   --->   Operation 12 'speclooptripcount' 'empty' <Predicate = true> <Delay = 0.00>
ST_1 : Operation 13 [1/1] (1.07ns)   --->   "%icmp_ln704 = icmp_eq  i6 %i, i6 %DFG_NodesCount_kernels_values_load_read" [DynMap/DynMap_4HLS.cpp:704]   --->   Operation 13 'icmp' 'icmp_ln704' <Predicate = true> <Delay = 1.07> <CoreInst = "Cmp">   --->   Core 9 'Cmp' <Latency = 0> <II = 1> <Delay = 1.07> <FuncUnit> <Opcode : 'icmp'> <InPorts = 2> <OutPorts = 1>
ST_1 : Operation 14 [1/1] (1.28ns)   --->   "%i_18 = add i6 %i, i6 1" [DynMap/DynMap_4HLS.cpp:704]   --->   Operation 14 'add' 'i_18' <Predicate = true> <Delay = 1.28> <CoreInst = "Adder">   --->   Core 1 'Adder' <Latency = 0> <II = 1> <Delay = 1.41> <FuncUnit> <Opcode : 'add' 'sub'> <InPorts = 2> <OutPorts = 1>
ST_1 : Operation 15 [1/1] (0.00ns)   --->   "%br_ln704 = br i1 %icmp_ln704, void %.split22, void %._crit_edge50.loopexit.preheader.exitStub" [DynMap/DynMap_4HLS.cpp:704]   --->   Operation 15 'br' 'br_ln704' <Predicate = true> <Delay = 0.00>
ST_1 : Operation 16 [1/1] (0.00ns)   --->   "%zext_ln705_2 = zext i6 %i" [DynMap/DynMap_4HLS.cpp:705]   --->   Operation 16 'zext' 'zext_ln705_2' <Predicate = (!icmp_ln704)> <Delay = 0.00>
ST_1 : Operation 17 [1/1] (1.41ns)   --->   "%add_ln705 = add i10 %mul_ln725_read, i10 %zext_ln705_2" [DynMap/DynMap_4HLS.cpp:705]   --->   Operation 17 'add' 'add_ln705' <Predicate = (!icmp_ln704)> <Delay = 1.41> <CoreInst = "Adder">   --->   Core 1 'Adder' <Latency = 0> <II = 1> <Delay = 1.41> <FuncUnit> <Opcode : 'add' 'sub'> <InPorts = 2> <OutPorts = 1>
ST_1 : Operation 18 [1/1] (0.00ns)   --->   "%zext_ln705_3 = zext i10 %add_ln705" [DynMap/DynMap_4HLS.cpp:705]   --->   Operation 18 'zext' 'zext_ln705_3' <Predicate = (!icmp_ln704)> <Delay = 0.00>
ST_1 : Operation 19 [1/1] (0.00ns)   --->   "%placement_static_kernels_values_addr = getelementptr i6 %placement_static_kernels_values, i64 0, i64 %zext_ln705_3" [DynMap/DynMap_4HLS.cpp:705]   --->   Operation 19 'getelementptr' 'placement_static_kernels_values_addr' <Predicate = (!icmp_ln704)> <Delay = 0.00>
ST_1 : Operation 20 [2/2] (2.77ns)   --->   "%placement_static_kernels_values_load = load i10 %placement_static_kernels_values_addr" [DynMap/DynMap_4HLS.cpp:705]   --->   Operation 20 'load' 'placement_static_kernels_values_load' <Predicate = (!icmp_ln704)> <Delay = 2.77> <CoreInst = "ROM">   --->   Core 95 'ROM' <Latency = 1> <II = 1> <Delay = 2.77> <Storage> <Opcode : 'load'> <Ports = 0> <Width = 6> <Depth = 600> <ROM>
ST_1 : Operation 21 [1/1] (1.29ns)   --->   "%store_ln704 = store i6 %i_18, i6 %i_15" [DynMap/DynMap_4HLS.cpp:704]   --->   Operation 21 'store' 'store_ln704' <Predicate = (!icmp_ln704)> <Delay = 1.29>
ST_1 : Operation 29 [1/1] (0.00ns)   --->   "%ret_ln0 = ret"   --->   Operation 29 'ret' 'ret_ln0' <Predicate = (icmp_ln704)> <Delay = 0.00>

State 2 <SV = 1> <Delay = 4.52>
ST_2 : Operation 22 [1/1] (0.00ns)   --->   "%specloopname_ln704 = specloopname void @_ssdm_op_SpecLoopName, void @empty_45" [DynMap/DynMap_4HLS.cpp:704]   --->   Operation 22 'specloopname' 'specloopname_ln704' <Predicate = true> <Delay = 0.00>
ST_2 : Operation 23 [1/1] (0.00ns)   --->   "%zext_ln705 = zext i6 %i" [DynMap/DynMap_4HLS.cpp:705]   --->   Operation 23 'zext' 'zext_ln705' <Predicate = true> <Delay = 0.00>
ST_2 : Operation 24 [1/2] (2.77ns)   --->   "%placement_static_kernels_values_load = load i10 %placement_static_kernels_values_addr" [DynMap/DynMap_4HLS.cpp:705]   --->   Operation 24 'load' 'placement_static_kernels_values_load' <Predicate = true> <Delay = 2.77> <CoreInst = "ROM">   --->   Core 95 'ROM' <Latency = 1> <II = 1> <Delay = 2.77> <Storage> <Opcode : 'load'> <Ports = 0> <Width = 6> <Depth = 600> <ROM>
ST_2 : Operation 25 [1/1] (0.00ns)   --->   "%zext_ln705_1 = zext i6 %placement_static_kernels_values_load" [DynMap/DynMap_4HLS.cpp:705]   --->   Operation 25 'zext' 'zext_ln705_1' <Predicate = true> <Delay = 0.00>
ST_2 : Operation 26 [1/1] (0.00ns)   --->   "%placement_dynamic_dict_Opt2PC_keys_addr = getelementptr i8 %placement_dynamic_dict_Opt2PC_keys, i64 0, i64 %zext_ln705" [DynMap/DynMap_4HLS.cpp:705]   --->   Operation 26 'getelementptr' 'placement_dynamic_dict_Opt2PC_keys_addr' <Predicate = true> <Delay = 0.00>
ST_2 : Operation 27 [1/1] (1.75ns)   --->   "%store_ln705 = store i8 %zext_ln705_1, i7 %placement_dynamic_dict_Opt2PC_keys_addr" [DynMap/DynMap_4HLS.cpp:705]   --->   Operation 27 'store' 'store_ln705' <Predicate = true> <Delay = 1.75> <CoreInst = "RAM">   --->   Core 82 'RAM' <Latency = 1> <II = 1> <Delay = 1.75> <Storage> <Opcode : 'load' 'store'> <Ports = 2> <Width = 8> <Depth = 100> <RAM>
ST_2 : Operation 28 [1/1] (0.00ns)   --->   "%br_ln0 = br void %.lr.ph49"   --->   Operation 28 'br' 'br_ln0' <Predicate = true> <Delay = 0.00>


============================================================
+ Verbose Summary: Binding
============================================================
STG Binding: 
---------------- STG Properties BEGIN ----------------
- Is combinational: 0
- Is one-state seq: 0
- Is datapath-only: 0
- Is pipelined: 0
- Is top level: 0
Port [ Return ] is wired: 1; IO mode=ap_ctrl_hs:ce=0
Port [ DFG_NodesCount_kernels_values_load]:  wired=1; compound=0; hidden=0; nouse=0; global=0; static=0; extern=0; dir=0; type=0; pingpong=0; private_global=0; IO mode=ap_none:ce=0
Port [ mul_ln725]:  wired=1; compound=0; hidden=0; nouse=0; global=0; static=0; extern=0; dir=0; type=0; pingpong=0; private_global=0; IO mode=ap_none:ce=0
Port [ placement_static_kernels_values]:  wired=0; compound=1; hidden=1; nouse=0; global=1; static=1; extern=0; dir=0; type=1; pingpong=0; private_global=0; MemPort=[1]; IO mode=ap_memory:ce=0
Port [ placement_dynamic_dict_Opt2PC_keys]:  wired=1; compound=1; hidden=0; nouse=0; global=1; static=1; extern=0; dir=1; type=1; pingpong=0; private_global=0; MemPort=[03]; IO mode=ap_memory:ce=0
---------------- STG Properties END ------------------

---------------- Datapath Model BEGIN ----------------

<LifeTime>
<method=bitvector/>
i_15                                    (alloca           ) [ 010]
mul_ln725_read                          (read             ) [ 000]
DFG_NodesCount_kernels_values_load_read (read             ) [ 000]
store_ln0                               (store            ) [ 000]
br_ln0                                  (br               ) [ 000]
i                                       (load             ) [ 011]
specpipeline_ln0                        (specpipeline     ) [ 000]
empty                                   (speclooptripcount) [ 000]
icmp_ln704                              (icmp             ) [ 010]
i_18                                    (add              ) [ 000]
br_ln704                                (br               ) [ 000]
zext_ln705_2                            (zext             ) [ 000]
add_ln705                               (add              ) [ 000]
zext_ln705_3                            (zext             ) [ 000]
placement_static_kernels_values_addr    (getelementptr    ) [ 011]
store_ln704                             (store            ) [ 000]
specloopname_ln704                      (specloopname     ) [ 000]
zext_ln705                              (zext             ) [ 000]
placement_static_kernels_values_load    (load             ) [ 000]
zext_ln705_1                            (zext             ) [ 000]
placement_dynamic_dict_Opt2PC_keys_addr (getelementptr    ) [ 000]
store_ln705                             (store            ) [ 000]
br_ln0                                  (br               ) [ 000]
ret_ln0                                 (ret              ) [ 000]
</LifeTime>

<model>

<comp_list>
<comp id="0" class="1000" name="DFG_NodesCount_kernels_values_load">
<pin_list>
<pin id="1" dir="1" index="0" bw="1" slack="0"/>
</pin_list>
<bind>
<StgValue><ssdm name="DFG_NodesCount_kernels_values_load"/></StgValue>
</bind>
</comp>

<comp id="2" class="1000" name="mul_ln725">
<pin_list>
<pin id="3" dir="1" index="0" bw="1" slack="0"/>
</pin_list>
<bind>
<StgValue><ssdm name="mul_ln725"/></StgValue>
</bind>
</comp>

<comp id="4" class="1000" name="placement_static_kernels_values">
<pin_list>
<pin id="5" dir="1" index="0" bw="1" slack="0"/>
</pin_list>
<bind>
<StgValue><ssdm name="placement_static_kernels_values"/><MemPortTyVec>1 </MemPortTyVec>
</StgValue>
</bind>
</comp>

<comp id="6" class="1000" name="placement_dynamic_dict_Opt2PC_keys">
<pin_list>
<pin id="7" dir="1" index="0" bw="1" slack="0"/>
</pin_list>
<bind>
<StgValue><ssdm name="placement_dynamic_dict_Opt2PC_keys"/><MemPortTyVec>0 3 </MemPortTyVec>
</StgValue>
</bind>
</comp>

<comp id="8" class="1001" name="const_8">
<pin_list>
<pin id="9" dir="1" index="0" bw="1" slack="0"/>
</pin_list>
<bind>
<StgValue><ssdm name=""/></StgValue>
</bind>
</comp>

<comp id="10" class="1001" name="const_10">
<pin_list>
<pin id="11" dir="1" index="0" bw="1" slack="0"/>
</pin_list>
<bind>
<StgValue><ssdm name="_ssdm_op_Read.ap_auto.i10"/></StgValue>
</bind>
</comp>

<comp id="12" class="1001" name="const_12">
<pin_list>
<pin id="13" dir="1" index="0" bw="1" slack="0"/>
</pin_list>
<bind>
<StgValue><ssdm name="_ssdm_op_Read.ap_auto.i6"/></StgValue>
</bind>
</comp>

<comp id="14" class="1001" name="const_14">
<pin_list>
<pin id="15" dir="1" index="0" bw="1" slack="0"/>
</pin_list>
<bind>
<StgValue><ssdm name=""/></StgValue>
</bind>
</comp>

<comp id="16" class="1001" name="const_16">
<pin_list>
<pin id="17" dir="1" index="0" bw="1" slack="2147483647"/>
</pin_list>
<bind>
<StgValue><ssdm name="_ssdm_op_SpecPipeline"/></StgValue>
</bind>
</comp>

<comp id="18" class="1001" name="const_18">
<pin_list>
<pin id="19" dir="1" index="0" bw="1" slack="2147483647"/>
</pin_list>
<bind>
<StgValue><ssdm name=""/></StgValue>
</bind>
</comp>

<comp id="20" class="1001" name="const_20">
<pin_list>
<pin id="21" dir="1" index="0" bw="1" slack="2147483647"/>
</pin_list>
<bind>
<StgValue><ssdm name=""/></StgValue>
</bind>
</comp>

<comp id="22" class="1001" name="const_22">
<pin_list>
<pin id="23" dir="1" index="0" bw="1" slack="2147483647"/>
</pin_list>
<bind>
<StgValue><ssdm name="p_str"/></StgValue>
</bind>
</comp>

<comp id="24" class="1001" name="const_24">
<pin_list>
<pin id="25" dir="1" index="0" bw="1" slack="2147483647"/>
</pin_list>
<bind>
<StgValue><ssdm name="_ssdm_op_SpecLoopTripCount"/></StgValue>
</bind>
</comp>

<comp id="26" class="1001" name="const_26">
<pin_list>
<pin id="27" dir="1" index="0" bw="1" slack="2147483647"/>
</pin_list>
<bind>
<StgValue><ssdm name=""/></StgValue>
</bind>
</comp>

<comp id="28" class="1001" name="const_28">
<pin_list>
<pin id="29" dir="1" index="0" bw="1" slack="2147483647"/>
</pin_list>
<bind>
<StgValue><ssdm name=""/></StgValue>
</bind>
</comp>

<comp id="30" class="1001" name="const_30">
<pin_list>
<pin id="31" dir="1" index="0" bw="1" slack="0"/>
</pin_list>
<bind>
<StgValue><ssdm name=""/></StgValue>
</bind>
</comp>

<comp id="32" class="1001" name="const_32">
<pin_list>
<pin id="33" dir="1" index="0" bw="1" slack="0"/>
</pin_list>
<bind>
<StgValue><ssdm name=""/></StgValue>
</bind>
</comp>

<comp id="34" class="1001" name="const_34">
<pin_list>
<pin id="35" dir="1" index="0" bw="1" slack="2147483647"/>
</pin_list>
<bind>
<StgValue><ssdm name="_ssdm_op_SpecLoopName"/></StgValue>
</bind>
</comp>

<comp id="36" class="1001" name="const_36">
<pin_list>
<pin id="37" dir="1" index="0" bw="1" slack="2147483647"/>
</pin_list>
<bind>
<StgValue><ssdm name="empty_45"/></StgValue>
</bind>
</comp>

<comp id="38" class="1004" name="i_15_fu_38">
<pin_list>
<pin id="39" dir="0" index="0" bw="1" slack="0"/>
<pin id="40" dir="1" index="1" bw="6" slack="0"/>
</pin_list>
<bind>
<opcode="alloca(26) " fcode="alloca"/>
<opset="i_15/1 "/>
</bind>
</comp>

<comp id="42" class="1004" name="mul_ln725_read_read_fu_42">
<pin_list>
<pin id="43" dir="0" index="0" bw="10" slack="0"/>
<pin id="44" dir="0" index="1" bw="10" slack="0"/>
<pin id="45" dir="1" index="2" bw="10" slack="0"/>
</pin_list>
<bind>
<opcode="read(1150) " fcode="read"/>
<opset="mul_ln725_read/1 "/>
</bind>
</comp>

<comp id="48" class="1004" name="DFG_NodesCount_kernels_values_load_read_read_fu_48">
<pin_list>
<pin id="49" dir="0" index="0" bw="6" slack="0"/>
<pin id="50" dir="0" index="1" bw="6" slack="0"/>
<pin id="51" dir="1" index="2" bw="6" slack="0"/>
</pin_list>
<bind>
<opcode="read(1150) " fcode="read"/>
<opset="DFG_NodesCount_kernels_values_load_read/1 "/>
</bind>
</comp>

<comp id="54" class="1004" name="placement_static_kernels_values_addr_gep_fu_54">
<pin_list>
<pin id="55" dir="0" index="0" bw="6" slack="0"/>
<pin id="56" dir="0" index="1" bw="1" slack="0"/>
<pin id="57" dir="0" index="2" bw="10" slack="0"/>
<pin id="58" dir="1" index="3" bw="10" slack="0"/>
</pin_list>
<bind>
<opcode="getelementptr(29) " fcode="getelementptr"/>
<opset="placement_static_kernels_values_addr/1 "/>
</bind>
</comp>

<comp id="61" class="1004" name="grp_access_fu_61">
<pin_list>
<pin id="62" dir="0" index="0" bw="10" slack="0"/>
<pin id="63" dir="0" index="1" bw="6" slack="2147483647"/>
<pin id="64" dir="0" index="2" bw="0" slack="2147483647"/>
<pin id="65" dir="1" index="3" bw="6" slack="0"/>
</pin_list>
<bind>
<opcode="load(27) " fcode="load"/>
<opset="placement_static_kernels_values_load/1 "/>
</bind>
</comp>

<comp id="67" class="1004" name="placement_dynamic_dict_Opt2PC_keys_addr_gep_fu_67">
<pin_list>
<pin id="68" dir="0" index="0" bw="8" slack="0"/>
<pin id="69" dir="0" index="1" bw="1" slack="0"/>
<pin id="70" dir="0" index="2" bw="6" slack="0"/>
<pin id="71" dir="1" index="3" bw="7" slack="0"/>
</pin_list>
<bind>
<opcode="getelementptr(29) " fcode="getelementptr"/>
<opset="placement_dynamic_dict_Opt2PC_keys_addr/2 "/>
</bind>
</comp>

<comp id="74" class="1004" name="store_ln705_access_fu_74">
<pin_list>
<pin id="75" dir="0" index="0" bw="7" slack="0"/>
<pin id="76" dir="0" index="1" bw="8" slack="0"/>
<pin id="77" dir="0" index="2" bw="0" slack="2147483647"/>
<pin id="78" dir="1" index="3" bw="8" slack="2147483647"/>
</pin_list>
<bind>
<opcode="store(28) " fcode="store"/>
<opset="store_ln705/2 "/>
</bind>
</comp>

<comp id="80" class="1004" name="store_ln0_store_fu_80">
<pin_list>
<pin id="81" dir="0" index="0" bw="1" slack="0"/>
<pin id="82" dir="0" index="1" bw="6" slack="0"/>
<pin id="83" dir="1" index="2" bw="0" slack="2147483647"/>
</pin_list>
<bind>
<opcode="store(28) " fcode="store"/>
<opset="store_ln0/1 "/>
</bind>
</comp>

<comp id="85" class="1004" name="i_load_fu_85">
<pin_list>
<pin id="86" dir="0" index="0" bw="6" slack="0"/>
<pin id="87" dir="1" index="1" bw="6" slack="0"/>
</pin_list>
<bind>
<opcode="load(27) " fcode="load"/>
<opset="i/1 "/>
</bind>
</comp>

<comp id="88" class="1004" name="icmp_ln704_fu_88">
<pin_list>
<pin id="89" dir="0" index="0" bw="6" slack="0"/>
<pin id="90" dir="0" index="1" bw="6" slack="0"/>
<pin id="91" dir="1" index="2" bw="1" slack="2147483647"/>
</pin_list>
<bind>
<opcode="icmp(45) " fcode="icmp"/>
<opset="icmp_ln704/1 "/>
</bind>
</comp>

<comp id="94" class="1004" name="i_18_fu_94">
<pin_list>
<pin id="95" dir="0" index="0" bw="6" slack="0"/>
<pin id="96" dir="0" index="1" bw="1" slack="0"/>
<pin id="97" dir="1" index="2" bw="6" slack="0"/>
</pin_list>
<bind>
<opcode="add(8) " fcode="add"/>
<opset="i_18/1 "/>
</bind>
</comp>

<comp id="100" class="1004" name="zext_ln705_2_fu_100">
<pin_list>
<pin id="101" dir="0" index="0" bw="6" slack="0"/>
<pin id="102" dir="1" index="1" bw="10" slack="0"/>
</pin_list>
<bind>
<opcode="zext(34) " fcode="zext"/>
<opset="zext_ln705_2/1 "/>
</bind>
</comp>

<comp id="104" class="1004" name="add_ln705_fu_104">
<pin_list>
<pin id="105" dir="0" index="0" bw="10" slack="0"/>
<pin id="106" dir="0" index="1" bw="6" slack="0"/>
<pin id="107" dir="1" index="2" bw="10" slack="0"/>
</pin_list>
<bind>
<opcode="add(8) " fcode="add"/>
<opset="add_ln705/1 "/>
</bind>
</comp>

<comp id="110" class="1004" name="zext_ln705_3_fu_110">
<pin_list>
<pin id="111" dir="0" index="0" bw="10" slack="0"/>
<pin id="112" dir="1" index="1" bw="64" slack="0"/>
</pin_list>
<bind>
<opcode="zext(34) " fcode="zext"/>
<opset="zext_ln705_3/1 "/>
</bind>
</comp>

<comp id="115" class="1004" name="store_ln704_store_fu_115">
<pin_list>
<pin id="116" dir="0" index="0" bw="6" slack="0"/>
<pin id="117" dir="0" index="1" bw="6" slack="0"/>
<pin id="118" dir="1" index="2" bw="0" slack="2147483647"/>
</pin_list>
<bind>
<opcode="store(28) " fcode="store"/>
<opset="store_ln704/1 "/>
</bind>
</comp>

<comp id="120" class="1004" name="zext_ln705_fu_120">
<pin_list>
<pin id="121" dir="0" index="0" bw="6" slack="1"/>
<pin id="122" dir="1" index="1" bw="64" slack="0"/>
</pin_list>
<bind>
<opcode="zext(34) " fcode="zext"/>
<opset="zext_ln705/2 "/>
</bind>
</comp>

<comp id="124" class="1004" name="zext_ln705_1_fu_124">
<pin_list>
<pin id="125" dir="0" index="0" bw="6" slack="0"/>
<pin id="126" dir="1" index="1" bw="8" slack="0"/>
</pin_list>
<bind>
<opcode="zext(34) " fcode="zext"/>
<opset="zext_ln705_1/2 "/>
</bind>
</comp>

<comp id="129" class="1005" name="i_15_reg_129">
<pin_list>
<pin id="130" dir="0" index="0" bw="6" slack="0"/>
<pin id="131" dir="1" index="1" bw="6" slack="0"/>
</pin_list>
<bind>
<opset="i_15 "/>
</bind>
</comp>

<comp id="136" class="1005" name="i_reg_136">
<pin_list>
<pin id="137" dir="0" index="0" bw="6" slack="1"/>
<pin id="138" dir="1" index="1" bw="6" slack="1"/>
</pin_list>
<bind>
<opset="i "/>
</bind>
</comp>

<comp id="144" class="1005" name="placement_static_kernels_values_addr_reg_144">
<pin_list>
<pin id="145" dir="0" index="0" bw="10" slack="1"/>
<pin id="146" dir="1" index="1" bw="10" slack="1"/>
</pin_list>
<bind>
<opset="placement_static_kernels_values_addr "/>
</bind>
</comp>

</comp_list>

<net_list>
<net id="41"><net_src comp="8" pin="0"/><net_sink comp="38" pin=0"/></net>

<net id="46"><net_src comp="10" pin="0"/><net_sink comp="42" pin=0"/></net>

<net id="47"><net_src comp="2" pin="0"/><net_sink comp="42" pin=1"/></net>

<net id="52"><net_src comp="12" pin="0"/><net_sink comp="48" pin=0"/></net>

<net id="53"><net_src comp="0" pin="0"/><net_sink comp="48" pin=1"/></net>

<net id="59"><net_src comp="4" pin="0"/><net_sink comp="54" pin=0"/></net>

<net id="60"><net_src comp="30" pin="0"/><net_sink comp="54" pin=1"/></net>

<net id="66"><net_src comp="54" pin="3"/><net_sink comp="61" pin=0"/></net>

<net id="72"><net_src comp="6" pin="0"/><net_sink comp="67" pin=0"/></net>

<net id="73"><net_src comp="30" pin="0"/><net_sink comp="67" pin=1"/></net>

<net id="79"><net_src comp="67" pin="3"/><net_sink comp="74" pin=0"/></net>

<net id="84"><net_src comp="14" pin="0"/><net_sink comp="80" pin=0"/></net>

<net id="92"><net_src comp="85" pin="1"/><net_sink comp="88" pin=0"/></net>

<net id="93"><net_src comp="48" pin="2"/><net_sink comp="88" pin=1"/></net>

<net id="98"><net_src comp="85" pin="1"/><net_sink comp="94" pin=0"/></net>

<net id="99"><net_src comp="32" pin="0"/><net_sink comp="94" pin=1"/></net>

<net id="103"><net_src comp="85" pin="1"/><net_sink comp="100" pin=0"/></net>

<net id="108"><net_src comp="42" pin="2"/><net_sink comp="104" pin=0"/></net>

<net id="109"><net_src comp="100" pin="1"/><net_sink comp="104" pin=1"/></net>

<net id="113"><net_src comp="104" pin="2"/><net_sink comp="110" pin=0"/></net>

<net id="114"><net_src comp="110" pin="1"/><net_sink comp="54" pin=2"/></net>

<net id="119"><net_src comp="94" pin="2"/><net_sink comp="115" pin=0"/></net>

<net id="123"><net_src comp="120" pin="1"/><net_sink comp="67" pin=2"/></net>

<net id="127"><net_src comp="61" pin="3"/><net_sink comp="124" pin=0"/></net>

<net id="128"><net_src comp="124" pin="1"/><net_sink comp="74" pin=1"/></net>

<net id="132"><net_src comp="38" pin="1"/><net_sink comp="129" pin=0"/></net>

<net id="133"><net_src comp="129" pin="1"/><net_sink comp="80" pin=1"/></net>

<net id="134"><net_src comp="129" pin="1"/><net_sink comp="85" pin=0"/></net>

<net id="135"><net_src comp="129" pin="1"/><net_sink comp="115" pin=1"/></net>

<net id="139"><net_src comp="85" pin="1"/><net_sink comp="136" pin=0"/></net>

<net id="140"><net_src comp="136" pin="1"/><net_sink comp="120" pin=0"/></net>

<net id="147"><net_src comp="54" pin="3"/><net_sink comp="144" pin=0"/></net>

<net id="148"><net_src comp="144" pin="1"/><net_sink comp="61" pin=0"/></net>

</net_list>

</model> 
---------------- Datapath Model END ------------------

* FSMD analyzer results:
  - Output states:
	Port: placement_dynamic_dict_Opt2PC_keys | {2 }
 - Input state : 
	Port: Reset_Pipeline_VITIS_LOOP_704_13 : DFG_NodesCount_kernels_values_load | {1 }
	Port: Reset_Pipeline_VITIS_LOOP_704_13 : mul_ln725 | {1 }
	Port: Reset_Pipeline_VITIS_LOOP_704_13 : placement_static_kernels_values | {1 2 }
  - Chain level:
	State 1
		store_ln0 : 1
		i : 1
		icmp_ln704 : 2
		i_18 : 2
		br_ln704 : 3
		zext_ln705_2 : 2
		add_ln705 : 3
		zext_ln705_3 : 4
		placement_static_kernels_values_addr : 5
		placement_static_kernels_values_load : 6
		store_ln704 : 3
	State 2
		zext_ln705_1 : 1
		placement_dynamic_dict_Opt2PC_keys_addr : 1
		store_ln705 : 2


============================================================
+ Verbose Summary: Datapath Resource usage 
============================================================

* Functional unit list:
|----------|----------------------------------------------------|---------|---------|
| Operation|                   Functional Unit                  |    FF   |   LUT   |
|----------|----------------------------------------------------|---------|---------|
|    add   |                     i_18_fu_94                     |    0    |    6    |
|          |                  add_ln705_fu_104                  |    0    |    10   |
|----------|----------------------------------------------------|---------|---------|
|   icmp   |                  icmp_ln704_fu_88                  |    0    |    3    |
|----------|----------------------------------------------------|---------|---------|
|   read   |              mul_ln725_read_read_fu_42             |    0    |    0    |
|          | DFG_NodesCount_kernels_values_load_read_read_fu_48 |    0    |    0    |
|----------|----------------------------------------------------|---------|---------|
|          |                 zext_ln705_2_fu_100                |    0    |    0    |
|   zext   |                 zext_ln705_3_fu_110                |    0    |    0    |
|          |                  zext_ln705_fu_120                 |    0    |    0    |
|          |                 zext_ln705_1_fu_124                |    0    |    0    |
|----------|----------------------------------------------------|---------|---------|
|   Total  |                                                    |    0    |    19   |
|----------|----------------------------------------------------|---------|---------|

Memories:
N/A

* Register list:
+--------------------------------------------+--------+
|                                            |   FF   |
+--------------------------------------------+--------+
|                i_15_reg_129                |    6   |
|                  i_reg_136                 |    6   |
|placement_static_kernels_values_addr_reg_144|   10   |
+--------------------------------------------+--------+
|                    Total                   |   22   |
+--------------------------------------------+--------+

* Multiplexer (MUX) list: 
|------------------|------|------|------|--------||---------||---------|
|       Comp       |  Pin | Size |  BW  | S x BW ||  Delay  ||   LUT   |
|------------------|------|------|------|--------||---------||---------|
| grp_access_fu_61 |  p0  |   2  |  10  |   20   ||    9    |
|------------------|------|------|------|--------||---------||---------|
|       Total      |      |      |      |   20   ||  1.298  ||    9    |
|------------------|------|------|------|--------||---------||---------|



* Summary:
+-----------+--------+--------+--------+
|           |  Delay |   FF   |   LUT  |
+-----------+--------+--------+--------+
|  Function |    -   |    0   |   19   |
|   Memory  |    -   |    -   |    -   |
|Multiplexer|    1   |    -   |    9   |
|  Register |    -   |   22   |    -   |
+-----------+--------+--------+--------+
|   Total   |    1   |   22   |   28   |
+-----------+--------+--------+--------+
