

================================================================
== Vitis HLS Report for 'RoutingAvailability_CheckPredecessor_and_Placement_Pipeline_VITIS_LOOP_14_1'
================================================================
* Date:           Wed Jan 17 08:24:16 2024

* Version:        2021.2 (Build 3367213 on Tue Oct 19 02:48:09 MDT 2021)
* Project:        DynMap
* Solution:       solution1 (Vivado IP Flow Target)
* Product family: zynq
* Target device:  xc7z035-ffg676-2


================================================================
== Performance Estimates
================================================================
+ Timing: 
    * Summary: 
    +--------+----------+----------+------------+
    |  Clock |  Target  | Estimated| Uncertainty|
    +--------+----------+----------+------------+
    |ap_clk  |  10.00 ns|  4.367 ns|     2.70 ns|
    +--------+----------+----------+------------+

+ Latency: 
    * Summary: 
    +---------+---------+-----------+----------+-----+-----+---------+
    |  Latency (cycles) |  Latency (absolute)  |  Interval | Pipeline|
    |   min   |   max   |    min    |    max   | min | max |   Type  |
    +---------+---------+-----------+----------+-----+-----+---------+
    |        5|      204|  50.000 ns|  2.040 us|    5|  204|       no|
    +---------+---------+-----------+----------+-----+-----+---------+

    + Detail: 
        * Instance: 
        N/A

        * Loop: 
        +-------------------+---------+---------+----------+-----------+-----------+---------+----------+
        |                   |  Latency (cycles) | Iteration|  Initiation Interval  |   Trip  |          |
        |     Loop Name     |   min   |   max   |  Latency |  achieved |   target  |  Count  | Pipelined|
        +-------------------+---------+---------+----------+-----------+-----------+---------+----------+
        |- VITIS_LOOP_14_1  |        3|      201|         2|          2|          1|  1 ~ 100|       yes|
        +-------------------+---------+---------+----------+-----------+-----------+---------+----------+

============================================================
+ Verbose Summary: Synthesis Manager
============================================================
InlineROM: 1
ExposeGlobal: 0
============================================================
+ Verbose Summary: CDFG Model
============================================================
IsTopModel: 0
ResetActiveHigh: 1
IsCombinational: 0
IsDatapathOnly: 0
HasWiredReturn: 1
HasMFsm: 2
HasVarLatency: 1
IsPipeline: 0
IsRtlPipelined: 0
IsInstanceOverlapped: 0
IsDontTouch: 0
HasImplIP: 0
IsGatedGlobalClock: 0

+ Individual pipeline summary: 
  * Pipeline-0: initiation interval (II) = 2, depth = 2


============================================================
+ Verbose Summary: Schedule
============================================================
* Number of FSM states : 5
* Pipeline : 1
  Pipeline-0 : II = 2, D = 2, States = { 2 3 }
* Dataflow Pipeline: 0

* FSM state transitions: 
1 --> 2 
2 --> 3 
3 --> 4 5 2 
4 --> 
5 --> 4 

* FSM state operations: 

State 1 <SV = 0> <Delay = 1.29>
ST_1 : Operation 6 [1/1] (0.00ns)   --->   "%keyIdx = alloca i32 1"   --->   Operation 6 'alloca' 'keyIdx' <Predicate = true> <Delay = 0.00>
ST_1 : Operation 7 [1/1] (0.00ns)   --->   "%predecessors_load_read = read i8 @_ssdm_op_Read.ap_auto.i8, i8 %predecessors_load"   --->   Operation 7 'read' 'predecessors_load_read' <Predicate = true> <Delay = 0.00>
ST_1 : Operation 8 [1/1] (1.29ns)   --->   "%store_ln0 = store i7 0, i7 %keyIdx"   --->   Operation 8 'store' 'store_ln0' <Predicate = true> <Delay = 1.29>
ST_1 : Operation 9 [1/1] (0.00ns)   --->   "%br_ln0 = br void"   --->   Operation 9 'br' 'br_ln0' <Predicate = true> <Delay = 0.00>

State 2 <SV = 1> <Delay = 1.75>
ST_2 : Operation 10 [1/1] (0.00ns)   --->   "%keyIdx_1 = load i7 %keyIdx" [DynMap/DynMap_4HLS.cpp:14]   --->   Operation 10 'load' 'keyIdx_1' <Predicate = true> <Delay = 0.00>
ST_2 : Operation 11 [1/1] (0.00ns)   --->   "%trunc_ln14_cast2 = zext i7 %keyIdx_1" [DynMap/DynMap_4HLS.cpp:14]   --->   Operation 11 'zext' 'trunc_ln14_cast2' <Predicate = true> <Delay = 0.00>
ST_2 : Operation 12 [1/1] (0.00ns)   --->   "%specpipeline_ln0 = specpipeline void @_ssdm_op_SpecPipeline, i32 4294967295, i32 0, i32 1, i32 0, void @p_str"   --->   Operation 12 'specpipeline' 'specpipeline_ln0' <Predicate = true> <Delay = 0.00>
ST_2 : Operation 13 [1/1] (1.06ns)   --->   "%icmp_ln14 = icmp_ult  i7 %keyIdx_1, i7 100" [DynMap/DynMap_4HLS.cpp:14]   --->   Operation 13 'icmp' 'icmp_ln14' <Predicate = true> <Delay = 1.06> <CoreInst = "Cmp">   --->   Core 9 'Cmp' <Latency = 0> <II = 1> <Delay = 1.31> <FuncUnit> <Opcode : 'icmp'> <InPorts = 2> <OutPorts = 1>
ST_2 : Operation 14 [1/1] (0.00ns)   --->   "%empty = speclooptripcount i32 @_ssdm_op_SpecLoopTripCount, i64 1, i64 100, i64 50"   --->   Operation 14 'speclooptripcount' 'empty' <Predicate = true> <Delay = 0.00>
ST_2 : Operation 15 [1/1] (1.31ns)   --->   "%add_ln14 = add i7 %keyIdx_1, i7 1" [DynMap/DynMap_4HLS.cpp:14]   --->   Operation 15 'add' 'add_ln14' <Predicate = true> <Delay = 1.31> <CoreInst = "Adder">   --->   Core 1 'Adder' <Latency = 0> <II = 1> <Delay = 1.31> <FuncUnit> <Opcode : 'add' 'sub'> <InPorts = 2> <OutPorts = 1>
ST_2 : Operation 16 [1/1] (0.00ns)   --->   "%br_ln14 = br i1 %icmp_ln14, void %_Z28Calculate_CurToPred_Distancev.exit.loopexit.exitStub, void %.split" [DynMap/DynMap_4HLS.cpp:14]   --->   Operation 16 'br' 'br_ln14' <Predicate = true> <Delay = 0.00>
ST_2 : Operation 17 [1/1] (0.00ns)   --->   "%placement_dynamic_dict_Opt2Tile_keys_addr = getelementptr i8 %placement_dynamic_dict_Opt2Tile_keys, i64 0, i64 %trunc_ln14_cast2" [DynMap/DynMap_4HLS.cpp:15]   --->   Operation 17 'getelementptr' 'placement_dynamic_dict_Opt2Tile_keys_addr' <Predicate = (icmp_ln14)> <Delay = 0.00>
ST_2 : Operation 18 [2/2] (1.75ns)   --->   "%placement_dynamic_dict_Opt2Tile_keys_load = load i7 %placement_dynamic_dict_Opt2Tile_keys_addr" [DynMap/DynMap_4HLS.cpp:15]   --->   Operation 18 'load' 'placement_dynamic_dict_Opt2Tile_keys_load' <Predicate = (icmp_ln14)> <Delay = 1.75> <CoreInst = "RAM">   --->   Core 82 'RAM' <Latency = 1> <II = 1> <Delay = 1.75> <Storage> <Opcode : 'load' 'store'> <Ports = 2> <Width = 8> <Depth = 100> <RAM>

State 3 <SV = 2> <Delay = 4.36>
ST_3 : Operation 19 [1/1] (0.00ns)   --->   "%specloopname_ln13 = specloopname void @_ssdm_op_SpecLoopName, void @empty_10" [DynMap/DynMap_4HLS.cpp:13]   --->   Operation 19 'specloopname' 'specloopname_ln13' <Predicate = (icmp_ln14)> <Delay = 0.00>
ST_3 : Operation 20 [1/2] (1.75ns)   --->   "%placement_dynamic_dict_Opt2Tile_keys_load = load i7 %placement_dynamic_dict_Opt2Tile_keys_addr" [DynMap/DynMap_4HLS.cpp:15]   --->   Operation 20 'load' 'placement_dynamic_dict_Opt2Tile_keys_load' <Predicate = (icmp_ln14)> <Delay = 1.75> <CoreInst = "RAM">   --->   Core 82 'RAM' <Latency = 1> <II = 1> <Delay = 1.75> <Storage> <Opcode : 'load' 'store'> <Ports = 2> <Width = 8> <Depth = 100> <RAM>
ST_3 : Operation 21 [1/1] (1.31ns)   --->   "%icmp_ln15 = icmp_eq  i8 %placement_dynamic_dict_Opt2Tile_keys_load, i8 %predecessors_load_read" [DynMap/DynMap_4HLS.cpp:15]   --->   Operation 21 'icmp' 'icmp_ln15' <Predicate = (icmp_ln14)> <Delay = 1.31> <CoreInst = "Cmp">   --->   Core 9 'Cmp' <Latency = 0> <II = 1> <Delay = 1.31> <FuncUnit> <Opcode : 'icmp'> <InPorts = 2> <OutPorts = 1>
ST_3 : Operation 22 [1/1] (0.00ns)   --->   "%br_ln15 = br i1 %icmp_ln15, void, void %.exitStub" [DynMap/DynMap_4HLS.cpp:15]   --->   Operation 22 'br' 'br_ln15' <Predicate = (icmp_ln14)> <Delay = 0.00>
ST_3 : Operation 23 [1/1] (1.29ns)   --->   "%store_ln14 = store i7 %add_ln14, i7 %keyIdx" [DynMap/DynMap_4HLS.cpp:14]   --->   Operation 23 'store' 'store_ln14' <Predicate = (icmp_ln14 & !icmp_ln15)> <Delay = 1.29>
ST_3 : Operation 24 [1/1] (0.00ns)   --->   "%br_ln0 = br void"   --->   Operation 24 'br' 'br_ln0' <Predicate = (icmp_ln14 & !icmp_ln15)> <Delay = 0.00>

State 4 <SV = 3> <Delay = 1.29>
ST_4 : Operation 25 [1/1] (0.00ns)   --->   "%write_ln14 = write void @_ssdm_op_Write.ap_auto.i7P0A, i7 %trunc_ln14_cast2_out, i7 %keyIdx_1" [DynMap/DynMap_4HLS.cpp:14]   --->   Operation 25 'write' 'write_ln14' <Predicate = (icmp_ln14)> <Delay = 0.00>
ST_4 : Operation 26 [1/1] (1.29ns)   --->   "%br_ln0 = br void %UnifiedReturnBlock"   --->   Operation 26 'br' 'br_ln0' <Predicate = (icmp_ln14)> <Delay = 1.29>
ST_4 : Operation 27 [1/1] (0.00ns)   --->   "%UnifiedRetVal = phi i1 1, void %_Z28Calculate_CurToPred_Distancev.exit.loopexit.exitStub, i1 0, void %.exitStub"   --->   Operation 27 'phi' 'UnifiedRetVal' <Predicate = true> <Delay = 0.00>
ST_4 : Operation 28 [1/1] (0.00ns)   --->   "%ret_ln0 = ret i1 %UnifiedRetVal"   --->   Operation 28 'ret' 'ret_ln0' <Predicate = true> <Delay = 0.00>

State 5 <SV = 2> <Delay = 1.29>
ST_5 : Operation 29 [1/1] (0.00ns)   --->   "%write_ln0 = write void @_ssdm_op_Write.ap_auto.i7P0A, i7 %trunc_ln14_cast2_out, i7 100"   --->   Operation 29 'write' 'write_ln0' <Predicate = true> <Delay = 0.00>
ST_5 : Operation 30 [1/1] (1.29ns)   --->   "%br_ln0 = br void %UnifiedReturnBlock"   --->   Operation 30 'br' 'br_ln0' <Predicate = true> <Delay = 1.29>


============================================================
+ Verbose Summary: Timing violations
============================================================
Target clock period: 10ns, clock uncertainty: 2.7ns.

 <State 1>: 1.3ns
The critical path consists of the following:
	'alloca' operation ('keyIdx') [4]  (0 ns)
	'store' operation ('store_ln0') of constant 0 on local variable 'keyIdx' [6]  (1.3 ns)

 <State 2>: 1.75ns
The critical path consists of the following:
	'load' operation ('keyIdx', DynMap/DynMap_4HLS.cpp:14) on local variable 'keyIdx' [9]  (0 ns)
	'getelementptr' operation ('placement_dynamic_dict_Opt2Tile_keys_addr', DynMap/DynMap_4HLS.cpp:15) [18]  (0 ns)
	'load' operation ('placement_dynamic_dict_Opt2Tile_keys_load', DynMap/DynMap_4HLS.cpp:15) on array 'placement_dynamic_dict_Opt2Tile_keys' [19]  (1.75 ns)

 <State 3>: 4.37ns
The critical path consists of the following:
	'load' operation ('placement_dynamic_dict_Opt2Tile_keys_load', DynMap/DynMap_4HLS.cpp:15) on array 'placement_dynamic_dict_Opt2Tile_keys' [19]  (1.75 ns)
	'icmp' operation ('icmp_ln15', DynMap/DynMap_4HLS.cpp:15) [20]  (1.31 ns)
	blocking operation 1.3 ns on control path)

 <State 4>: 1.3ns
The critical path consists of the following:
	multiplexor before 'phi' operation ('UnifiedRetVal') [32]  (1.3 ns)
	'phi' operation ('UnifiedRetVal') [32]  (0 ns)

 <State 5>: 1.3ns
The critical path consists of the following:
	multiplexor before 'phi' operation ('UnifiedRetVal') [32]  (1.3 ns)


============================================================
+ Verbose Summary: Binding
============================================================
N/A
* FSMD analyzer results:
  - Output states:
 - Input state : 
  - Chain level:
	State 1
	State 2
	State 3
	State 4
	State 5


============================================================
+ Verbose Summary: Datapath Resource usage 
============================================================
N/A
