

================================================================
== Vitis HLS Report for 'RoutingAvailability_CheckPredecessor_and_Placement_Pipeline_VITIS_LOOP_39_2'
================================================================
* Date:           Wed Jan  3 23:38:48 2024

* Version:        2021.2 (Build 3367213 on Tue Oct 19 02:48:09 MDT 2021)
* Project:        DynMap
* Solution:       solution1 (Vivado IP Flow Target)
* Product family: zynq
* Target device:  xc7z035-ffg676-2


================================================================
== Performance Estimates
================================================================
+ Timing: 
    * Summary: 
    +--------+----------+----------+------------+
    |  Clock |  Target  | Estimated| Uncertainty|
    +--------+----------+----------+------------+
    |ap_clk  |  10.00 ns|  4.367 ns|     2.70 ns|
    +--------+----------+----------+------------+

+ Latency: 
    * Summary: 
    +---------+---------+-----------+----------+-----+-----+---------+
    |  Latency (cycles) |  Latency (absolute)  |  Interval | Pipeline|
    |   min   |   max   |    min    |    max   | min | max |   Type  |
    +---------+---------+-----------+----------+-----+-----+---------+
    |        5|      204|  50.000 ns|  2.040 us|    5|  204|       no|
    +---------+---------+-----------+----------+-----+-----+---------+

    + Detail: 
        * Instance: 
        N/A

        * Loop: 
        +-------------------+---------+---------+----------+-----------+-----------+---------+----------+
        |                   |  Latency (cycles) | Iteration|  Initiation Interval  |   Trip  |          |
        |     Loop Name     |   min   |   max   |  Latency |  achieved |   target  |  Count  | Pipelined|
        +-------------------+---------+---------+----------+-----------+-----------+---------+----------+
        |- VITIS_LOOP_39_2  |        3|      201|         2|          2|          1|  1 ~ 100|       yes|
        +-------------------+---------+---------+----------+-----------+-----------+---------+----------+

============================================================
+ Verbose Summary: Synthesis Manager
============================================================
InlineROM: 1
ExposeGlobal: 0
============================================================
+ Verbose Summary: CDFG Model
============================================================
IsTopModel: 0
ResetActiveHigh: 1
IsCombinational: 0
IsDatapathOnly: 0
HasWiredReturn: 1
HasMFsm: 2
HasVarLatency: 1
IsPipeline: 0
IsRtlPipelined: 0
IsInstanceOverlapped: 0
IsDontTouch: 0
HasImplIP: 0
IsGatedGlobalClock: 0

+ Individual pipeline summary: 
  * Pipeline-0: initiation interval (II) = 2, depth = 2


============================================================
+ Verbose Summary: Schedule
============================================================
* Number of FSM states : 5
* Pipeline : 1
  Pipeline-0 : II = 2, D = 2, States = { 2 3 }
* Dataflow Pipeline: 0

* FSM state transitions: 
1 --> 2 
2 --> 3 
3 --> 4 5 2 
4 --> 
5 --> 4 

* FSM state operations: 

State 1 <SV = 0> <Delay = 1.29>
ST_1 : Operation 6 [1/1] (0.00ns)   --->   "%phi_ln39 = alloca i32 1"   --->   Operation 6 'alloca' 'phi_ln39' <Predicate = true> <Delay = 0.00>
ST_1 : Operation 7 [1/1] (0.00ns)   --->   "%zext_ln286_read = read i6 @_ssdm_op_Read.ap_auto.i6, i6 %zext_ln286"   --->   Operation 7 'read' 'zext_ln286_read' <Predicate = true> <Delay = 0.00>
ST_1 : Operation 8 [1/1] (0.00ns)   --->   "%zext_ln286_cast = zext i6 %zext_ln286_read"   --->   Operation 8 'zext' 'zext_ln286_cast' <Predicate = true> <Delay = 0.00>
ST_1 : Operation 9 [1/1] (1.29ns)   --->   "%store_ln0 = store i7 0, i7 %phi_ln39"   --->   Operation 9 'store' 'store_ln0' <Predicate = true> <Delay = 1.29>
ST_1 : Operation 10 [1/1] (0.00ns)   --->   "%br_ln0 = br void"   --->   Operation 10 'br' 'br_ln0' <Predicate = true> <Delay = 0.00>

State 2 <SV = 1> <Delay = 1.75>
ST_2 : Operation 11 [1/1] (0.00ns)   --->   "%phi_ln39_load = load i7 %phi_ln39" [DynMap/DynMap_4HLS.cpp:39]   --->   Operation 11 'load' 'phi_ln39_load' <Predicate = true> <Delay = 0.00>
ST_2 : Operation 12 [1/1] (0.00ns)   --->   "%trunc_ln39_2_cast = zext i7 %phi_ln39_load" [DynMap/DynMap_4HLS.cpp:39]   --->   Operation 12 'zext' 'trunc_ln39_2_cast' <Predicate = true> <Delay = 0.00>
ST_2 : Operation 13 [1/1] (0.00ns)   --->   "%specpipeline_ln0 = specpipeline void @_ssdm_op_SpecPipeline, i32 4294967295, i32 0, i32 1, i32 0, void @p_str"   --->   Operation 13 'specpipeline' 'specpipeline_ln0' <Predicate = true> <Delay = 0.00>
ST_2 : Operation 14 [1/1] (1.06ns)   --->   "%icmp_ln39 = icmp_ult  i7 %phi_ln39_load, i7 100" [DynMap/DynMap_4HLS.cpp:39]   --->   Operation 14 'icmp' 'icmp_ln39' <Predicate = true> <Delay = 1.06> <CoreInst = "Cmp">   --->   Core 9 'Cmp' <Latency = 0> <II = 1> <Delay = 1.31> <FuncUnit> <Opcode : 'icmp'> <InPorts = 2> <OutPorts = 1>
ST_2 : Operation 15 [1/1] (0.00ns)   --->   "%empty = speclooptripcount i32 @_ssdm_op_SpecLoopTripCount, i64 1, i64 100, i64 50"   --->   Operation 15 'speclooptripcount' 'empty' <Predicate = true> <Delay = 0.00>
ST_2 : Operation 16 [1/1] (1.31ns)   --->   "%add_ln39 = add i7 %phi_ln39_load, i7 1" [DynMap/DynMap_4HLS.cpp:39]   --->   Operation 16 'add' 'add_ln39' <Predicate = true> <Delay = 1.31> <CoreInst = "Adder">   --->   Core 1 'Adder' <Latency = 0> <II = 1> <Delay = 1.31> <FuncUnit> <Opcode : 'add' 'sub'> <InPorts = 2> <OutPorts = 1>
ST_2 : Operation 17 [1/1] (0.00ns)   --->   "%br_ln39 = br i1 %icmp_ln39, void %.loopexit.i.i.exitStub, void %.split14" [DynMap/DynMap_4HLS.cpp:39]   --->   Operation 17 'br' 'br_ln39' <Predicate = true> <Delay = 0.00>
ST_2 : Operation 18 [1/1] (0.00ns)   --->   "%placement_dynamic_dict_Opt2Tile_keys_addr = getelementptr i8 %placement_dynamic_dict_Opt2Tile_keys, i64 0, i64 %trunc_ln39_2_cast" [DynMap/DynMap_4HLS.cpp:40]   --->   Operation 18 'getelementptr' 'placement_dynamic_dict_Opt2Tile_keys_addr' <Predicate = (icmp_ln39)> <Delay = 0.00>
ST_2 : Operation 19 [2/2] (1.75ns)   --->   "%placement_dynamic_dict_Opt2Tile_keys_load = load i7 %placement_dynamic_dict_Opt2Tile_keys_addr" [DynMap/DynMap_4HLS.cpp:40]   --->   Operation 19 'load' 'placement_dynamic_dict_Opt2Tile_keys_load' <Predicate = (icmp_ln39)> <Delay = 1.75> <CoreInst = "RAM">   --->   Core 82 'RAM' <Latency = 1> <II = 1> <Delay = 1.75> <Storage> <Opcode : 'load' 'store'> <Ports = 2> <Width = 8> <Depth = 100> <RAM>

State 3 <SV = 2> <Delay = 4.36>
ST_3 : Operation 20 [1/1] (0.00ns)   --->   "%specloopname_ln40 = specloopname void @_ssdm_op_SpecLoopName, void @empty_4" [DynMap/DynMap_4HLS.cpp:40]   --->   Operation 20 'specloopname' 'specloopname_ln40' <Predicate = (icmp_ln39)> <Delay = 0.00>
ST_3 : Operation 21 [1/2] (1.75ns)   --->   "%placement_dynamic_dict_Opt2Tile_keys_load = load i7 %placement_dynamic_dict_Opt2Tile_keys_addr" [DynMap/DynMap_4HLS.cpp:40]   --->   Operation 21 'load' 'placement_dynamic_dict_Opt2Tile_keys_load' <Predicate = (icmp_ln39)> <Delay = 1.75> <CoreInst = "RAM">   --->   Core 82 'RAM' <Latency = 1> <II = 1> <Delay = 1.75> <Storage> <Opcode : 'load' 'store'> <Ports = 2> <Width = 8> <Depth = 100> <RAM>
ST_3 : Operation 22 [1/1] (1.31ns)   --->   "%icmp_ln40 = icmp_eq  i8 %placement_dynamic_dict_Opt2Tile_keys_load, i8 %zext_ln286_cast" [DynMap/DynMap_4HLS.cpp:40]   --->   Operation 22 'icmp' 'icmp_ln40' <Predicate = (icmp_ln39)> <Delay = 1.31> <CoreInst = "Cmp">   --->   Core 9 'Cmp' <Latency = 0> <II = 1> <Delay = 1.31> <FuncUnit> <Opcode : 'icmp'> <InPorts = 2> <OutPorts = 1>
ST_3 : Operation 23 [1/1] (0.00ns)   --->   "%br_ln40 = br i1 %icmp_ln40, void, void %.exitStub" [DynMap/DynMap_4HLS.cpp:40]   --->   Operation 23 'br' 'br_ln40' <Predicate = (icmp_ln39)> <Delay = 0.00>
ST_3 : Operation 24 [1/1] (1.29ns)   --->   "%store_ln39 = store i7 %add_ln39, i7 %phi_ln39" [DynMap/DynMap_4HLS.cpp:39]   --->   Operation 24 'store' 'store_ln39' <Predicate = (icmp_ln39 & !icmp_ln40)> <Delay = 1.29>
ST_3 : Operation 25 [1/1] (0.00ns)   --->   "%br_ln0 = br void"   --->   Operation 25 'br' 'br_ln0' <Predicate = (icmp_ln39 & !icmp_ln40)> <Delay = 0.00>

State 4 <SV = 3> <Delay = 1.29>
ST_4 : Operation 26 [1/1] (0.00ns)   --->   "%write_ln39 = write void @_ssdm_op_Write.ap_auto.i7P0A, i7 %phi_ln39_out, i7 %phi_ln39_load" [DynMap/DynMap_4HLS.cpp:39]   --->   Operation 26 'write' 'write_ln39' <Predicate = (icmp_ln39)> <Delay = 0.00>
ST_4 : Operation 27 [1/1] (0.00ns)   --->   "%write_ln39 = write void @_ssdm_op_Write.ap_auto.i7P0A, i7 %trunc_ln39_2_cast_out, i7 %phi_ln39_load" [DynMap/DynMap_4HLS.cpp:39]   --->   Operation 27 'write' 'write_ln39' <Predicate = (icmp_ln39)> <Delay = 0.00>
ST_4 : Operation 28 [1/1] (1.29ns)   --->   "%br_ln0 = br void %UnifiedReturnBlock"   --->   Operation 28 'br' 'br_ln0' <Predicate = (icmp_ln39)> <Delay = 1.29>
ST_4 : Operation 29 [1/1] (0.00ns)   --->   "%UnifiedRetVal = phi i1 1, void %.loopexit.i.i.exitStub, i1 0, void %.exitStub"   --->   Operation 29 'phi' 'UnifiedRetVal' <Predicate = true> <Delay = 0.00>
ST_4 : Operation 30 [1/1] (0.00ns)   --->   "%ret_ln0 = ret i1 %UnifiedRetVal"   --->   Operation 30 'ret' 'ret_ln0' <Predicate = true> <Delay = 0.00>

State 5 <SV = 2> <Delay = 1.29>
ST_5 : Operation 31 [1/1] (0.00ns)   --->   "%write_ln0 = write void @_ssdm_op_Write.ap_auto.i7P0A, i7 %phi_ln39_out, i7 100"   --->   Operation 31 'write' 'write_ln0' <Predicate = true> <Delay = 0.00>
ST_5 : Operation 32 [1/1] (0.00ns)   --->   "%write_ln0 = write void @_ssdm_op_Write.ap_auto.i7P0A, i7 %trunc_ln39_2_cast_out, i7 100"   --->   Operation 32 'write' 'write_ln0' <Predicate = true> <Delay = 0.00>
ST_5 : Operation 33 [1/1] (1.29ns)   --->   "%br_ln0 = br void %UnifiedReturnBlock"   --->   Operation 33 'br' 'br_ln0' <Predicate = true> <Delay = 1.29>


============================================================
+ Verbose Summary: Timing violations
============================================================
Target clock period: 10ns, clock uncertainty: 2.7ns.

 <State 1>: 1.3ns
The critical path consists of the following:
	'alloca' operation ('phi_ln39') [5]  (0 ns)
	'store' operation ('store_ln0') of constant 0 on local variable 'phi_ln39' [8]  (1.3 ns)

 <State 2>: 1.75ns
The critical path consists of the following:
	'load' operation ('phi_ln39_load', DynMap/DynMap_4HLS.cpp:39) on local variable 'phi_ln39' [11]  (0 ns)
	'getelementptr' operation ('placement_dynamic_dict_Opt2Tile_keys_addr', DynMap/DynMap_4HLS.cpp:40) [20]  (0 ns)
	'load' operation ('placement_dynamic_dict_Opt2Tile_keys_load', DynMap/DynMap_4HLS.cpp:40) on array 'placement_dynamic_dict_Opt2Tile_keys' [21]  (1.75 ns)

 <State 3>: 4.37ns
The critical path consists of the following:
	'load' operation ('placement_dynamic_dict_Opt2Tile_keys_load', DynMap/DynMap_4HLS.cpp:40) on array 'placement_dynamic_dict_Opt2Tile_keys' [21]  (1.75 ns)
	'icmp' operation ('icmp_ln40', DynMap/DynMap_4HLS.cpp:40) [22]  (1.31 ns)
	blocking operation 1.3 ns on control path)

 <State 4>: 1.3ns
The critical path consists of the following:
	multiplexor before 'phi' operation ('UnifiedRetVal') [36]  (1.3 ns)
	'phi' operation ('UnifiedRetVal') [36]  (0 ns)

 <State 5>: 1.3ns
The critical path consists of the following:
	multiplexor before 'phi' operation ('UnifiedRetVal') [36]  (1.3 ns)


============================================================
+ Verbose Summary: Binding
============================================================
N/A
* FSMD analyzer results:
  - Output states:
 - Input state : 
  - Chain level:
	State 1
	State 2
	State 3
	State 4
	State 5


============================================================
+ Verbose Summary: Datapath Resource usage 
============================================================
N/A
