

================================================================
== Vitis HLS Report for 'dynamic_placement_routing_Pipeline_VITIS_LOOP_388_2'
================================================================
* Date:           Wed Jan  3 23:38:59 2024

* Version:        2021.2 (Build 3367213 on Tue Oct 19 02:48:09 MDT 2021)
* Project:        DynMap
* Solution:       solution1 (Vivado IP Flow Target)
* Product family: zynq
* Target device:  xc7z035-ffg676-2


================================================================
== Performance Estimates
================================================================
+ Timing: 
    * Summary: 
    +--------+----------+----------+------------+
    |  Clock |  Target  | Estimated| Uncertainty|
    +--------+----------+----------+------------+
    |ap_clk  |  10.00 ns|  5.034 ns|     2.70 ns|
    +--------+----------+----------+------------+

+ Latency: 
    * Summary: 
    +---------+---------+----------+----------+-----+-----+---------+
    |  Latency (cycles) |  Latency (absolute) |  Interval | Pipeline|
    |   min   |   max   |    min   |    max   | min | max |   Type  |
    +---------+---------+----------+----------+-----+-----+---------+
    |        ?|        ?|         ?|         ?|    ?|    ?|       no|
    +---------+---------+----------+----------+-----+-----+---------+

    + Detail: 
        * Instance: 
        N/A

        * Loop: 
        +--------------------+---------+---------+----------+-----------+-----------+------+----------+
        |                    |  Latency (cycles) | Iteration|  Initiation Interval  | Trip |          |
        |      Loop Name     |   min   |   max   |  Latency |  achieved |   target  | Count| Pipelined|
        +--------------------+---------+---------+----------+-----------+-----------+------+----------+
        |- VITIS_LOOP_388_2  |        ?|        ?|         2|          2|          1|     ?|       yes|
        +--------------------+---------+---------+----------+-----------+-----------+------+----------+



================================================================
== Utilization Estimates
================================================================
* Summary: 
+-----------------+---------+-----+--------+--------+-----+
|       Name      | BRAM_18K| DSP |   FF   |   LUT  | URAM|
+-----------------+---------+-----+--------+--------+-----+
|DSP              |        -|    -|       -|       -|    -|
|Expression       |        -|    -|       0|      10|    -|
|FIFO             |        -|    -|       -|       -|    -|
|Instance         |        -|    -|       -|       -|    -|
|Memory           |        -|    -|       -|       -|    -|
|Multiplexer      |        -|    -|       -|      58|    -|
|Register         |        -|    -|      14|       -|    -|
+-----------------+---------+-----+--------+--------+-----+
|Total            |        0|    0|      14|      68|    0|
+-----------------+---------+-----+--------+--------+-----+
|Available        |     1000|  900|  343800|  171900|    0|
+-----------------+---------+-----+--------+--------+-----+
|Utilization (%)  |        0|    0|      ~0|      ~0|    0|
+-----------------+---------+-----+--------+--------+-----+

+ Detail: 
    * Instance: 
    N/A

    * DSP: 
    N/A

    * Memory: 
    N/A

    * FIFO: 
    N/A

    * Expression: 
    +----------------------+----------+----+---+----+------------+------------+
    |     Variable Name    | Operation| DSP| FF| LUT| Bitwidth P0| Bitwidth P1|
    +----------------------+----------+----+---+----+------------+------------+
    |i_7_fu_109_p2         |         +|   0|  0|   6|           4|           1|
    |icmp_ln388_fu_103_p2  |      icmp|   0|  0|   2|           4|           4|
    |icmp_ln390_fu_130_p2  |      icmp|   0|  0|   2|           4|           4|
    +----------------------+----------+----+---+----+------------+------------+
    |Total                 |          |   0|  0|  10|          12|           9|
    +----------------------+----------+----+---+----+------------+------------+

    * Multiplexer: 
    +-------------------------------+----+-----------+-----+-----------+
    |              Name             | LUT| Input Size| Bits| Total Bits|
    +-------------------------------+----+-----------+-----+-----------+
    |ap_NS_fsm                      |  13|          3|    1|          3|
    |ap_done_int                    |   9|          2|    1|          2|
    |ap_phi_mux_merge_phi_fu_87_p4  |   9|          2|    1|          2|
    |ap_return                      |   9|          2|    1|          2|
    |ap_sig_allocacmp_i             |   9|          2|    4|          8|
    |i_3_fu_42                      |   9|          2|    4|          8|
    +-------------------------------+----+-----------+-----+-----------+
    |Total                          |  58|         13|   12|         25|
    +-------------------------------+----+-----------+-----+-----------+

    * Register: 
    +--------------------+---+----+-----+-----------+
    |        Name        | FF| LUT| Bits| Const Bits|
    +--------------------+---+----+-----+-----------+
    |ap_CS_fsm           |  2|   0|    2|          0|
    |ap_done_reg         |  1|   0|    1|          0|
    |ap_return_preg      |  1|   0|    1|          0|
    |i_3_fu_42           |  4|   0|    4|          0|
    |i_7_reg_155         |  4|   0|    4|          0|
    |icmp_ln388_reg_151  |  1|   0|    1|          0|
    |merge_reg_83        |  1|   0|    1|          0|
    +--------------------+---+----+-----+-----------+
    |Total               | 14|   0|   14|          0|
    +--------------------+---+----+-----+-----------+



================================================================
== Interface
================================================================
* Summary: 
+-------------------------------------------------------+-----+-----+------------+-----------------------------------------------------+--------------+
|                       RTL Ports                       | Dir | Bits|  Protocol  |                    Source Object                    |    C Type    |
+-------------------------------------------------------+-----+-----+------------+-----------------------------------------------------+--------------+
|ap_clk                                                 |   in|    1|  ap_ctrl_hs|  dynamic_placement_routing_Pipeline_VITIS_LOOP_388_2|  return value|
|ap_rst                                                 |   in|    1|  ap_ctrl_hs|  dynamic_placement_routing_Pipeline_VITIS_LOOP_388_2|  return value|
|ap_start                                               |   in|    1|  ap_ctrl_hs|  dynamic_placement_routing_Pipeline_VITIS_LOOP_388_2|  return value|
|ap_done                                                |  out|    1|  ap_ctrl_hs|  dynamic_placement_routing_Pipeline_VITIS_LOOP_388_2|  return value|
|ap_idle                                                |  out|    1|  ap_ctrl_hs|  dynamic_placement_routing_Pipeline_VITIS_LOOP_388_2|  return value|
|ap_ready                                               |  out|    1|  ap_ctrl_hs|  dynamic_placement_routing_Pipeline_VITIS_LOOP_388_2|  return value|
|ap_return                                              |  out|    1|  ap_ctrl_hs|  dynamic_placement_routing_Pipeline_VITIS_LOOP_388_2|  return value|
|allocated_tiles_levelsValidLen_shapes_values_load      |   in|    4|     ap_none|    allocated_tiles_levelsValidLen_shapes_values_load|        scalar|
|shape_idx_load                                         |   in|    5|     ap_none|                                       shape_idx_load|        scalar|
|initial_dynamic_level                                  |   in|    2|     ap_none|                                initial_dynamic_level|        scalar|
|curTileStatic                                          |   in|    4|     ap_none|                                        curTileStatic|        scalar|
|allocated_tiles_levels_dynamic_shapes_values_address0  |  out|   11|   ap_memory|         allocated_tiles_levels_dynamic_shapes_values|         array|
|allocated_tiles_levels_dynamic_shapes_values_ce0       |  out|    1|   ap_memory|         allocated_tiles_levels_dynamic_shapes_values|         array|
|allocated_tiles_levels_dynamic_shapes_values_q0        |   in|    4|   ap_memory|         allocated_tiles_levels_dynamic_shapes_values|         array|
+-------------------------------------------------------+-----+-----+------------+-----------------------------------------------------+--------------+

