

================================================================
== Vitis HLS Report for 'dynamic_placement_routing_Pipeline_VITIS_LOOP_624_6'
================================================================
* Date:           Wed Jan  3 23:38:57 2024

* Version:        2021.2 (Build 3367213 on Tue Oct 19 02:48:09 MDT 2021)
* Project:        DynMap
* Solution:       solution1 (Vivado IP Flow Target)
* Product family: zynq
* Target device:  xc7z035-ffg676-2


================================================================
== Performance Estimates
================================================================
+ Timing: 
    * Summary: 
    +--------+----------+----------+------------+
    |  Clock |  Target  | Estimated| Uncertainty|
    +--------+----------+----------+------------+
    |ap_clk  |  10.00 ns|  5.383 ns|     2.70 ns|
    +--------+----------+----------+------------+

+ Latency: 
    * Summary: 
    +---------+---------+----------+----------+-----+-----+---------+
    |  Latency (cycles) |  Latency (absolute) |  Interval | Pipeline|
    |   min   |   max   |    min   |    max   | min | max |   Type  |
    +---------+---------+----------+----------+-----+-----+---------+
    |        ?|        ?|         ?|         ?|    ?|    ?|       no|
    +---------+---------+----------+----------+-----+-----+---------+

    + Detail: 
        * Instance: 
        N/A

        * Loop: 
        +--------------------+---------+---------+----------+-----------+-----------+------+----------+
        |                    |  Latency (cycles) | Iteration|  Initiation Interval  | Trip |          |
        |      Loop Name     |   min   |   max   |  Latency |  achieved |   target  | Count| Pipelined|
        +--------------------+---------+---------+----------+-----------+-----------+------+----------+
        |- VITIS_LOOP_624_6  |        ?|        ?|         2|          2|          1|     ?|       yes|
        +--------------------+---------+---------+----------+-----------+-----------+------+----------+



================================================================
== Utilization Estimates
================================================================
* Summary: 
+-----------------+---------+-----+--------+--------+-----+
|       Name      | BRAM_18K| DSP |   FF   |   LUT  | URAM|
+-----------------+---------+-----+--------+--------+-----+
|DSP              |        -|    -|       -|       -|    -|
|Expression       |        -|    -|       0|      22|    -|
|FIFO             |        -|    -|       -|       -|    -|
|Instance         |        -|    -|       -|       -|    -|
|Memory           |        -|    -|       -|       -|    -|
|Multiplexer      |        -|    -|       -|      58|    -|
|Register         |        -|    -|      20|       -|    -|
+-----------------+---------+-----+--------+--------+-----+
|Total            |        0|    0|      20|      80|    0|
+-----------------+---------+-----+--------+--------+-----+
|Available        |     1000|  900|  343800|  171900|    0|
+-----------------+---------+-----+--------+--------+-----+
|Utilization (%)  |        0|    0|      ~0|      ~0|    0|
+-----------------+---------+-----+--------+--------+-----+

+ Detail: 
    * Instance: 
    N/A

    * DSP: 
    N/A

    * Memory: 
    N/A

    * FIFO: 
    N/A

    * Expression: 
    +----------------------+----------+----+---+----+------------+------------+
    |     Variable Name    | Operation| DSP| FF| LUT| Bitwidth P0| Bitwidth P1|
    +----------------------+----------+----+---+----+------------+------------+
    |add_ln627_fu_113_p2   |         +|   0|  0|  10|          10|          10|
    |j_2_fu_103_p2         |         +|   0|  0|   6|           4|           1|
    |icmp_ln624_fu_97_p2   |      icmp|   0|  0|   2|           4|           4|
    |icmp_ln626_fu_124_p2  |      icmp|   0|  0|   4|           8|           8|
    +----------------------+----------+----+---+----+------------+------------+
    |Total                 |          |   0|  0|  22|          26|          23|
    +----------------------+----------+----+---+----+------------+------------+

    * Multiplexer: 
    +-------------------------------+----+-----------+-----+-----------+
    |              Name             | LUT| Input Size| Bits| Total Bits|
    +-------------------------------+----+-----------+-----+-----------+
    |ap_NS_fsm                      |  13|          3|    1|          3|
    |ap_done_int                    |   9|          2|    1|          2|
    |ap_phi_mux_merge_phi_fu_77_p4  |   9|          2|    1|          2|
    |ap_return                      |   9|          2|    1|          2|
    |ap_sig_allocacmp_j_1           |   9|          2|    4|          8|
    |j_fu_38                        |   9|          2|    4|          8|
    +-------------------------------+----+-----------+-----+-----------+
    |Total                          |  58|         13|   12|         25|
    +-------------------------------+----+-----------+-----+-----------+

    * Register: 
    +-------------------------+---+----+-----+-----------+
    |           Name          | FF| LUT| Bits| Const Bits|
    +-------------------------+---+----+-----+-----------+
    |ap_CS_fsm                |  2|   0|    2|          0|
    |ap_done_reg              |  1|   0|    1|          0|
    |ap_return_preg           |  1|   0|    1|          0|
    |icmp_ln624_reg_145       |  1|   0|    1|          0|
    |j_2_reg_149              |  4|   0|    4|          0|
    |j_fu_38                  |  4|   0|    4|          0|
    |merge_reg_73             |  1|   0|    1|          0|
    |zext_ln608_cast_reg_140  |  6|   0|    8|          2|
    +-------------------------+---+----+-----+-----------+
    |Total                    | 20|   0|   22|          2|
    +-------------------------+---+----+-----+-----------+



================================================================
== Interface
================================================================
* Summary: 
+----------------------------------------+-----+-----+------------+-----------------------------------------------------+--------------+
|                RTL Ports               | Dir | Bits|  Protocol  |                    Source Object                    |    C Type    |
+----------------------------------------+-----+-----+------------+-----------------------------------------------------+--------------+
|ap_clk                                  |   in|    1|  ap_ctrl_hs|  dynamic_placement_routing_Pipeline_VITIS_LOOP_624_6|  return value|
|ap_rst                                  |   in|    1|  ap_ctrl_hs|  dynamic_placement_routing_Pipeline_VITIS_LOOP_624_6|  return value|
|ap_start                                |   in|    1|  ap_ctrl_hs|  dynamic_placement_routing_Pipeline_VITIS_LOOP_624_6|  return value|
|ap_done                                 |  out|    1|  ap_ctrl_hs|  dynamic_placement_routing_Pipeline_VITIS_LOOP_624_6|  return value|
|ap_idle                                 |  out|    1|  ap_ctrl_hs|  dynamic_placement_routing_Pipeline_VITIS_LOOP_624_6|  return value|
|ap_ready                                |  out|    1|  ap_ctrl_hs|  dynamic_placement_routing_Pipeline_VITIS_LOOP_624_6|  return value|
|ap_return                               |  out|    1|  ap_ctrl_hs|  dynamic_placement_routing_Pipeline_VITIS_LOOP_624_6|  return value|
|j_3_reload                              |   in|    4|     ap_none|                                           j_3_reload|        scalar|
|add_ln619                               |   in|   10|     ap_none|                                            add_ln619|        scalar|
|zext_ln608                              |   in|    6|     ap_none|                                           zext_ln608|        scalar|
|dependency_predecessor_values_address0  |  out|   10|   ap_memory|                        dependency_predecessor_values|         array|
|dependency_predecessor_values_ce0       |  out|    1|   ap_memory|                        dependency_predecessor_values|         array|
|dependency_predecessor_values_q0        |   in|    8|   ap_memory|                        dependency_predecessor_values|         array|
+----------------------------------------+-----+-----+------------+-----------------------------------------------------+--------------+

