

================================================================
== Vitis HLS Report for 'Reset_Pipeline_VITIS_LOOP_692_8_VITIS_LOOP_693_9'
================================================================
* Date:           Wed Jan 17 08:24:23 2024

* Version:        2021.2 (Build 3367213 on Tue Oct 19 02:48:09 MDT 2021)
* Project:        DynMap
* Solution:       solution1 (Vivado IP Flow Target)
* Product family: zynq
* Target device:  xc7z035-ffg676-2


================================================================
== Performance Estimates
================================================================
+ Timing: 
    * Summary: 
    +--------+----------+----------+------------+
    |  Clock |  Target  | Estimated| Uncertainty|
    +--------+----------+----------+------------+
    |ap_clk  |  10.00 ns|  6.377 ns|     2.70 ns|
    +--------+----------+----------+------------+

+ Latency: 
    * Summary: 
    +---------+---------+-----------+-----------+------+------+---------+
    |  Latency (cycles) |   Latency (absolute)  |   Interval  | Pipeline|
    |   min   |   max   |    min    |    max    |  min |  max |   Type  |
    +---------+---------+-----------+-----------+------+------+---------+
    |     1602|     1602|  16.020 us|  16.020 us|  1602|  1602|       no|
    +---------+---------+-----------+-----------+------+------+---------+

    + Detail: 
        * Instance: 
        N/A

        * Loop: 
        +-------------------------------------+---------+---------+----------+-----------+-----------+------+----------+
        |                                     |  Latency (cycles) | Iteration|  Initiation Interval  | Trip |          |
        |              Loop Name              |   min   |   max   |  Latency |  achieved |   target  | Count| Pipelined|
        +-------------------------------------+---------+---------+----------+-----------+-----------+------+----------+
        |- VITIS_LOOP_692_8_VITIS_LOOP_693_9  |     1600|     1600|         1|          1|          1|  1600|       yes|
        +-------------------------------------+---------+---------+----------+-----------+-----------+------+----------+



================================================================
== Utilization Estimates
================================================================
* Summary: 
+-----------------+---------+-----+--------+--------+-----+
|       Name      | BRAM_18K| DSP |   FF   |   LUT  | URAM|
+-----------------+---------+-----+--------+--------+-----+
|DSP              |        -|    -|       -|       -|    -|
|Expression       |        -|    -|       0|      56|    -|
|FIFO             |        -|    -|       -|       -|    -|
|Instance         |        -|    -|       -|       -|    -|
|Memory           |        -|    -|       -|       -|    -|
|Multiplexer      |        -|    -|       -|      63|    -|
|Register         |        -|    -|      25|       -|    -|
+-----------------+---------+-----+--------+--------+-----+
|Total            |        0|    0|      25|     119|    0|
+-----------------+---------+-----+--------+--------+-----+
|Available        |     1000|  900|  343800|  171900|    0|
+-----------------+---------+-----+--------+--------+-----+
|Utilization (%)  |        0|    0|      ~0|      ~0|    0|
+-----------------+---------+-----+--------+--------+-----+

+ Detail: 
    * Instance: 
    N/A

    * DSP: 
    N/A

    * Memory: 
    N/A

    * FIFO: 
    N/A

    * Expression: 
    +--------------------------+----------+----+---+----+------------+------------+
    |       Variable Name      | Operation| DSP| FF| LUT| Bitwidth P0| Bitwidth P1|
    +--------------------------+----------+----+---+----+------------+------------+
    |add_ln692_1_fu_96_p2      |         +|   0|  0|  11|          11|           1|
    |add_ln692_fu_108_p2       |         +|   0|  0|   7|           7|           1|
    |add_ln693_fu_159_p2       |         +|   0|  0|   7|           5|           1|
    |add_ln694_fu_148_p2       |         +|   0|  0|  11|          11|          11|
    |icmp_ln692_fu_90_p2       |      icmp|   0|  0|   5|          11|          10|
    |icmp_ln693_fu_114_p2      |      icmp|   0|  0|   3|           5|           6|
    |select_ln692_1_fu_128_p3  |    select|   0|  0|   7|           1|           7|
    |select_ln692_fu_120_p3    |    select|   0|  0|   5|           1|           1|
    +--------------------------+----------+----+---+----+------------+------------+
    |Total                     |          |   0|  0|  56|          52|          38|
    +--------------------------+----------+----+---+----+------------+------------+

    * Multiplexer: 
    +----------------------------------------+----+-----------+-----+-----------+
    |                  Name                  | LUT| Input Size| Bits| Total Bits|
    +----------------------------------------+----+-----------+-----+-----------+
    |ap_done_int                             |   9|          2|    1|          2|
    |ap_sig_allocacmp_i_13_load              |   9|          2|    7|         14|
    |ap_sig_allocacmp_indvar_flatten24_load  |   9|          2|   11|         22|
    |ap_sig_allocacmp_j_load                 |   9|          2|    5|         10|
    |i_13_fu_50                              |   9|          2|    7|         14|
    |indvar_flatten24_fu_54                  |   9|          2|   11|         22|
    |j_fu_46                                 |   9|          2|    5|         10|
    +----------------------------------------+----+-----------+-----+-----------+
    |Total                                   |  63|         14|   47|         94|
    +----------------------------------------+----+-----------+-----+-----------+

    * Register: 
    +------------------------+----+----+-----+-----------+
    |          Name          | FF | LUT| Bits| Const Bits|
    +------------------------+----+----+-----+-----------+
    |ap_CS_fsm               |   1|   0|    1|          0|
    |ap_done_reg             |   1|   0|    1|          0|
    |i_13_fu_50              |   7|   0|    7|          0|
    |indvar_flatten24_fu_54  |  11|   0|   11|          0|
    |j_fu_46                 |   5|   0|    5|          0|
    +------------------------+----+----+-----+-----------+
    |Total                   |  25|   0|   25|          0|
    +------------------------+----+----+-----+-----------+



================================================================
== Interface
================================================================
* Summary: 
+-----------------------------------+-----+-----+------------+--------------------------------------------------+--------------+
|             RTL Ports             | Dir | Bits|  Protocol  |                   Source Object                  |    C Type    |
+-----------------------------------+-----+-----+------------+--------------------------------------------------+--------------+
|ap_clk                             |   in|    1|  ap_ctrl_hs|  Reset_Pipeline_VITIS_LOOP_692_8_VITIS_LOOP_693_9|  return value|
|ap_rst                             |   in|    1|  ap_ctrl_hs|  Reset_Pipeline_VITIS_LOOP_692_8_VITIS_LOOP_693_9|  return value|
|ap_start                           |   in|    1|  ap_ctrl_hs|  Reset_Pipeline_VITIS_LOOP_692_8_VITIS_LOOP_693_9|  return value|
|ap_done                            |  out|    1|  ap_ctrl_hs|  Reset_Pipeline_VITIS_LOOP_692_8_VITIS_LOOP_693_9|  return value|
|ap_idle                            |  out|    1|  ap_ctrl_hs|  Reset_Pipeline_VITIS_LOOP_692_8_VITIS_LOOP_693_9|  return value|
|ap_ready                           |  out|    1|  ap_ctrl_hs|  Reset_Pipeline_VITIS_LOOP_692_8_VITIS_LOOP_693_9|  return value|
|placement_dynamic_occupy_address0  |  out|   11|   ap_memory|                          placement_dynamic_occupy|         array|
|placement_dynamic_occupy_ce0       |  out|    1|   ap_memory|                          placement_dynamic_occupy|         array|
|placement_dynamic_occupy_we0       |  out|    1|   ap_memory|                          placement_dynamic_occupy|         array|
|placement_dynamic_occupy_d0        |  out|    1|   ap_memory|                          placement_dynamic_occupy|         array|
+-----------------------------------+-----+-----+------------+--------------------------------------------------+--------------+

