

================================================================
== Vitis HLS Report for 'runOne'
================================================================
* Date:           Wed Jan  3 23:39:04 2024

* Version:        2021.2 (Build 3367213 on Tue Oct 19 02:48:09 MDT 2021)
* Project:        DynMap
* Solution:       solution1 (Vivado IP Flow Target)
* Product family: zynq
* Target device:  xc7z035-ffg676-2


================================================================
== Performance Estimates
================================================================
+ Timing: 
    * Summary: 
    +--------+----------+----------+------------+
    |  Clock |  Target  | Estimated| Uncertainty|
    +--------+----------+----------+------------+
    |ap_clk  |  10.00 ns|  7.292 ns|     2.70 ns|
    +--------+----------+----------+------------+

+ Latency: 
    * Summary: 
    +---------+---------+----------+----------+-----+-----+---------+
    |  Latency (cycles) |  Latency (absolute) |  Interval | Pipeline|
    |   min   |   max   |    min   |    max   | min | max |   Type  |
    +---------+---------+----------+----------+-----+-----+---------+
    |        ?|        ?|         ?|         ?|    ?|    ?|       no|
    +---------+---------+----------+----------+-----+-----+---------+

    + Detail: 
        * Instance: 
        +--------------------------------------+---------------------------+---------+---------+----------+----------+-------+-------+---------+
        |                                      |                           |  Latency (cycles) |  Latency (absolute) |    Interval   | Pipeline|
        |               Instance               |           Module          |   min   |   max   |    min   |    max   |  min  |  max  |   Type  |
        +--------------------------------------+---------------------------+---------+---------+----------+----------+-------+-------+---------+
        |grp_Reset_fu_334                      |Reset                      |    25653|    25678|  0.257 ms|  0.257 ms|  25653|  25678|       no|
        |grp_dynamic_placement_routing_fu_400  |dynamic_placement_routing  |        ?|        ?|         ?|         ?|      ?|      ?|       no|
        +--------------------------------------+---------------------------+---------+---------+----------+----------+-------+-------+---------+

        * Loop: 
        +--------------------+---------+---------+----------+-----------+-----------+------+----------+
        |                    |  Latency (cycles) | Iteration|  Initiation Interval  | Trip |          |
        |      Loop Name     |   min   |   max   |  Latency |  achieved |   target  | Count| Pipelined|
        +--------------------+---------+---------+----------+-----------+-----------+------+----------+
        |- VITIS_LOOP_783_1  |        ?|        ?|         ?|          -|          -|     ?|        no|
        +--------------------+---------+---------+----------+-----------+-----------+------+----------+



================================================================
== Utilization Estimates
================================================================
* Summary: 
+-----------------+---------+-----+--------+--------+-----+
|       Name      | BRAM_18K| DSP |   FF   |   LUT  | URAM|
+-----------------+---------+-----+--------+--------+-----+
|DSP              |        -|    -|       -|       -|    -|
|Expression       |        -|    -|       0|    1371|    -|
|FIFO             |        -|    -|       -|       -|    -|
|Instance         |       20|    2|    3899|    8881|    0|
|Memory           |       16|    -|      96|      56|    0|
|Multiplexer      |        -|    -|       -|    1146|    -|
|Register         |        -|    -|     653|       -|    -|
+-----------------+---------+-----+--------+--------+-----+
|Total            |       36|    2|    4648|   11454|    0|
+-----------------+---------+-----+--------+--------+-----+
|Available        |     1000|  900|  343800|  171900|    0|
+-----------------+---------+-----+--------+--------+-----+
|Utilization (%)  |        3|   ~0|       1|       6|    0|
+-----------------+---------+-----+--------+--------+-----+

+ Detail: 
    * Instance: 
    +--------------------------------------+-------------------------------+---------+----+------+------+-----+
    |               Instance               |             Module            | BRAM_18K| DSP|  FF  |  LUT | URAM|
    +--------------------------------------+-------------------------------+---------+----+------+------+-----+
    |grp_Reset_fu_334                      |Reset                          |       11|   1|   620|  1509|    0|
    |ddiv_64ns_64ns_64_31_no_dsp_1_U339    |ddiv_64ns_64ns_64_31_no_dsp_1  |        0|   0|     0|     0|    0|
    |grp_dynamic_placement_routing_fu_400  |dynamic_placement_routing      |        9|   1|  3173|  7265|    0|
    |mul_8s_10ns_18_1_1_U342               |mul_8s_10ns_18_1_1             |        0|   0|     0|    63|    0|
    |sitodp_32ns_64_5_no_dsp_1_U340        |sitodp_32ns_64_5_no_dsp_1      |        0|   0|     0|     0|    0|
    |sitodp_32ns_64_5_no_dsp_1_U341        |sitodp_32ns_64_5_no_dsp_1      |        0|   0|     0|     0|    0|
    |srem_8s_5ns_8_12_seq_1_U343           |srem_8s_5ns_8_12_seq_1         |        0|   0|   106|    44|    0|
    +--------------------------------------+-------------------------------+---------+----+------+------+-----+
    |Total                                 |                               |       20|   2|  3899|  8881|    0|
    +--------------------------------------+-------------------------------+---------+----+------+------+-----+

    * DSP: 
    N/A

    * Memory: 
    +------------------------------------------+----------------------------------------------------------------------------------+---------+----+----+-----+-------+-----+------+-------------+
    |                  Memory                  |                                      Module                                      | BRAM_18K| FF | LUT| URAM| Words | Bits| Banks| W*Bits*Banks|
    +------------------------------------------+----------------------------------------------------------------------------------+---------+----+----+-----+-------+-----+------+-------------+
    |CGRA_NumTiles_shapes_values_U             |CurOptPotentialPlacement_List_BypassLess_Gen_CGRA_NumTiles_shapes_values_ROM_g8j  |        0|   4|   2|    0|     20|    4|     1|           80|
    |DFG_NodesCount_kernels_values_U           |DFG_NodesCount_kernels_values_ROM_AUTO_1R                                         |        0|   6|   1|    0|      6|    6|     1|           36|
    |placement_static_kernels_values_U         |Reset_Pipeline_VITIS_LOOP_719_18_placement_static_kernels_values_ROM_AUTO_1R      |        1|   0|   0|    0|    600|    6|     1|         3600|
    |curOptPotentialPlacement_U                |curOptPotentialPlacement_RAM_AUTO_1R1W                                            |        0|  10|   2|    0|     16|    5|     1|           80|
    |dependency_predecessor_values_U           |dependency_predecessor_values_RAM_AUTO_1R1W                                       |        1|   0|   0|    0|   1000|    8|     1|         8000|
    |dependency_successor_values_U             |dependency_successor_values_RAM_AUTO_1R1W                                         |        1|   0|   0|    0|   2000|    8|     1|        16000|
    |mask_table_U                              |mask_table_ROM_AUTO_1R                                                            |        2|   0|   0|    0|     64|   52|     1|         3328|
    |placement_done_values_U                   |placement_done_values_RAM_AUTO_1R1W                                               |        0|   2|   2|    0|    100|    1|     1|          100|
    |placement_dynamic_bypass_U                |placement_dynamic_bypass_RAM_AUTO_1R1W                                            |        8|   0|   0|    0|  12800|    8|     1|       102400|
    |placement_dynamic_bypass_occupy_U         |placement_dynamic_bypass_occupy_RAM_AUTO_1R1W                                     |        2|   0|   0|    0|  25600|    1|     1|        25600|
    |placement_dynamic_dict_Opt2PC_keys_U      |placement_dynamic_dict_Opt2PC_keys_RAM_AUTO_1R1W                                  |        0|  16|  13|    0|    100|    8|     1|          800|
    |placement_dynamic_dict_Opt2PC_values_U    |placement_dynamic_dict_Opt2PC_keys_RAM_AUTO_1R1W                                  |        0|  16|  13|    0|    100|    8|     1|          800|
    |placement_dynamic_dict_Opt2Tile_keys_U    |placement_dynamic_dict_Opt2PC_keys_RAM_AUTO_1R1W                                  |        0|  16|  13|    0|    100|    8|     1|          800|
    |placement_dynamic_dict_Opt2Tile_values_U  |placement_dynamic_dict_Opt2Tile_values_RAM_AUTO_1R1W                              |        0|  10|   8|    0|    100|    5|     1|          500|
    |placement_dynamic_occupy_U                |placement_dynamic_occupy_RAM_AUTO_1R1W                                            |        1|   0|   0|    0|   1600|    1|     1|         1600|
    |predecessors_U                            |predecessors_RAM_AUTO_1R1W                                                        |        0|  16|   2|    0|     10|    8|     1|           80|
    +------------------------------------------+----------------------------------------------------------------------------------+---------+----+----+-----+-------+-----+------+-------------+
    |Total                                     |                                                                                  |       16|  96|  56|    0|  44216|  137|    16|       163804|
    +------------------------------------------+----------------------------------------------------------------------------------+---------+----+----+-----+-------+-----+------+-------------+

    * FIFO: 
    N/A

    * Expression: 
    +--------------------------+----------+----+---+-----+------------+------------+
    |       Variable Name      | Operation| DSP| FF| LUT | Bitwidth P0| Bitwidth P1|
    +--------------------------+----------+----+---+-----+------------+------------+
    |add_ln513_fu_1017_p2      |         +|   0|  0|   12|          12|          11|
    |add_ln765_fu_680_p2       |         +|   0|  0|    7|           5|           3|
    |add_ln797_fu_1192_p2      |         +|   0|  0|    8|           8|           1|
    |data_V_1_fu_852_p2        |         +|   0|  0|   64|          64|          64|
    |grp_fu_526_p2             |         +|   0|  0|    7|           5|           4|
    |grp_fu_549_p2             |         +|   0|  0|    7|           5|           3|
    |startII_5_fu_1198_p2      |         +|   0|  0|    8|           8|           1|
    |result_V_2_fu_1099_p2     |         -|   0|  0|    8|           1|           8|
    |sub_ln1364_fu_1031_p2     |         -|   0|  0|   11|          10|          11|
    |sub_ln778_1_fu_612_p2     |         -|   0|  0|    7|           1|           5|
    |sub_ln778_fu_570_p2       |         -|   0|  0|   17|           1|          17|
    |and_ln1034_fu_961_p2      |       and|   0|  0|    1|           1|           1|
    |and_ln21_1_fu_927_p2      |       and|   0|  0|    1|           1|           1|
    |and_ln21_fu_829_p2        |       and|   0|  0|    1|           1|           1|
    |xs_sig_V_fu_902_p2        |       and|   0|  0|   52|          52|          52|
    |grp_fu_543_p2             |      icmp|   0|  0|    1|           2|           1|
    |icmp_ln1018_1_fu_824_p2   |      icmp|   0|  0|    5|          11|           1|
    |icmp_ln1018_fu_819_p2     |      icmp|   0|  0|   18|          52|           1|
    |icmp_ln1034_1_fu_814_p2   |      icmp|   0|  0|    5|          11|          11|
    |icmp_ln1034_fu_809_p2     |      icmp|   0|  0|    5|          11|          10|
    |icmp_ln224_fu_1124_p2     |      icmp|   0|  0|    3|           6|           1|
    |icmp_ln760_fu_650_p2      |      icmp|   0|  0|    2|           4|           1|
    |icmp_ln765_fu_695_p2      |      icmp|   0|  0|    2|           4|           1|
    |icmp_ln766_fu_674_p2      |      icmp|   0|  0|    2|           3|           1|
    |icmp_ln793_fu_1186_p2     |      icmp|   0|  0|    4|           8|           8|
    |r_V_fu_1057_p2            |      lshr|   0|  0|  370|         113|         113|
    |or_ln1034_fu_941_p2       |        or|   0|  0|    1|           1|           1|
    |or_ln21_fu_922_p2         |        or|   0|  0|    1|           1|           1|
    |xs_sign_V_fu_880_p2       |        or|   0|  0|    1|           1|           1|
    |dc_1_fu_967_p3            |    select|   0|  0|   64|           1|          64|
    |result_V_fu_1104_p3       |    select|   0|  0|    8|           1|           8|
    |select_ln1034_fu_947_p3   |    select|   0|  0|   64|           1|          64|
    |select_ln21_fu_933_p3     |    select|   0|  0|   64|           1|          64|
    |select_ln778_1_fu_625_p3  |    select|   0|  0|    5|           1|           5|
    |select_ln778_fu_604_p3    |    select|   0|  0|    5|           1|           5|
    |select_ln793_fu_1203_p3   |    select|   0|  0|    8|           1|           8|
    |startII_6_fu_1211_p3      |    select|   0|  0|    8|           1|           8|
    |startII_fu_1130_p3        |    select|   0|  0|    7|           1|           3|
    |ush_fu_1041_p3            |    select|   0|  0|   12|           1|          12|
    |val_fu_1091_p3            |    select|   0|  0|    8|           1|           8|
    |xs_exp_V_fu_885_p3        |    select|   0|  0|   11|           1|          11|
    |xs_sig_V_3_fu_891_p3      |    select|   0|  0|   52|           1|          52|
    |r_V_1_fu_1063_p2          |       shl|   0|  0|  370|         113|         113|
    |xor_ln1034_fu_955_p2      |       xor|   0|  0|    2|           1|           2|
    |xor_ln1496_fu_897_p2      |       xor|   0|  0|   52|          52|           2|
    +--------------------------+----------+----+---+-----+------------+------------+
    |Total                     |          |   0|  0| 1371|         582|         764|
    +--------------------------+----------+----+---+-----+------------+------------+

    * Multiplexer: 
    +-------------------------------------------------+-----+-----------+-----+-----------+
    |                       Name                      | LUT | Input Size| Bits| Total Bits|
    +-------------------------------------------------+-----+-----------+-----+-----------+
    |CGRA_NumTiles_shapes_values_address0             |   13|          3|    5|         15|
    |DFG_NodesCount_kernels_values_address0           |   21|          5|    3|         15|
    |DFG_NodesCount_kernels_values_ce0                |   17|          4|    1|          4|
    |IDX_pd                                           |    9|          2|    8|         16|
    |IDX_pd_bypass                                    |    9|          2|    8|         16|
    |IDX_pd_modulo                                    |    9|          2|    7|         14|
    |ap_NS_fsm                                        |  257|         60|    1|         60|
    |ap_phi_mux_empty_phi_fu_318_p14                  |   17|          4|    5|         20|
    |bypassOpt                                        |    9|          2|    8|         16|
    |bypassOptIdx                                     |    9|          2|    8|         16|
    |bypassOpt_wrAddr                                 |    9|          2|    8|         16|
    |bypassSrcOpt                                     |    9|          2|    8|         16|
    |bypassSrcTile                                    |    9|          2|    5|         10|
    |bypassTgtOpt                                     |    9|          2|    7|         14|
    |bypassTgtTile                                    |    9|          2|    4|          8|
    |curOptPotentialPlacement_address0                |   13|          3|    4|         12|
    |curOptPotentialPlacement_ce0                     |   13|          3|    1|          3|
    |curOptPotentialPlacement_d0                      |   13|          3|    5|         15|
    |curOptPotentialPlacement_we0                     |   13|          3|    1|          3|
    |dependency_backward                              |    9|          2|    1|          2|
    |dependency_forward                               |    9|          2|    1|          2|
    |dependency_predecessor_values_address0           |   13|          3|   10|         30|
    |dependency_predecessor_values_ce0                |   13|          3|    1|          3|
    |dependency_predecessor_values_d0                 |   13|          3|    8|         24|
    |dependency_predecessor_values_we0                |   13|          3|    1|          3|
    |dependency_successor_values_address0             |   13|          3|   11|         33|
    |dependency_successor_values_ce0                  |   13|          3|    1|          3|
    |dependency_successor_values_d0                   |   13|          3|    8|         24|
    |dependency_successor_values_we0                  |   13|          3|    1|          3|
    |idx_pd_r                                         |    9|          2|    4|          8|
    |placement_done_values_address0                   |   13|          3|    7|         21|
    |placement_done_values_ce0                        |   13|          3|    1|          3|
    |placement_done_values_d0                         |   13|          3|    1|          3|
    |placement_done_values_we0                        |   13|          3|    1|          3|
    |placement_dynamic_bypass_address0                |   13|          3|   14|         42|
    |placement_dynamic_bypass_ce0                     |   13|          3|    1|          3|
    |placement_dynamic_bypass_d0                      |   13|          3|    8|         24|
    |placement_dynamic_bypass_occupy_address0         |   13|          3|   15|         45|
    |placement_dynamic_bypass_occupy_ce0              |   13|          3|    1|          3|
    |placement_dynamic_bypass_occupy_ce1              |    9|          2|    1|          2|
    |placement_dynamic_bypass_occupy_d0               |   13|          3|    1|          3|
    |placement_dynamic_bypass_occupy_we0              |   13|          3|    1|          3|
    |placement_dynamic_bypass_we0                     |   13|          3|    1|          3|
    |placement_dynamic_dict_Opt2PC_keys_address0      |   13|          3|    7|         21|
    |placement_dynamic_dict_Opt2PC_keys_ce0           |   13|          3|    1|          3|
    |placement_dynamic_dict_Opt2PC_keys_d0            |   13|          3|    8|         24|
    |placement_dynamic_dict_Opt2PC_keys_we0           |   13|          3|    1|          3|
    |placement_dynamic_dict_Opt2PC_values_address0    |   13|          3|    7|         21|
    |placement_dynamic_dict_Opt2PC_values_ce0         |   13|          3|    1|          3|
    |placement_dynamic_dict_Opt2PC_values_d0          |   13|          3|    8|         24|
    |placement_dynamic_dict_Opt2PC_values_we0         |   13|          3|    1|          3|
    |placement_dynamic_dict_Opt2Tile_keys_address0    |   13|          3|    7|         21|
    |placement_dynamic_dict_Opt2Tile_keys_ce0         |   13|          3|    1|          3|
    |placement_dynamic_dict_Opt2Tile_keys_d0          |   13|          3|    8|         24|
    |placement_dynamic_dict_Opt2Tile_keys_we0         |   13|          3|    1|          3|
    |placement_dynamic_dict_Opt2Tile_values_address0  |   13|          3|    7|         21|
    |placement_dynamic_dict_Opt2Tile_values_ce0       |   13|          3|    1|          3|
    |placement_dynamic_dict_Opt2Tile_values_ce1       |    9|          2|    1|          2|
    |placement_dynamic_dict_Opt2Tile_values_d0        |   13|          3|    5|         15|
    |placement_dynamic_dict_Opt2Tile_values_we0       |   13|          3|    1|          3|
    |placement_dynamic_occupy_address0                |   13|          3|   11|         33|
    |placement_dynamic_occupy_ce0                     |   13|          3|    1|          3|
    |placement_dynamic_occupy_d0                      |   13|          3|    1|          3|
    |placement_dynamic_occupy_we0                     |   13|          3|    1|          3|
    |placement_static_kernels_values_address0         |   13|          3|   10|         30|
    |placement_static_kernels_values_ce0              |    9|          2|    1|          2|
    |predTile1                                        |    9|          2|    4|          8|
    |predecessors_address0                            |   13|          3|    4|         12|
    |predecessors_ce0                                 |   13|          3|    1|          3|
    |predecessors_d0                                  |   13|          3|    8|         24|
    |predecessors_we0                                 |   13|          3|    1|          3|
    |shape_idx                                        |   13|          3|    5|         15|
    |startII_1_fu_254                                 |    9|          2|    8|         16|
    |storemerge2_fu_258                               |    9|          2|    8|         16|
    +-------------------------------------------------+-----+-----------+-----+-----------+
    |Total                                            | 1146|        264|  327|        950|
    +-------------------------------------------------+-----+-----------+-----+-----------+

    * Register: 
    +---------------------------------------------------+----+----+-----+-----------+
    |                        Name                       | FF | LUT| Bits| Const Bits|
    +---------------------------------------------------+----+----+-----+-----------+
    |CGRA_NumTiles_shapes_values_load_reg_1299          |   4|   0|    4|          0|
    |DFG_NodesCount_kernels_values_load_reg_1294        |   6|   0|    6|          0|
    |DynamicPlacement_II                                |   8|   0|    8|          0|
    |IDX_pd                                             |   8|   0|    8|          0|
    |IDX_pd_bypass                                      |   8|   0|    8|          0|
    |IDX_pd_modulo                                      |   7|   0|    7|          0|
    |ap_CS_fsm                                          |  59|   0|   59|          0|
    |bypassOpt                                          |   8|   0|    8|          0|
    |bypassOptIdx                                       |   8|   0|    8|          0|
    |bypassOpt_wrAddr                                   |   8|   0|    8|          0|
    |bypassSrcOpt                                       |   8|   0|    8|          0|
    |bypassSrcTile                                      |   5|   0|    5|          0|
    |bypassTgtOpt                                       |   7|   0|    7|          0|
    |bypassTgtTile                                      |   4|   0|    4|          0|
    |conv5_i_reg_1314                                   |  64|   0|   64|          0|
    |conv7_i_reg_1319                                   |  64|   0|   64|          0|
    |dc_1_reg_1369                                      |  64|   0|   64|          0|
    |dc_reg_1324                                        |  64|   0|   64|          0|
    |dependency_backward                                |   1|   0|    1|          0|
    |dependency_forward                                 |   1|   0|    1|          0|
    |grp_Reset_fu_334_ap_start_reg                      |   1|   0|    1|          0|
    |grp_dynamic_placement_routing_fu_400_ap_start_reg  |   1|   0|    1|          0|
    |icmp_ln760_reg_1254                                |   1|   0|    1|          0|
    |idx_pd_r                                           |   4|   0|    4|          0|
    |kernel_idx                                         |   3|   0|    3|          0|
    |mask_reg_1363                                      |  52|   0|   52|          0|
    |p_Result_2_reg_1358                                |  63|   0|   63|          0|
    |p_Result_5_reg_1374                                |   1|   0|    1|          0|
    |p_Result_s_reg_1330                                |   1|   0|    1|          0|
    |predTile1                                          |   4|   0|    4|          0|
    |select_ln778_1_reg_1248                            |   5|   0|    5|          0|
    |shape_idx                                          |   5|   0|    5|          0|
    |startII_1_fu_254                                   |   8|   0|    8|          0|
    |storemerge2_fu_258                                 |   8|   0|    8|          0|
    |sub_ln778_1_reg_1243                               |   5|   0|    5|          0|
    |threshold                                          |   8|   0|    8|          0|
    |tmp_20_reg_1339                                    |  11|   0|   11|          0|
    |tmp_21_reg_1347                                    |  52|   0|   52|          0|
    |tmp_2_cast_reg_1238                                |   5|   0|    5|          0|
    |tmp_reg_1233                                       |   1|   0|    1|          0|
    |val_reg_1379                                       |   8|   0|    8|          0|
    +---------------------------------------------------+----+----+-----+-----------+
    |Total                                              | 653|   0|  653|          0|
    +---------------------------------------------------+----+----+-----+-----------+



================================================================
== Interface
================================================================
* Summary: 
+-------------------+-----+-----+------------+--------------+--------------+
|     RTL Ports     | Dir | Bits|  Protocol  | Source Object|    C Type    |
+-------------------+-----+-----+------------+--------------+--------------+
|ap_local_block     |  out|    1|  ap_ctrl_hs|        runOne|  return value|
|ap_local_deadlock  |  out|    1|  ap_ctrl_hs|        runOne|  return value|
|ap_clk             |   in|    1|  ap_ctrl_hs|        runOne|  return value|
|ap_rst             |   in|    1|  ap_ctrl_hs|        runOne|  return value|
|ap_start           |   in|    1|  ap_ctrl_hs|        runOne|  return value|
|ap_done            |  out|    1|  ap_ctrl_hs|        runOne|  return value|
|ap_idle            |  out|    1|  ap_ctrl_hs|        runOne|  return value|
|ap_ready           |  out|    1|  ap_ctrl_hs|        runOne|  return value|
|ap_return          |  out|    8|  ap_ctrl_hs|        runOne|  return value|
|testCaseIdx        |   in|    8|     ap_none|   testCaseIdx|        scalar|
+-------------------+-----+-----+------------+--------------+--------------+

